#
# There is insufficient memory for the Java Runtime Environment to continue.
# Native memory allocation (mmap) failed to map 1835008 bytes for G1 virtual space
# Possible reasons:
#   The system is out of physical RAM or swap space
#   The process is running with CompressedOops enabled, and the Java Heap may be blocking the growth of the native heap
# Possible solutions:
#   Reduce memory load on the system
#   Increase physical memory or swap space
#   Check if swap backing store is full
#   Decrease Java heap size (-Xmx/-Xms)
#   Decrease number of Java threads
#   Decrease Java thread stack sizes (-Xss)
#   Set larger code cache with -XX:ReservedCodeCacheSize=
#   JVM is running with Unscaled Compressed Oops mode in which the Java heap is
#     placed in the first 4GB address space. The Java Heap base address is the
#     maximum limit for the native heap growth. Please use -XX:HeapBaseMinAddress
#     to set the Java Heap base and to place the Java Heap above 4GB virtual address.
# This output file may be truncated or incomplete.
#
#  Out of Memory Error (os_windows.cpp:3541), pid=7860, tid=4656
#
# JRE version:  (17.0.4+8) (build )
# Java VM: OpenJDK 64-Bit Server VM (17.0.4+8, mixed mode, emulated-client, sharing, tiered, compressed oops, compressed class ptrs, g1 gc, windows-amd64)
# No core dump will be written. Minidumps are not enabled by default on client versions of Windows
#

---------------  S U M M A R Y ------------

Command Line: -Dsts.lsp.client=vscode -Dsts.log.file=/dev/null -XX:TieredStopAtLevel=1 -Dspring.config.location=file:c:\Users\balis\.vscode\extensions\pivotal.vscode-spring-boot-1.38.0\language-server\BOOT-INF\classes\application.properties org.springframework.ide.vscode.boot.app.BootLanguageServerBootApp

Host: AMD Athlon 200GE with Radeon Vega Graphics     , 4 cores, 6G,  Windows 10 , 64 bit Build 19041 (10.0.19041.1889)
Time: Wed Aug 17 04:40:26 2022 SE Asia Standard Time elapsed time: 0.014934 seconds (0d 0h 0m 0s)

---------------  T H R E A D  ---------------

Current thread (0x00000165a9687390):  JavaThread "Unknown thread" [_thread_in_vm, id=4656, stack(0x00000032eff00000,0x00000032f0000000)]

Stack: [0x00000032eff00000,0x00000032f0000000]
Native frames: (J=compiled Java code, j=interpreted, Vv=VM code, C=native code)
V  [jvm.dll+0x67733a]
V  [jvm.dll+0x8323c4]
V  [jvm.dll+0x833b6e]
V  [jvm.dll+0x8341d3]
V  [jvm.dll+0x2455e5]
V  [jvm.dll+0x674229]
V  [jvm.dll+0x668ab2]
V  [jvm.dll+0x30458b]
V  [jvm.dll+0x30bad6]
V  [jvm.dll+0x35baa8]
V  [jvm.dll+0x35bcaf]
V  [jvm.dll+0x2db428]
V  [jvm.dll+0x2dc394]
V  [jvm.dll+0x803ef1]
V  [jvm.dll+0x3698d1]
V  [jvm.dll+0x7e320c]
V  [jvm.dll+0x3ec23f]
V  [jvm.dll+0x3eddc1]
C  [jli.dll+0x5277]
C  [ucrtbase.dll+0x21bb2]
C  [KERNEL32.DLL+0x17034]
C  [ntdll.dll+0x52651]


---------------  P R O C E S S  ---------------

Threads class SMR info:
_java_thread_list=0x00007ffc2bb94e98, length=0, elements={
}

Java Threads: ( => current thread )

Other Threads:
  0x00000165a96d7e40 GCTaskThread "GC Thread#0" [stack: 0x00000032f0000000,0x00000032f0100000] [id=18180]
  0x00000165a96e7f10 ConcurrentGCThread "G1 Main Marker" [stack: 0x00000032f0100000,0x00000032f0200000] [id=7556]
  0x00000165a96ea840 ConcurrentGCThread "G1 Conc#0" [stack: 0x00000032f0200000,0x00000032f0300000] [id=11068]

[error occurred during error reporting (printing all threads), id 0xc0000005, EXCEPTION_ACCESS_VIOLATION (0xc0000005) at pc=0x00007ffc2b36beb7]

VM state: not at safepoint (not fully initialized)

VM Mutex/Monitor currently owned by a thread:  ([mutex/lock_event])
[0x00000165a956db80] Heap_lock - owner thread: 0x00000165a9687390

Heap address: 0x0000000090c00000, size: 1780 MB, Compressed Oops mode: 32-bit

CDS archive(s) mapped at: [0x0000000000000000-0x0000000000000000-0x0000000000000000), size 0, SharedBaseAddress: 0x0000000800000000, ArchiveRelocationMode: 0.
Narrow klass base: 0x0000000000000000, Narrow klass shift: 0, Narrow klass range: 0x0

GC Precious Log:
<Empty>

Heap:
 garbage-first heap   total 0K, used 0K [0x0000000090c00000, 0x0000000100000000)
  region size 1024K, 0 young (0K), 0 survivors (0K)

[error occurred during error reporting (printing heap information), id 0xc0000005, EXCEPTION_ACCESS_VIOLATION (0xc0000005) at pc=0x00007ffc2b7506b9]

GC Heap History (0 events):
No events

Deoptimization events (0 events):
No events

Classes unloaded (0 events):
No events

Classes redefined (0 events):
No events

Internal exceptions (0 events):
No events

VM Operations (0 events):
No events

Events (1 events):
Event: 0.009 Loaded shared library c:\Users\balis\.vscode\extensions\redhat.java-1.10.2022081204-win32-x64\jre\17.0.4-win32-x86_64\bin\java.dll


Dynamic libraries:
0x00007ff7de200000 - 0x00007ff7de20e000 	c:\Users\balis\.vscode\extensions\redhat.java-1.10.2022081204-win32-x64\jre\17.0.4-win32-x86_64\bin\java.exe
0x00007ffca3730000 - 0x00007ffca3928000 	C:\Windows\SYSTEM32\ntdll.dll
0x00007ffca3000000 - 0x00007ffca30bd000 	C:\Windows\System32\KERNEL32.DLL
0x00007ffca0e80000 - 0x00007ffca114e000 	C:\Windows\System32\KERNELBASE.dll
0x00007ffca1230000 - 0x00007ffca1330000 	C:\Windows\System32\ucrtbase.dll
0x00007ffc914b0000 - 0x00007ffc914c8000 	c:\Users\balis\.vscode\extensions\redhat.java-1.10.2022081204-win32-x64\jre\17.0.4-win32-x86_64\bin\jli.dll
0x00007ffca1fc0000 - 0x00007ffca2160000 	C:\Windows\System32\USER32.dll
0x00007ffca1200000 - 0x00007ffca1222000 	C:\Windows\System32\win32u.dll
0x00007ffca1dd0000 - 0x00007ffca1dfa000 	C:\Windows\System32\GDI32.dll
0x00007ffca1680000 - 0x00007ffca178b000 	C:\Windows\System32\gdi32full.dll
0x00007ffca1330000 - 0x00007ffca13cd000 	C:\Windows\System32\msvcp_win.dll
0x00007ffc91450000 - 0x00007ffc91469000 	c:\Users\balis\.vscode\extensions\redhat.java-1.10.2022081204-win32-x64\jre\17.0.4-win32-x86_64\bin\VCRUNTIME140.dll
0x00007ffc8e420000 - 0x00007ffc8e6ba000 	C:\Windows\WinSxS\amd64_microsoft.windows.common-controls_6595b64144ccf1df_6.0.19041.1110_none_60b5254171f9507e\COMCTL32.dll
0x00007ffca26b0000 - 0x00007ffca274e000 	C:\Windows\System32\msvcrt.dll
0x00007ffca27b0000 - 0x00007ffca27e0000 	C:\Windows\System32\IMM32.DLL
0x00007ffc9c0e0000 - 0x00007ffc9c0ec000 	c:\Users\balis\.vscode\extensions\redhat.java-1.10.2022081204-win32-x64\jre\17.0.4-win32-x86_64\bin\vcruntime140_1.dll
0x00007ffc375e0000 - 0x00007ffc37671000 	c:\Users\balis\.vscode\extensions\redhat.java-1.10.2022081204-win32-x64\jre\17.0.4-win32-x86_64\bin\msvcp140.dll
0x00007ffc2b080000 - 0x00007ffc2bcc6000 	c:\Users\balis\.vscode\extensions\redhat.java-1.10.2022081204-win32-x64\jre\17.0.4-win32-x86_64\bin\server\jvm.dll
0x00007ffca2430000 - 0x00007ffca24de000 	C:\Windows\System32\ADVAPI32.dll
0x00007ffca3650000 - 0x00007ffca36ec000 	C:\Windows\System32\sechost.dll
0x00007ffca1e00000 - 0x00007ffca1f25000 	C:\Windows\System32\RPCRT4.dll
0x00007ffca31d0000 - 0x00007ffca31d8000 	C:\Windows\System32\PSAPI.DLL
0x00007ffc96820000 - 0x00007ffc96847000 	C:\Windows\SYSTEM32\WINMM.dll
0x00007ffc9b850000 - 0x00007ffc9b859000 	C:\Windows\SYSTEM32\WSOCK32.dll
0x00007ffca23c0000 - 0x00007ffca242b000 	C:\Windows\System32\WS2_32.dll
0x00007ffc979f0000 - 0x00007ffc979fa000 	C:\Windows\SYSTEM32\VERSION.dll
0x00007ffc9ed30000 - 0x00007ffc9ed42000 	C:\Windows\SYSTEM32\kernel.appcore.dll
0x00007ffc9c070000 - 0x00007ffc9c07a000 	c:\Users\balis\.vscode\extensions\redhat.java-1.10.2022081204-win32-x64\jre\17.0.4-win32-x86_64\bin\jimage.dll
0x00007ffc99880000 - 0x00007ffc99a64000 	C:\Windows\SYSTEM32\DBGHELP.DLL
0x00007ffc8b570000 - 0x00007ffc8b59c000 	C:\Windows\SYSTEM32\dbgcore.DLL
0x00007ffca13d0000 - 0x00007ffca1452000 	C:\Windows\System32\bcryptPrimitives.dll
0x00007ffc6f730000 - 0x00007ffc6f755000 	c:\Users\balis\.vscode\extensions\redhat.java-1.10.2022081204-win32-x64\jre\17.0.4-win32-x86_64\bin\java.dll

dbghelp: loaded successfully - version: 4.0.5 - missing functions: none
symbol engine: initialized successfully - sym options: 0x614 - pdb path: .;c:\Users\balis\.vscode\extensions\redhat.java-1.10.2022081204-win32-x64\jre\17.0.4-win32-x86_64\bin;C:\Windows\SYSTEM32;C:\Windows\WinSxS\amd64_microsoft.windows.common-controls_6595b64144ccf1df_6.0.19041.1110_none_60b5254171f9507e;c:\Users\balis\.vscode\extensions\redhat.java-1.10.2022081204-win32-x64\jre\17.0.4-win32-x86_64\bin\server

VM Arguments:
jvm_args: -Dsts.lsp.client=vscode -Dsts.log.file=/dev/null -XX:TieredStopAtLevel=1 -Dspring.config.location=file:c:\Users\balis\.vscode\extensions\pivotal.vscode-spring-boot-1.38.0\language-server\BOOT-INF\classes\application.properties 
java_command: org.springframework.ide.vscode.boot.app.BootLanguageServerBootApp
java_class_path (initial): c:\Users\balis\.vscode\extensions\pivotal.vscode-spring-boot-1.38.0\language-server\BOOT-INF\classes;c:\Users\balis\.vscode\extensions\pivotal.vscode-spring-boot-1.38.0\language-server\BOOT-INF\lib\annotations-23.0.0.jar;c:\Users\balis\.vscode\extensions\pivotal.vscode-spring-boot-1.38.0\language-server\BOOT-INF\lib\antlr-runtime-3.5.2.jar;c:\Users\balis\.vscode\extensions\pivotal.vscode-spring-boot-1.38.0\language-server\BOOT-INF\lib\antlr4-4.9.3.jar;c:\Users\balis\.vscode\extensions\pivotal.vscode-spring-boot-1.38.0\language-server\BOOT-INF\lib\antlr4-runtime-4.9.3.jar;c:\Users\balis\.vscode\extensions\pivotal.vscode-spring-boot-1.38.0\language-server\BOOT-INF\lib\asm-9.3.jar;c:\Users\balis\.vscode\extensions\pivotal.vscode-spring-boot-1.38.0\language-server\BOOT-INF\lib\asm-analysis-9.3.jar;c:\Users\balis\.vscode\extensions\pivotal.vscode-spring-boot-1.38.0\language-server\BOOT-INF\lib\asm-tree-9.3.jar;c:\Users\balis\.vscode\extensions\pivotal.vscode-spring-boot-1.38.0\language-server\BOOT-INF\lib\asm-util-9.3.jar;c:\Users\balis\.vscode\extensions\pivotal.vscode-spring-boot-1.38.0\language-server\BOOT-INF\lib\byte-buddy-1.10.18.jar;c:\Users\balis\.vscode\extensions\pivotal.vscode-spring-boot-1.38.0\language-server\BOOT-INF\lib\caffeine-2.8.6.jar;c:\Users\balis\.vscode\extensions\pivotal.vscode-spring-boot-1.38.0\language-server\BOOT-INF\lib\checker-qual-3.12.0.jar;c:\Users\balis\.vscode\extensions\pivotal.vscode-spring-boot-1.38.0\language-server\BOOT-INF\lib\classgraph-4.8.149.jar;c:\Users\balis\.vscode\extensions\pivotal.vscode-spring-boot-1.38.0\language-server\BOOT-INF\lib\commons-codec-1.14.jar;c:\Users\balis\.vscode\extensions\pivotal.vscode-spring-boot-1.38.0\language-server\BOOT-INF\lib\commons-compress-1.21.jar;c:\Users\balis\.vscode\extensions\pivotal.vscode-spring-boot-1.38.0\language-server\BOOT-INF\lib\commons-exec-1.3.jar;c:\Users\balis\.vscode\extensions\pivotal.vscode-spring-boot-1.38.0\language-server\BOOT-INF\lib\com
Launcher Type: SUN_STANDARD

[Global flags]
     intx CICompilerCount                          = 3                                         {product} {ergonomic}
     uint ConcGCThreads                            = 1                                         {product} {ergonomic}
     uint G1ConcRefinementThreads                  = 4                                         {product} {ergonomic}
   size_t G1HeapRegionSize                         = 1048576                                   {product} {ergonomic}
    uintx GCDrainStackTargetSize                   = 64                                        {product} {ergonomic}
   size_t InitialHeapSize                          = 117440512                                 {product} {ergonomic}
   size_t MarkStackSize                            = 4194304                                   {product} {ergonomic}
   size_t MaxHeapSize                              = 1866465280                                {product} {ergonomic}
   size_t MinHeapDeltaBytes                        = 1048576                                   {product} {ergonomic}
   size_t MinHeapSize                              = 8388608                                   {product} {ergonomic}
    uintx NonProfiledCodeHeapSize                  = 0                                      {pd product} {ergonomic}
     bool ProfileInterpreter                       = false                                  {pd product} {command line}
    uintx ProfiledCodeHeapSize                     = 0                                      {pd product} {ergonomic}
   size_t SoftMaxHeapSize                          = 1866465280                             {manageable} {ergonomic}
     intx TieredStopAtLevel                        = 1                                         {product} {command line}
     bool UseCompressedClassPointers               = true                           {product lp64_product} {ergonomic}
     bool UseCompressedOops                        = true                           {product lp64_product} {ergonomic}
     bool UseG1GC                                  = true                                      {product} {ergonomic}
     bool UseLargePagesIndividualAllocation        = false                                  {pd product} {ergonomic}

Logging:
Log output configuration:
 #0: stdout all=warning uptime,level,tags
 #1: stderr all=off uptime,level,tags

Environment Variables:
JAVA_HOME=D:\Eclipse Adoptium\jdk-17.0.3.7-hotspot
PATH=D:\Eclipse Adoptium\jdk-17.0.3.7-hotspot\bin;D:\WINDOWS.X64_193000_db_home\bin;D:\apache-maven-3.8.6\bin;C:\Windows\system32;C:\Windows;C:\Windows\System32\Wbem;C:\Windows\System32\WindowsPowerShell\v1.0\;C:\Windows\System32\OpenSSH\;C:\Program Files (x86)\Microsoft SQL Server\150\DTS\Binn\;C:\Program Files\Microsoft SQL Server\150\DTS\Binn\;C:\Program Files\Microsoft SQL Server\Client SDK\ODBC\170\Tools\Binn\;C:\Program Files (x86)\Microsoft SQL Server\150\Tools\Binn\;C:\Program Files\Microsoft SQL Server\150\Tools\Binn\;D:\calibre\;C:\Program Files\Docker\Docker\resources\bin;C:\ProgramData\DockerDesktop\version-bin;C:\Program Files\dotnet\;D:\nodejs\;D:\Git\cmd;C:\Users\balis\.cargo\bin;C:\Users\balis\AppData\Local\Programs\Python\Python310\Scripts\;C:\Users\balis\AppData\Local\Programs\Python\Python310\;C:\Users\balis\AppData\Local\Microsoft\WindowsApps;D:\Microsoft VS Code\bin;C:\Program Files\heroku\bin;C:\Users\balis\AppData\Local\GitHubDesktop\bin;C:\Users\balis\AppData\Roaming\npm;C:\Users\balis\AppData\Local\JetBrains\Toolbox\scripts;C:\Users\balis\AppData\Local\Programs\Azure Data Studio\bin
USERNAME=balis
OS=Windows_NT
PROCESSOR_IDENTIFIER=AMD64 Family 23 Model 17 Stepping 0, AuthenticAMD
TMP=C:\Users\balis\AppData\Local\Temp
TEMP=C:\Users\balis\AppData\Local\Temp



---------------  S Y S T E M  ---------------

OS:
 Windows 10 , 64 bit Build 19041 (10.0.19041.1889)
OS uptime: 0 days 9:48 hours
Hyper-V role detected

CPU: total 4 (initial active 4) (4 cores per cpu, 2 threads per core) family 23 model 17 stepping 0 microcode 0x0, cx8, cmov, fxsr, ht, mmx, 3dnowpref, sse, sse2, sse3, ssse3, sse4a, sse4.1, sse4.2, popcnt, lzcnt, tsc, tscinvbit, avx, avx2, aes, clmul, bmi1, bmi2, adx, sha, fma, vzeroupper, clflush, clflushopt, hv

Memory: 4k page, system-wide physical 7116M (499M free)
TotalPageFile size 22778M (AvailPageFile size 8M)
current process WorkingSet (physical memory assigned to process): 10M, peak: 10M
current process commit charge ("private bytes"): 160M, peak: 162M

vm_info: OpenJDK 64-Bit Server VM (17.0.4+8) for windows-amd64 JRE (17.0.4+8), built on Jul 19 2022 16:05:16 by "temurin" with MS VC++ 16.7 (VS2019)

END.
