#
# There is insufficient memory for the Java Runtime Environment to continue.
# Native memory allocation (mmap) failed to map 65536 bytes for Failed to commit metaspace.
# Possible reasons:
#   The system is out of physical RAM or swap space
#   The process is running with CompressedOops enabled, and the Java Heap may be blocking the growth of the native heap
# Possible solutions:
#   Reduce memory load on the system
#   Increase physical memory or swap space
#   Check if swap backing store is full
#   Decrease Java heap size (-Xmx/-Xms)
#   Decrease number of Java threads
#   Decrease Java thread stack sizes (-Xss)
#   Set larger code cache with -XX:ReservedCodeCacheSize=
#   JVM is running with Unscaled Compressed Oops mode in which the Java heap is
#     placed in the first 4GB address space. The Java Heap base address is the
#     maximum limit for the native heap growth. Please use -XX:HeapBaseMinAddress
#     to set the Java Heap base and to place the Java Heap above 4GB virtual address.
# This output file may be truncated or incomplete.
#
#  Out of Memory Error (virtualSpaceNode.cpp:110), pid=1952, tid=9872
#
# JRE version: OpenJDK Runtime Environment Temurin-17.0.4+8 (17.0.4+8) (build 17.0.4+8)
# Java VM: OpenJDK 64-Bit Server VM Temurin-17.0.4+8 (17.0.4+8, mixed mode, emulated-client, tiered, compressed oops, compressed class ptrs, g1 gc, windows-amd64)
# No core dump will be written. Minidumps are not enabled by default on client versions of Windows
#

---------------  S U M M A R Y ------------

Command Line: -Dsts.lsp.client=vscode -Dsts.log.file=/dev/null -XX:TieredStopAtLevel=1 -Dspring.config.location=file:c:\Users\balis\.vscode\extensions\pivotal.vscode-spring-boot-1.38.0\language-server\BOOT-INF\classes\application.properties org.springframework.ide.vscode.boot.app.BootLanguageServerBootApp

Host: AMD Athlon 200GE with Radeon Vega Graphics     , 4 cores, 6G,  Windows 10 , 64 bit Build 19041 (10.0.19041.1889)
Time: Wed Aug 17 04:40:26 2022 SE Asia Standard Time elapsed time: 1.134649 seconds (0d 0h 0m 1s)

---------------  T H R E A D  ---------------

Current thread (0x000001a8c922a850):  JavaThread "main" [_thread_in_vm, id=9872, stack(0x0000009be0f00000,0x0000009be1000000)]

Stack: [0x0000009be0f00000,0x0000009be1000000]
Native frames: (J=compiled Java code, j=interpreted, Vv=VM code, C=native code)
V  [jvm.dll+0x67733a]
V  [jvm.dll+0x8323c4]
V  [jvm.dll+0x833b6e]
V  [jvm.dll+0x8341d3]
V  [jvm.dll+0x2455e5]
V  [jvm.dll+0x82e36b]
V  [jvm.dll+0x61be16]
V  [jvm.dll+0x61be7a]
V  [jvm.dll+0x61e69a]
V  [jvm.dll+0x61c7b6]
V  [jvm.dll+0x24303c]
V  [jvm.dll+0x6cd80d]
V  [jvm.dll+0x6ce23f]
V  [jvm.dll+0x370313]
V  [jvm.dll+0x36f4f2]
V  [jvm.dll+0x36f498]
V  [jvm.dll+0x55df15]
V  [jvm.dll+0x55ce34]
V  [jvm.dll+0x3832e7]
V  [jvm.dll+0x38293f]
C  0x000001a8cbed91e2

Java frames: (J=compiled Java code, j=interpreted, Vv=VM code)
j  sun.util.resources.LocaleData$1.run()Ljava/util/ResourceBundle;+11 java.base@17.0.4
j  sun.util.resources.LocaleData$1.run()Ljava/lang/Object;+1 java.base@17.0.4
j  java.security.AccessController.executePrivileged(Ljava/security/PrivilegedAction;Ljava/security/AccessControlContext;Ljava/lang/Class;)Ljava/lang/Object;+29 java.base@17.0.4
j  java.security.AccessController.doPrivileged(Ljava/security/PrivilegedAction;)Ljava/lang/Object;+5 java.base@17.0.4
j  sun.util.resources.LocaleData.getBundle(Ljava/lang/String;Ljava/util/Locale;)Ljava/util/ResourceBundle;+9 java.base@17.0.4
j  sun.util.resources.LocaleData.getCalendarData(Ljava/util/Locale;)Ljava/util/ResourceBundle;+26 java.base@17.0.4
j  sun.util.locale.provider.LocaleResources.getCalendarData(Ljava/lang/String;)Ljava/lang/String;+68 java.base@17.0.4
j  sun.util.cldr.CLDRCalendarDataProviderImpl.findValue(Ljava/lang/String;Ljava/util/Locale;)I+64 java.base@17.0.4
j  sun.util.cldr.CLDRCalendarDataProviderImpl.getFirstDayOfWeek(Ljava/util/Locale;)I+3 java.base@17.0.4
j  sun.util.locale.provider.CalendarDataUtility$CalendarWeekParameterGetter.getObject(Ljava/util/spi/CalendarDataProvider;Ljava/util/Locale;Ljava/lang/String;[Ljava/lang/Object;)Ljava/lang/Integer;+114 java.base@17.0.4
j  sun.util.locale.provider.CalendarDataUtility$CalendarWeekParameterGetter.getObject(Ljava/util/spi/LocaleServiceProvider;Ljava/util/Locale;Ljava/lang/String;[Ljava/lang/Object;)Ljava/lang/Object;+9 java.base@17.0.4
j  sun.util.locale.provider.LocaleServiceProviderPool.getLocalizedObjectImpl(Lsun/util/locale/provider/LocaleServiceProviderPool$LocalizedObjectGetter;Ljava/util/Locale;ZLjava/lang/String;[Ljava/lang/Object;)Ljava/lang/Object;+93 java.base@17.0.4
j  sun.util.locale.provider.LocaleServiceProviderPool.getLocalizedObject(Lsun/util/locale/provider/LocaleServiceProviderPool$LocalizedObjectGetter;Ljava/util/Locale;Ljava/lang/Boolean;Ljava/lang/String;[Ljava/lang/Object;)Ljava/lang/Object;+11 java.base@17.0.4
j  sun.util.locale.provider.CalendarDataUtility.retrieveFirstDayOfWeek(Ljava/util/Locale;)I+280 java.base@17.0.4
j  java.util.Calendar.setWeekCountData(Ljava/util/Locale;)V+24 java.base@17.0.4
j  java.util.Calendar.<init>(Ljava/util/TimeZone;Ljava/util/Locale;)V+55 java.base@17.0.4
j  java.util.GregorianCalendar.<init>(Ljava/util/TimeZone;Ljava/util/Locale;Z)V+3 java.base@17.0.4
j  java.util.Calendar$Builder.build()Ljava/util/Calendar;+249 java.base@17.0.4
j  sun.util.locale.provider.CalendarProviderImpl.getInstance(Ljava/util/TimeZone;Ljava/util/Locale;)Ljava/util/Calendar;+21 java.base@17.0.4
j  java.util.Calendar.createCalendar(Ljava/util/TimeZone;Ljava/util/Locale;)Ljava/util/Calendar;+18 java.base@17.0.4
j  java.util.Calendar.getInstance(Ljava/util/Locale;)Ljava/util/Calendar;+5 java.base@17.0.4
j  java.text.SimpleDateFormat.initializeCalendar(Ljava/util/Locale;)V+27 java.base@17.0.4
j  java.text.SimpleDateFormat.<init>(Ljava/lang/String;Ljava/util/Locale;)V+43 java.base@17.0.4
j  java.text.SimpleDateFormat.<init>(Ljava/lang/String;)V+8 java.base@17.0.4
j  ch.qos.logback.core.util.CachingDateFormatter.<init>(Ljava/lang/String;)V+22
j  ch.qos.logback.classic.pattern.DateConverter.start()V+30
j  ch.qos.logback.core.pattern.ConverterUtil.startConverters(Lch/qos/logback/core/pattern/Converter;)V+47
j  ch.qos.logback.core.pattern.PatternLayoutBase.start()V+108
j  ch.qos.logback.classic.encoder.PatternLayoutEncoder.start()V+33
j  ch.qos.logback.core.joran.action.NestedComplexPropertyIA.end(Lch/qos/logback/core/joran/spi/InterpretationContext;Ljava/lang/String;)V+99
j  ch.qos.logback.core.joran.spi.Interpreter.callEndAction(Ljava/util/List;Ljava/lang/String;)V+39
j  ch.qos.logback.core.joran.spi.Interpreter.endElement(Ljava/lang/String;Ljava/lang/String;Ljava/lang/String;)V+58
j  ch.qos.logback.core.joran.spi.Interpreter.endElement(Lch/qos/logback/core/joran/event/EndEvent;)V+21
j  ch.qos.logback.core.joran.spi.EventPlayer.play(Ljava/util/List;)V+127
j  ch.qos.logback.core.joran.GenericConfigurator.doConfigure(Ljava/util/List;)V+24
j  ch.qos.logback.core.joran.GenericConfigurator.doConfigure(Lorg/xml/sax/InputSource;)V+30
j  ch.qos.logback.core.joran.GenericConfigurator.doConfigure(Ljava/io/InputStream;Ljava/lang/String;)V+16
j  ch.qos.logback.core.joran.GenericConfigurator.doConfigure(Ljava/net/URL;)V+31
j  ch.qos.logback.classic.util.ContextInitializer.configureByResource(Ljava/net/URL;)V+103
j  ch.qos.logback.classic.util.ContextInitializer.autoConfig()V+19
j  org.slf4j.impl.StaticLoggerBinder.init()V+11
j  org.slf4j.impl.StaticLoggerBinder.<clinit>()V+28
v  ~StubRoutines::call_stub
j  org.slf4j.LoggerFactory.bind()V+16
j  org.slf4j.LoggerFactory.performInitialization()V+0
j  org.slf4j.LoggerFactory.getILoggerFactory()Lorg/slf4j/ILoggerFactory;+22
j  org.slf4j.LoggerFactory.getLogger(Ljava/lang/String;)Lorg/slf4j/Logger;+0
j  reactor.util.Loggers$Slf4JLoggerFactory.getLogger(Ljava/lang/String;)Lreactor/util/Logger;+5
j  reactor.util.Loggers.useSl4jLoggers()V+17
j  reactor.util.Loggers.resetLoggerFactory()V+0
j  reactor.util.Loggers.<clinit>()V+0
v  ~StubRoutines::call_stub
j  reactor.core.publisher.Hooks.<clinit>()V+2
v  ~StubRoutines::call_stub
j  org.springframework.ide.vscode.boot.app.BootLanguageServerBootApp.main([Ljava/lang/String;)V+0
v  ~StubRoutines::call_stub

---------------  P R O C E S S  ---------------

Threads class SMR info:
_java_thread_list=0x000001a8d67b6a20, length=13, elements={
0x000001a8c922a850, 0x000001a8d537eba0, 0x000001a8d537f920, 0x000001a8d53962e0,
0x000001a8d5397e70, 0x000001a8d5398730, 0x000001a8d5d29410, 0x000001a8d5d2d5f0,
0x000001a8d5d2def0, 0x000001a8d5f1d930, 0x000001a8d5f387e0, 0x000001a8d5f36160,
0x000001a8d6333670
}

Java Threads: ( => current thread )
=>0x000001a8c922a850 JavaThread "main" [_thread_in_vm, id=9872, stack(0x0000009be0f00000,0x0000009be1000000)]
  0x000001a8d537eba0 JavaThread "Reference Handler" daemon [_thread_blocked, id=13440, stack(0x0000009be1600000,0x0000009be1700000)]
  0x000001a8d537f920 JavaThread "Finalizer" daemon [_thread_blocked, id=10656, stack(0x0000009be1700000,0x0000009be1800000)]
  0x000001a8d53962e0 JavaThread "Signal Dispatcher" daemon [_thread_blocked, id=11156, stack(0x0000009be1800000,0x0000009be1900000)]
  0x000001a8d5397e70 JavaThread "Attach Listener" daemon [_thread_blocked, id=18204, stack(0x0000009be1900000,0x0000009be1a00000)]
  0x000001a8d5398730 JavaThread "Service Thread" daemon [_thread_blocked, id=11348, stack(0x0000009be1a00000,0x0000009be1b00000)]
  0x000001a8d5d29410 JavaThread "Monitor Deflation Thread" daemon [_thread_blocked, id=1304, stack(0x0000009be1b00000,0x0000009be1c00000)]
  0x000001a8d5d2d5f0 JavaThread "C1 CompilerThread0" daemon [_thread_blocked, id=9712, stack(0x0000009be1c00000,0x0000009be1d00000)]
  0x000001a8d5d2def0 JavaThread "Sweeper thread" daemon [_thread_blocked, id=15396, stack(0x0000009be1d00000,0x0000009be1e00000)]
  0x000001a8d5f1d930 JavaThread "C1 CompilerThread1" daemon [_thread_blocked, id=17308, stack(0x0000009be1e00000,0x0000009be1f00000)]
  0x000001a8d5f387e0 JavaThread "Notification Thread" daemon [_thread_blocked, id=12328, stack(0x0000009be1f00000,0x0000009be2000000)]
  0x000001a8d5f36160 JavaThread "Common-Cleaner" daemon [_thread_blocked, id=10628, stack(0x0000009be2100000,0x0000009be2200000)]
  0x000001a8d6333670 JavaThread "C1 CompilerThread2" daemon [_thread_blocked, id=9056, stack(0x0000009be2400000,0x0000009be2500000)]

Other Threads:
  0x000001a8d5364b90 VMThread "VM Thread" [stack: 0x0000009be1500000,0x0000009be1600000] [id=6952]
  0x000001a8c92dbfc0 WatcherThread [stack: 0x0000009be2000000,0x0000009be2100000] [id=17816]
  0x000001a8c927b0b0 GCTaskThread "GC Thread#0" [stack: 0x0000009be1000000,0x0000009be1100000] [id=4652]
  0x000001a8d67a3c60 GCTaskThread "GC Thread#1" [stack: 0x0000009be2200000,0x0000009be2300000] [id=17904]
  0x000001a8d67dba50 GCTaskThread "GC Thread#2" [stack: 0x0000009be2300000,0x0000009be2400000] [id=18312]
  0x000001a8c928ad90 ConcurrentGCThread "G1 Main Marker" [stack: 0x0000009be1100000,0x0000009be1200000] [id=9812]
  0x000001a8c928ce60 ConcurrentGCThread "G1 Conc#0" [stack: 0x0000009be1200000,0x0000009be1300000] [id=12668]
  0x000001a8d51d20d0 ConcurrentGCThread "G1 Refine#0" [stack: 0x0000009be1300000,0x0000009be1400000] [id=8804]
  0x000001a8d51d2a00 ConcurrentGCThread "G1 Service" [stack: 0x0000009be1400000,0x0000009be1500000] [id=17536]

Threads with active compile tasks:

VM state: not at safepoint (normal execution)

VM Mutex/Monitor currently owned by a thread:  ([mutex/lock_event])
[0x000001a8c7099230] Metaspace_lock - owner thread: 0x000001a8c922a850

Heap address: 0x0000000090c00000, size: 1780 MB, Compressed Oops mode: 32-bit

CDS archive(s) not mapped
Compressed class space mapped at: 0x0000000100000000-0x0000000140000000, reserved size: 1073741824
Narrow klass base: 0x0000000000000000, Narrow klass shift: 3, Narrow klass range: 0x140000000

GC Precious Log:
 CPUs: 4 total, 4 available
 Memory: 7116M
 Large Page Support: Disabled
 NUMA Support: Disabled
 Compressed Oops: Enabled (32-bit)
 Heap Region Size: 1M
 Heap Min Capacity: 8M
 Heap Initial Capacity: 112M
 Heap Max Capacity: 1780M
 Pre-touch: Disabled
 Parallel Workers: 4
 Concurrent Workers: 1
 Concurrent Refinement Workers: 4
 Periodic GC: Disabled

Heap:
 garbage-first heap   total 114688K, used 12774K [0x0000000090c00000, 0x0000000100000000)
  region size 1024K, 9 young (9216K), 2 survivors (2048K)
 Metaspace       used 9021K, committed 9216K, reserved 1064960K
  class space    used 1013K, committed 1152K, reserved 1048576K

Heap Regions: E=young(eden), S=young(survivor), O=old, HS=humongous(starts), HC=humongous(continues), CS=collection set, F=free, OA=open archive, CA=closed archive, TAMS=top-at-mark-start (previous, next)
|   0|0x0000000090c00000, 0x0000000090d00000, 0x0000000090d00000|100%| O|  |TAMS 0x0000000090c00000, 0x0000000090c00000| Untracked 
|   1|0x0000000090d00000, 0x0000000090e00000, 0x0000000090e00000|100%| O|  |TAMS 0x0000000090d00000, 0x0000000090d00000| Untracked 
|   2|0x0000000090e00000, 0x0000000090f00000, 0x0000000090f00000|100%| O|  |TAMS 0x0000000090e00000, 0x0000000090e00000| Untracked 
|   3|0x0000000090f00000, 0x0000000091000000, 0x0000000091000000|100%| O|  |TAMS 0x0000000090f00000, 0x0000000090f00000| Untracked 
|   4|0x0000000091000000, 0x0000000091079a00, 0x0000000091100000| 47%| O|  |TAMS 0x0000000091000000, 0x0000000091000000| Untracked 
|   5|0x0000000091100000, 0x0000000091100000, 0x0000000091200000|  0%| F|  |TAMS 0x0000000091100000, 0x0000000091100000| Untracked 
|   6|0x0000000091200000, 0x0000000091200000, 0x0000000091300000|  0%| F|  |TAMS 0x0000000091200000, 0x0000000091200000| Untracked 
|   7|0x0000000091300000, 0x0000000091300000, 0x0000000091400000|  0%| F|  |TAMS 0x0000000091300000, 0x0000000091300000| Untracked 
|   8|0x0000000091400000, 0x0000000091400000, 0x0000000091500000|  0%| F|  |TAMS 0x0000000091400000, 0x0000000091400000| Untracked 
|   9|0x0000000091500000, 0x0000000091500000, 0x0000000091600000|  0%| F|  |TAMS 0x0000000091500000, 0x0000000091500000| Untracked 
|  10|0x0000000091600000, 0x0000000091600000, 0x0000000091700000|  0%| F|  |TAMS 0x0000000091600000, 0x0000000091600000| Untracked 
|  11|0x0000000091700000, 0x0000000091700000, 0x0000000091800000|  0%| F|  |TAMS 0x0000000091700000, 0x0000000091700000| Untracked 
|  12|0x0000000091800000, 0x0000000091800000, 0x0000000091900000|  0%| F|  |TAMS 0x0000000091800000, 0x0000000091800000| Untracked 
|  13|0x0000000091900000, 0x0000000091900000, 0x0000000091a00000|  0%| F|  |TAMS 0x0000000091900000, 0x0000000091900000| Untracked 
|  14|0x0000000091a00000, 0x0000000091a00000, 0x0000000091b00000|  0%| F|  |TAMS 0x0000000091a00000, 0x0000000091a00000| Untracked 
|  15|0x0000000091b00000, 0x0000000091b00000, 0x0000000091c00000|  0%| F|  |TAMS 0x0000000091b00000, 0x0000000091b00000| Untracked 
|  16|0x0000000091c00000, 0x0000000091c00000, 0x0000000091d00000|  0%| F|  |TAMS 0x0000000091c00000, 0x0000000091c00000| Untracked 
|  17|0x0000000091d00000, 0x0000000091d00000, 0x0000000091e00000|  0%| F|  |TAMS 0x0000000091d00000, 0x0000000091d00000| Untracked 
|  18|0x0000000091e00000, 0x0000000091e00000, 0x0000000091f00000|  0%| F|  |TAMS 0x0000000091e00000, 0x0000000091e00000| Untracked 
|  19|0x0000000091f00000, 0x0000000091f00000, 0x0000000092000000|  0%| F|  |TAMS 0x0000000091f00000, 0x0000000091f00000| Untracked 
|  20|0x0000000092000000, 0x0000000092000000, 0x0000000092100000|  0%| F|  |TAMS 0x0000000092000000, 0x0000000092000000| Untracked 
|  21|0x0000000092100000, 0x0000000092100000, 0x0000000092200000|  0%| F|  |TAMS 0x0000000092100000, 0x0000000092100000| Untracked 
|  22|0x0000000092200000, 0x0000000092200000, 0x0000000092300000|  0%| F|  |TAMS 0x0000000092200000, 0x0000000092200000| Untracked 
|  23|0x0000000092300000, 0x0000000092300000, 0x0000000092400000|  0%| F|  |TAMS 0x0000000092300000, 0x0000000092300000| Untracked 
|  24|0x0000000092400000, 0x0000000092400000, 0x0000000092500000|  0%| F|  |TAMS 0x0000000092400000, 0x0000000092400000| Untracked 
|  25|0x0000000092500000, 0x0000000092500000, 0x0000000092600000|  0%| F|  |TAMS 0x0000000092500000, 0x0000000092500000| Untracked 
|  26|0x0000000092600000, 0x0000000092600000, 0x0000000092700000|  0%| F|  |TAMS 0x0000000092600000, 0x0000000092600000| Untracked 
|  27|0x0000000092700000, 0x0000000092700000, 0x0000000092800000|  0%| F|  |TAMS 0x0000000092700000, 0x0000000092700000| Untracked 
|  28|0x0000000092800000, 0x0000000092800000, 0x0000000092900000|  0%| F|  |TAMS 0x0000000092800000, 0x0000000092800000| Untracked 
|  29|0x0000000092900000, 0x0000000092900000, 0x0000000092a00000|  0%| F|  |TAMS 0x0000000092900000, 0x0000000092900000| Untracked 
|  30|0x0000000092a00000, 0x0000000092a00000, 0x0000000092b00000|  0%| F|  |TAMS 0x0000000092a00000, 0x0000000092a00000| Untracked 
|  31|0x0000000092b00000, 0x0000000092b00000, 0x0000000092c00000|  0%| F|  |TAMS 0x0000000092b00000, 0x0000000092b00000| Untracked 
|  32|0x0000000092c00000, 0x0000000092c00000, 0x0000000092d00000|  0%| F|  |TAMS 0x0000000092c00000, 0x0000000092c00000| Untracked 
|  33|0x0000000092d00000, 0x0000000092d00000, 0x0000000092e00000|  0%| F|  |TAMS 0x0000000092d00000, 0x0000000092d00000| Untracked 
|  34|0x0000000092e00000, 0x0000000092e00000, 0x0000000092f00000|  0%| F|  |TAMS 0x0000000092e00000, 0x0000000092e00000| Untracked 
|  35|0x0000000092f00000, 0x0000000092f00000, 0x0000000093000000|  0%| F|  |TAMS 0x0000000092f00000, 0x0000000092f00000| Untracked 
|  36|0x0000000093000000, 0x0000000093000000, 0x0000000093100000|  0%| F|  |TAMS 0x0000000093000000, 0x0000000093000000| Untracked 
|  37|0x0000000093100000, 0x0000000093100000, 0x0000000093200000|  0%| F|  |TAMS 0x0000000093100000, 0x0000000093100000| Untracked 
|  38|0x0000000093200000, 0x0000000093200000, 0x0000000093300000|  0%| F|  |TAMS 0x0000000093200000, 0x0000000093200000| Untracked 
|  39|0x0000000093300000, 0x0000000093300000, 0x0000000093400000|  0%| F|  |TAMS 0x0000000093300000, 0x0000000093300000| Untracked 
|  40|0x0000000093400000, 0x0000000093400000, 0x0000000093500000|  0%| F|  |TAMS 0x0000000093400000, 0x0000000093400000| Untracked 
|  41|0x0000000093500000, 0x0000000093500000, 0x0000000093600000|  0%| F|  |TAMS 0x0000000093500000, 0x0000000093500000| Untracked 
|  42|0x0000000093600000, 0x0000000093600000, 0x0000000093700000|  0%| F|  |TAMS 0x0000000093600000, 0x0000000093600000| Untracked 
|  43|0x0000000093700000, 0x0000000093700000, 0x0000000093800000|  0%| F|  |TAMS 0x0000000093700000, 0x0000000093700000| Untracked 
|  44|0x0000000093800000, 0x0000000093800000, 0x0000000093900000|  0%| F|  |TAMS 0x0000000093800000, 0x0000000093800000| Untracked 
|  45|0x0000000093900000, 0x0000000093900000, 0x0000000093a00000|  0%| F|  |TAMS 0x0000000093900000, 0x0000000093900000| Untracked 
|  46|0x0000000093a00000, 0x0000000093a00000, 0x0000000093b00000|  0%| F|  |TAMS 0x0000000093a00000, 0x0000000093a00000| Untracked 
|  47|0x0000000093b00000, 0x0000000093b00000, 0x0000000093c00000|  0%| F|  |TAMS 0x0000000093b00000, 0x0000000093b00000| Untracked 
|  48|0x0000000093c00000, 0x0000000093c00000, 0x0000000093d00000|  0%| F|  |TAMS 0x0000000093c00000, 0x0000000093c00000| Untracked 
|  49|0x0000000093d00000, 0x0000000093d00000, 0x0000000093e00000|  0%| F|  |TAMS 0x0000000093d00000, 0x0000000093d00000| Untracked 
|  50|0x0000000093e00000, 0x0000000093e00000, 0x0000000093f00000|  0%| F|  |TAMS 0x0000000093e00000, 0x0000000093e00000| Untracked 
|  51|0x0000000093f00000, 0x0000000093f00000, 0x0000000094000000|  0%| F|  |TAMS 0x0000000093f00000, 0x0000000093f00000| Untracked 
|  52|0x0000000094000000, 0x0000000094000000, 0x0000000094100000|  0%| F|  |TAMS 0x0000000094000000, 0x0000000094000000| Untracked 
|  53|0x0000000094100000, 0x0000000094100000, 0x0000000094200000|  0%| F|  |TAMS 0x0000000094100000, 0x0000000094100000| Untracked 
|  54|0x0000000094200000, 0x0000000094200000, 0x0000000094300000|  0%| F|  |TAMS 0x0000000094200000, 0x0000000094200000| Untracked 
|  55|0x0000000094300000, 0x0000000094300000, 0x0000000094400000|  0%| F|  |TAMS 0x0000000094300000, 0x0000000094300000| Untracked 
|  56|0x0000000094400000, 0x0000000094400000, 0x0000000094500000|  0%| F|  |TAMS 0x0000000094400000, 0x0000000094400000| Untracked 
|  57|0x0000000094500000, 0x0000000094500000, 0x0000000094600000|  0%| F|  |TAMS 0x0000000094500000, 0x0000000094500000| Untracked 
|  58|0x0000000094600000, 0x0000000094600000, 0x0000000094700000|  0%| F|  |TAMS 0x0000000094600000, 0x0000000094600000| Untracked 
|  59|0x0000000094700000, 0x0000000094700000, 0x0000000094800000|  0%| F|  |TAMS 0x0000000094700000, 0x0000000094700000| Untracked 
|  60|0x0000000094800000, 0x0000000094800000, 0x0000000094900000|  0%| F|  |TAMS 0x0000000094800000, 0x0000000094800000| Untracked 
|  61|0x0000000094900000, 0x0000000094900000, 0x0000000094a00000|  0%| F|  |TAMS 0x0000000094900000, 0x0000000094900000| Untracked 
|  62|0x0000000094a00000, 0x0000000094a00000, 0x0000000094b00000|  0%| F|  |TAMS 0x0000000094a00000, 0x0000000094a00000| Untracked 
|  63|0x0000000094b00000, 0x0000000094b00000, 0x0000000094c00000|  0%| F|  |TAMS 0x0000000094b00000, 0x0000000094b00000| Untracked 
|  64|0x0000000094c00000, 0x0000000094c00000, 0x0000000094d00000|  0%| F|  |TAMS 0x0000000094c00000, 0x0000000094c00000| Untracked 
|  65|0x0000000094d00000, 0x0000000094d00000, 0x0000000094e00000|  0%| F|  |TAMS 0x0000000094d00000, 0x0000000094d00000| Untracked 
|  66|0x0000000094e00000, 0x0000000094e00000, 0x0000000094f00000|  0%| F|  |TAMS 0x0000000094e00000, 0x0000000094e00000| Untracked 
|  67|0x0000000094f00000, 0x0000000094f00000, 0x0000000095000000|  0%| F|  |TAMS 0x0000000094f00000, 0x0000000094f00000| Untracked 
|  68|0x0000000095000000, 0x0000000095000000, 0x0000000095100000|  0%| F|  |TAMS 0x0000000095000000, 0x0000000095000000| Untracked 
|  69|0x0000000095100000, 0x0000000095100000, 0x0000000095200000|  0%| F|  |TAMS 0x0000000095100000, 0x0000000095100000| Untracked 
|  70|0x0000000095200000, 0x0000000095200000, 0x0000000095300000|  0%| F|  |TAMS 0x0000000095200000, 0x0000000095200000| Untracked 
|  71|0x0000000095300000, 0x0000000095300000, 0x0000000095400000|  0%| F|  |TAMS 0x0000000095300000, 0x0000000095300000| Untracked 
|  72|0x0000000095400000, 0x0000000095400000, 0x0000000095500000|  0%| F|  |TAMS 0x0000000095400000, 0x0000000095400000| Untracked 
|  73|0x0000000095500000, 0x0000000095500000, 0x0000000095600000|  0%| F|  |TAMS 0x0000000095500000, 0x0000000095500000| Untracked 
|  74|0x0000000095600000, 0x0000000095600000, 0x0000000095700000|  0%| F|  |TAMS 0x0000000095600000, 0x0000000095600000| Untracked 
|  75|0x0000000095700000, 0x0000000095700000, 0x0000000095800000|  0%| F|  |TAMS 0x0000000095700000, 0x0000000095700000| Untracked 
|  76|0x0000000095800000, 0x0000000095800000, 0x0000000095900000|  0%| F|  |TAMS 0x0000000095800000, 0x0000000095800000| Untracked 
|  77|0x0000000095900000, 0x0000000095900000, 0x0000000095a00000|  0%| F|  |TAMS 0x0000000095900000, 0x0000000095900000| Untracked 
|  78|0x0000000095a00000, 0x0000000095a00000, 0x0000000095b00000|  0%| F|  |TAMS 0x0000000095a00000, 0x0000000095a00000| Untracked 
|  79|0x0000000095b00000, 0x0000000095b00000, 0x0000000095c00000|  0%| F|  |TAMS 0x0000000095b00000, 0x0000000095b00000| Untracked 
|  80|0x0000000095c00000, 0x0000000095c00000, 0x0000000095d00000|  0%| F|  |TAMS 0x0000000095c00000, 0x0000000095c00000| Untracked 
|  81|0x0000000095d00000, 0x0000000095d00000, 0x0000000095e00000|  0%| F|  |TAMS 0x0000000095d00000, 0x0000000095d00000| Untracked 
|  82|0x0000000095e00000, 0x0000000095e00000, 0x0000000095f00000|  0%| F|  |TAMS 0x0000000095e00000, 0x0000000095e00000| Untracked 
|  83|0x0000000095f00000, 0x0000000095f00000, 0x0000000096000000|  0%| F|  |TAMS 0x0000000095f00000, 0x0000000095f00000| Untracked 
|  84|0x0000000096000000, 0x0000000096000000, 0x0000000096100000|  0%| F|  |TAMS 0x0000000096000000, 0x0000000096000000| Untracked 
|  85|0x0000000096100000, 0x0000000096100000, 0x0000000096200000|  0%| F|  |TAMS 0x0000000096100000, 0x0000000096100000| Untracked 
|  86|0x0000000096200000, 0x0000000096200000, 0x0000000096300000|  0%| F|  |TAMS 0x0000000096200000, 0x0000000096200000| Untracked 
|  87|0x0000000096300000, 0x0000000096300000, 0x0000000096400000|  0%| F|  |TAMS 0x0000000096300000, 0x0000000096300000| Untracked 
|  88|0x0000000096400000, 0x0000000096400000, 0x0000000096500000|  0%| F|  |TAMS 0x0000000096400000, 0x0000000096400000| Untracked 
|  89|0x0000000096500000, 0x0000000096500000, 0x0000000096600000|  0%| F|  |TAMS 0x0000000096500000, 0x0000000096500000| Untracked 
|  90|0x0000000096600000, 0x0000000096600000, 0x0000000096700000|  0%| F|  |TAMS 0x0000000096600000, 0x0000000096600000| Untracked 
|  91|0x0000000096700000, 0x0000000096700000, 0x0000000096800000|  0%| F|  |TAMS 0x0000000096700000, 0x0000000096700000| Untracked 
|  92|0x0000000096800000, 0x0000000096800000, 0x0000000096900000|  0%| F|  |TAMS 0x0000000096800000, 0x0000000096800000| Untracked 
|  93|0x0000000096900000, 0x0000000096900000, 0x0000000096a00000|  0%| F|  |TAMS 0x0000000096900000, 0x0000000096900000| Untracked 
|  94|0x0000000096a00000, 0x0000000096a00000, 0x0000000096b00000|  0%| F|  |TAMS 0x0000000096a00000, 0x0000000096a00000| Untracked 
|  95|0x0000000096b00000, 0x0000000096b00000, 0x0000000096c00000|  0%| F|  |TAMS 0x0000000096b00000, 0x0000000096b00000| Untracked 
|  96|0x0000000096c00000, 0x0000000096c00000, 0x0000000096d00000|  0%| F|  |TAMS 0x0000000096c00000, 0x0000000096c00000| Untracked 
|  97|0x0000000096d00000, 0x0000000096e00000, 0x0000000096e00000|100%| S|CS|TAMS 0x0000000096d00000, 0x0000000096d00000| Complete 
|  98|0x0000000096e00000, 0x0000000096f00000, 0x0000000096f00000|100%| S|CS|TAMS 0x0000000096e00000, 0x0000000096e00000| Complete 
|  99|0x0000000096f00000, 0x0000000096f00000, 0x0000000097000000|  0%| F|  |TAMS 0x0000000096f00000, 0x0000000096f00000| Untracked 
| 100|0x0000000097000000, 0x0000000097000000, 0x0000000097100000|  0%| F|  |TAMS 0x0000000097000000, 0x0000000097000000| Untracked 
| 101|0x0000000097100000, 0x0000000097100000, 0x0000000097200000|  0%| F|  |TAMS 0x0000000097100000, 0x0000000097100000| Untracked 
| 102|0x0000000097200000, 0x0000000097200000, 0x0000000097300000|  0%| F|  |TAMS 0x0000000097200000, 0x0000000097200000| Untracked 
| 103|0x0000000097300000, 0x0000000097300000, 0x0000000097400000|  0%| F|  |TAMS 0x0000000097300000, 0x0000000097300000| Untracked 
| 104|0x0000000097400000, 0x0000000097400000, 0x0000000097500000|  0%| F|  |TAMS 0x0000000097400000, 0x0000000097400000| Untracked 
| 105|0x0000000097500000, 0x0000000097537440, 0x0000000097600000| 21%| E|  |TAMS 0x0000000097500000, 0x0000000097500000| Complete 
| 106|0x0000000097600000, 0x0000000097700000, 0x0000000097700000|100%| E|CS|TAMS 0x0000000097600000, 0x0000000097600000| Complete 
| 107|0x0000000097700000, 0x0000000097800000, 0x0000000097800000|100%| E|CS|TAMS 0x0000000097700000, 0x0000000097700000| Complete 
| 108|0x0000000097800000, 0x0000000097900000, 0x0000000097900000|100%| E|CS|TAMS 0x0000000097800000, 0x0000000097800000| Complete 
| 109|0x0000000097900000, 0x0000000097a00000, 0x0000000097a00000|100%| E|CS|TAMS 0x0000000097900000, 0x0000000097900000| Complete 
| 110|0x0000000097a00000, 0x0000000097b00000, 0x0000000097b00000|100%| E|CS|TAMS 0x0000000097a00000, 0x0000000097a00000| Complete 
| 111|0x0000000097b00000, 0x0000000097c00000, 0x0000000097c00000|100%| E|CS|TAMS 0x0000000097b00000, 0x0000000097b00000| Complete 

Card table byte_map: [0x000001a8ceec0000,0x000001a8cf240000] _byte_map_base: 0x000001a8cea3a000

Marking Bits (Prev, Next): (CMBitMap*) 0x000001a8c927c5e0, (CMBitMap*) 0x000001a8c927c620
 Prev Bits: [0x000001a8cf5c0000, 0x000001a8d1190000)
 Next Bits: [0x000001a8d1190000, 0x000001a8d2d60000)

Polling page: 0x000001a8c7010000

Metaspace:

Usage:
  Non-class:      7.82 MB used.
      Class:   1013.05 KB used.
       Both:      8.81 MB used.

Virtual space:
  Non-class space:       16.00 MB reserved,       7.88 MB ( 49%) committed,  2 nodes.
      Class space:        1.00 GB reserved,       1.12 MB ( <1%) committed,  1 nodes.
             Both:        1.02 GB reserved,       9.00 MB ( <1%) committed. 

Chunk freelists:
   Non-Class:  3.92 MB
       Class:  2.75 MB
        Both:  6.67 MB

MaxMetaspaceSize: unlimited
CompressedClassSpaceSize: 1.00 GB
Initial GC threshold: 21.00 MB
Current GC threshold: 21.00 MB
CDS: off
MetaspaceReclaimPolicy: balanced
 - commit_granule_bytes: 65536.
 - commit_granule_words: 8192.
 - virtual_space_node_default_size: 1048576.
 - enlarge_chunks_in_place: 1.
 - new_chunks_are_fully_committed: 0.
 - uncommit_free_chunks: 1.
 - use_allocation_guard: 0.
 - handle_deallocations: 1.


Internal statistics:

num_allocs_failed_limit: 0.
num_arena_births: 32.
num_arena_deaths: 0.
num_vsnodes_births: 3.
num_vsnodes_deaths: 0.
num_space_committed: 144.
num_space_uncommitted: 0.
num_chunks_returned_to_freelist: 0.
num_chunks_taken_from_freelist: 118.
num_chunk_merges: 0.
num_chunk_splits: 84.
num_chunks_enlarged: 70.
num_purges: 0.
num_inconsistent_stats: 0.

CodeCache: size=49152Kb used=3472Kb max_used=3472Kb free=45679Kb
 bounds [0x000001a8cbec0000, 0x000001a8cc230000, 0x000001a8ceec0000]
 total_blobs=1228 nmethods=824 adapters=330
 compilation: enabled
              stopped_count=0, restarted_count=0
 full_count=0

Compilation events (20 events):
Event: 1.127 Thread 0x000001a8d6333670  818       1       sun.util.locale.BaseLocale$Cache::createObject (9 bytes)
Event: 1.127 Thread 0x000001a8d6333670 nmethod 818 0x000001a8cc21f510 code [0x000001a8cc21f6c0, 0x000001a8cc21f858]
Event: 1.127 Thread 0x000001a8d5f1d930 nmethod 811 0x000001a8cc21f990 code [0x000001a8cc21fc00, 0x000001a8cc220278]
Event: 1.127 Thread 0x000001a8d6333670  819       1       sun.util.locale.BaseLocale$Cache::createObject (8 bytes)
Event: 1.127 Thread 0x000001a8d5f1d930  820       1       java.util.Locale$Cache::createObject (41 bytes)
Event: 1.127 Thread 0x000001a8d5d2d5f0 nmethod 809 0x000001a8cc220690 code [0x000001a8cc2209a0, 0x000001a8cc2214d8]
Event: 1.128 Thread 0x000001a8d6333670 nmethod 819 0x000001a8cc221c90 code [0x000001a8cc221e40, 0x000001a8cc221fe8]
Event: 1.128 Thread 0x000001a8d5f1d930 nmethod 820 0x000001a8cc222110 code [0x000001a8cc2222e0, 0x000001a8cc2226d8]
Event: 1.128 Thread 0x000001a8d6333670  815       1       sun.util.locale.BaseLocale$Cache::normalizeKey (9 bytes)
Event: 1.128 Thread 0x000001a8d5d2d5f0  816       1       sun.util.locale.BaseLocale$Cache::normalizeKey (5 bytes)
Event: 1.128 Thread 0x000001a8d5d2d5f0 nmethod 816 0x000001a8cc222890 code [0x000001a8cc222a20, 0x000001a8cc222b08]
Event: 1.128 Thread 0x000001a8d6333670 nmethod 815 0x000001a8cc222b90 code [0x000001a8cc222d20, 0x000001a8cc222e28]
Event: 1.131 Thread 0x000001a8d5d2d5f0  823       1       java.util.Locale::equals (75 bytes)
Event: 1.131 Thread 0x000001a8d5f1d930  822       1       java.util.Locale::stripExtensions (20 bytes)
Event: 1.131 Thread 0x000001a8d6333670  821       1       java.util.Locale::hasExtensions (13 bytes)
Event: 1.131 Thread 0x000001a8d6333670 nmethod 821 0x000001a8cc222f10 code [0x000001a8cc2230a0, 0x000001a8cc223178]
Event: 1.131 Thread 0x000001a8d5f1d930 nmethod 822 0x000001a8cc223210 code [0x000001a8cc2233c0, 0x000001a8cc223508]
Event: 1.131 Thread 0x000001a8d6333670  824       1       sun.util.locale.BaseLocale::equals (71 bytes)
Event: 1.131 Thread 0x000001a8d5d2d5f0 nmethod 823 0x000001a8cc223590 code [0x000001a8cc223760, 0x000001a8cc223a58]
Event: 1.131 Thread 0x000001a8d6333670 nmethod 824 0x000001a8cc223c10 code [0x000001a8cc223dc0, 0x000001a8cc223fb8]

GC Heap History (2 events):
Event: 0.831 GC heap before
{Heap before GC invocations=0 (full 0):
 garbage-first heap   total 114688K, used 12288K [0x0000000090c00000, 0x0000000100000000)
  region size 1024K, 13 young (13312K), 0 survivors (0K)
 Metaspace       used 6882K, committed 6976K, reserved 1056768K
  class space    used 718K, committed 768K, reserved 1048576K
}
Event: 0.837 GC heap after
{Heap after GC invocations=1 (full 0):
 garbage-first heap   total 114688K, used 6630K [0x0000000090c00000, 0x0000000100000000)
  region size 1024K, 2 young (2048K), 2 survivors (2048K)
 Metaspace       used 6882K, committed 6976K, reserved 1056768K
  class space    used 718K, committed 768K, reserved 1048576K
}

Deoptimization events (0 events):
No events

Classes unloaded (0 events):
No events

Classes redefined (0 events):
No events

Internal exceptions (2 events):
Event: 0.685 Thread 0x000001a8c922a850 Exception <a 'java/lang/ClassNotFoundException'{0x00000000971ac6b8}: javax/smartcardio/CardPermission> (0x00000000971ac6b8) 
thrown [s\src\hotspot\share\classfile\systemDictionary.cpp, line 256]
Event: 0.690 Thread 0x000001a8c922a850 Exception <a 'java/io/FileNotFoundException'{0x00000000971bad70}> (0x00000000971bad70) 
thrown [s\src\hotspot\share\prims\jni.cpp, line 516]

VM Operations (8 events):
Event: 0.254 Executing VM operation: HandshakeAllThreads
Event: 0.254 Executing VM operation: HandshakeAllThreads done
Event: 0.728 Executing VM operation: HandshakeAllThreads
Event: 0.728 Executing VM operation: HandshakeAllThreads done
Event: 0.831 Executing VM operation: G1CollectForAllocation
Event: 0.837 Executing VM operation: G1CollectForAllocation done
Event: 1.096 Executing VM operation: HandshakeAllThreads
Event: 1.096 Executing VM operation: HandshakeAllThreads done

Events (20 events):
Event: 1.111 loading class java/util/ResourceBundle$SingleFormatControl
Event: 1.111 loading class java/util/ResourceBundle$SingleFormatControl done
Event: 1.111 loading class java/util/ResourceBundle$NoFallbackControl done
Event: 1.112 loading class sun/util/cldr/CLDRCalendarDataProviderImpl
Event: 1.112 loading class sun/util/locale/provider/CalendarDataProviderImpl
Event: 1.112 loading class sun/util/locale/provider/CalendarDataProviderImpl done
Event: 1.112 loading class sun/util/cldr/CLDRCalendarDataProviderImpl done
Event: 1.122 Thread 0x000001a8d6333670 Thread added: 0x000001a8d6333670
Event: 1.131 loading class sun/util/locale/provider/LocaleResources
Event: 1.132 loading class sun/util/locale/provider/LocaleResources done
Event: 1.132 loading class sun/util/resources/LocaleData
Event: 1.132 loading class sun/util/resources/LocaleData done
Event: 1.132 loading class sun/util/resources/LocaleData$1
Event: 1.132 loading class sun/util/resources/LocaleData$1 done
Event: 1.132 loading class sun/util/resources/LocaleData$LocaleDataStrategy
Event: 1.132 loading class sun/util/resources/Bundles$Strategy
Event: 1.132 loading class sun/util/resources/Bundles$Strategy done
Event: 1.132 loading class sun/util/resources/LocaleData$LocaleDataStrategy done
Event: 1.132 loading class sun/util/resources/Bundles
Event: 1.132 loading class sun/util/resources/Bundles done


Dynamic libraries:
0x00007ff7de200000 - 0x00007ff7de20e000 	c:\Users\balis\.vscode\extensions\redhat.java-1.10.2022081204-win32-x64\jre\17.0.4-win32-x86_64\bin\java.exe
0x00007ffca3730000 - 0x00007ffca3928000 	C:\Windows\SYSTEM32\ntdll.dll
0x00007ffca3000000 - 0x00007ffca30bd000 	C:\Windows\System32\KERNEL32.DLL
0x00007ffca0e80000 - 0x00007ffca114e000 	C:\Windows\System32\KERNELBASE.dll
0x00007ffca1230000 - 0x00007ffca1330000 	C:\Windows\System32\ucrtbase.dll
0x00007ffc91450000 - 0x00007ffc91469000 	c:\Users\balis\.vscode\extensions\redhat.java-1.10.2022081204-win32-x64\jre\17.0.4-win32-x86_64\bin\VCRUNTIME140.dll
0x00007ffc914b0000 - 0x00007ffc914c8000 	c:\Users\balis\.vscode\extensions\redhat.java-1.10.2022081204-win32-x64\jre\17.0.4-win32-x86_64\bin\jli.dll
0x00007ffca1fc0000 - 0x00007ffca2160000 	C:\Windows\System32\USER32.dll
0x00007ffc8e420000 - 0x00007ffc8e6ba000 	C:\Windows\WinSxS\amd64_microsoft.windows.common-controls_6595b64144ccf1df_6.0.19041.1110_none_60b5254171f9507e\COMCTL32.dll
0x00007ffca1200000 - 0x00007ffca1222000 	C:\Windows\System32\win32u.dll
0x00007ffca26b0000 - 0x00007ffca274e000 	C:\Windows\System32\msvcrt.dll
0x00007ffca1dd0000 - 0x00007ffca1dfa000 	C:\Windows\System32\GDI32.dll
0x00007ffca1680000 - 0x00007ffca178b000 	C:\Windows\System32\gdi32full.dll
0x00007ffca1330000 - 0x00007ffca13cd000 	C:\Windows\System32\msvcp_win.dll
0x00007ffca27b0000 - 0x00007ffca27e0000 	C:\Windows\System32\IMM32.DLL
0x00007ffc9c0e0000 - 0x00007ffc9c0ec000 	c:\Users\balis\.vscode\extensions\redhat.java-1.10.2022081204-win32-x64\jre\17.0.4-win32-x86_64\bin\vcruntime140_1.dll
0x00007ffc375e0000 - 0x00007ffc37671000 	c:\Users\balis\.vscode\extensions\redhat.java-1.10.2022081204-win32-x64\jre\17.0.4-win32-x86_64\bin\msvcp140.dll
0x00007ffc2b080000 - 0x00007ffc2bcc6000 	c:\Users\balis\.vscode\extensions\redhat.java-1.10.2022081204-win32-x64\jre\17.0.4-win32-x86_64\bin\server\jvm.dll
0x00007ffca2430000 - 0x00007ffca24de000 	C:\Windows\System32\ADVAPI32.dll
0x00007ffca3650000 - 0x00007ffca36ec000 	C:\Windows\System32\sechost.dll
0x00007ffca1e00000 - 0x00007ffca1f25000 	C:\Windows\System32\RPCRT4.dll
0x00007ffca31d0000 - 0x00007ffca31d8000 	C:\Windows\System32\PSAPI.DLL
0x00007ffc9b850000 - 0x00007ffc9b859000 	C:\Windows\SYSTEM32\WSOCK32.dll
0x00007ffc96820000 - 0x00007ffc96847000 	C:\Windows\SYSTEM32\WINMM.dll
0x00007ffca23c0000 - 0x00007ffca242b000 	C:\Windows\System32\WS2_32.dll
0x00007ffc979f0000 - 0x00007ffc979fa000 	C:\Windows\SYSTEM32\VERSION.dll
0x00007ffc9ed30000 - 0x00007ffc9ed42000 	C:\Windows\SYSTEM32\kernel.appcore.dll
0x00007ffc9c070000 - 0x00007ffc9c07a000 	c:\Users\balis\.vscode\extensions\redhat.java-1.10.2022081204-win32-x64\jre\17.0.4-win32-x86_64\bin\jimage.dll
0x00007ffc99880000 - 0x00007ffc99a64000 	C:\Windows\SYSTEM32\DBGHELP.DLL
0x00007ffc8b570000 - 0x00007ffc8b59c000 	C:\Windows\SYSTEM32\dbgcore.DLL
0x00007ffca13d0000 - 0x00007ffca1452000 	C:\Windows\System32\bcryptPrimitives.dll
0x00007ffc6f730000 - 0x00007ffc6f755000 	c:\Users\balis\.vscode\extensions\redhat.java-1.10.2022081204-win32-x64\jre\17.0.4-win32-x86_64\bin\java.dll
0x00007ffc8ed50000 - 0x00007ffc8ed68000 	c:\Users\balis\.vscode\extensions\redhat.java-1.10.2022081204-win32-x64\jre\17.0.4-win32-x86_64\bin\zip.dll
0x00007ffca27e0000 - 0x00007ffca2f24000 	C:\Windows\System32\SHELL32.dll
0x00007ffc9ef30000 - 0x00007ffc9f6c4000 	C:\Windows\SYSTEM32\windows.storage.dll
0x00007ffca1a10000 - 0x00007ffca1d64000 	C:\Windows\System32\combase.dll
0x00007ffca0700000 - 0x00007ffca0730000 	C:\Windows\SYSTEM32\Wldp.dll
0x00007ffca2310000 - 0x00007ffca23bd000 	C:\Windows\System32\SHCORE.dll
0x00007ffca2750000 - 0x00007ffca27a5000 	C:\Windows\System32\shlwapi.dll
0x00007ffca0d90000 - 0x00007ffca0daf000 	C:\Windows\SYSTEM32\profapi.dll
0x00007ffc8da80000 - 0x00007ffc8da99000 	C:\Users\balis\.vscode\extensions\redhat.java-1.10.2022081204-win32-x64\jre\17.0.4-win32-x86_64\bin\net.dll
0x00007ffc918a0000 - 0x00007ffc919aa000 	C:\Windows\SYSTEM32\WINHTTP.dll
0x00007ffca04e0000 - 0x00007ffca054a000 	C:\Windows\system32\mswsock.dll
0x00007ffc71b50000 - 0x00007ffc71b65000 	C:\Users\balis\.vscode\extensions\redhat.java-1.10.2022081204-win32-x64\jre\17.0.4-win32-x86_64\bin\nio.dll
0x00007ffc91430000 - 0x00007ffc91440000 	c:\Users\balis\.vscode\extensions\redhat.java-1.10.2022081204-win32-x64\jre\17.0.4-win32-x86_64\bin\verify.dll

dbghelp: loaded successfully - version: 4.0.5 - missing functions: none
symbol engine: initialized successfully - sym options: 0x614 - pdb path: .;c:\Users\balis\.vscode\extensions\redhat.java-1.10.2022081204-win32-x64\jre\17.0.4-win32-x86_64\bin;C:\Windows\SYSTEM32;C:\Windows\WinSxS\amd64_microsoft.windows.common-controls_6595b64144ccf1df_6.0.19041.1110_none_60b5254171f9507e;c:\Users\balis\.vscode\extensions\redhat.java-1.10.2022081204-win32-x64\jre\17.0.4-win32-x86_64\bin\server

VM Arguments:
jvm_args: -Dsts.lsp.client=vscode -Dsts.log.file=/dev/null -XX:TieredStopAtLevel=1 -Dspring.config.location=file:c:\Users\balis\.vscode\extensions\pivotal.vscode-spring-boot-1.38.0\language-server\BOOT-INF\classes\application.properties 
java_command: org.springframework.ide.vscode.boot.app.BootLanguageServerBootApp
java_class_path (initial): c:\Users\balis\.vscode\extensions\pivotal.vscode-spring-boot-1.38.0\language-server\BOOT-INF\classes;c:\Users\balis\.vscode\extensions\pivotal.vscode-spring-boot-1.38.0\language-server\BOOT-INF\lib\annotations-23.0.0.jar;c:\Users\balis\.vscode\extensions\pivotal.vscode-spring-boot-1.38.0\language-server\BOOT-INF\lib\antlr-runtime-3.5.2.jar;c:\Users\balis\.vscode\extensions\pivotal.vscode-spring-boot-1.38.0\language-server\BOOT-INF\lib\antlr4-4.9.3.jar;c:\Users\balis\.vscode\extensions\pivotal.vscode-spring-boot-1.38.0\language-server\BOOT-INF\lib\antlr4-runtime-4.9.3.jar;c:\Users\balis\.vscode\extensions\pivotal.vscode-spring-boot-1.38.0\language-server\BOOT-INF\lib\asm-9.3.jar;c:\Users\balis\.vscode\extensions\pivotal.vscode-spring-boot-1.38.0\language-server\BOOT-INF\lib\asm-analysis-9.3.jar;c:\Users\balis\.vscode\extensions\pivotal.vscode-spring-boot-1.38.0\language-server\BOOT-INF\lib\asm-tree-9.3.jar;c:\Users\balis\.vscode\extensions\pivotal.vscode-spring-boot-1.38.0\language-server\BOOT-INF\lib\asm-util-9.3.jar;c:\Users\balis\.vscode\extensions\pivotal.vscode-spring-boot-1.38.0\language-server\BOOT-INF\lib\byte-buddy-1.10.18.jar;c:\Users\balis\.vscode\extensions\pivotal.vscode-spring-boot-1.38.0\language-server\BOOT-INF\lib\caffeine-2.8.6.jar;c:\Users\balis\.vscode\extensions\pivotal.vscode-spring-boot-1.38.0\language-server\BOOT-INF\lib\checker-qual-3.12.0.jar;c:\Users\balis\.vscode\extensions\pivotal.vscode-spring-boot-1.38.0\language-server\BOOT-INF\lib\classgraph-4.8.149.jar;c:\Users\balis\.vscode\extensions\pivotal.vscode-spring-boot-1.38.0\language-server\BOOT-INF\lib\commons-codec-1.14.jar;c:\Users\balis\.vscode\extensions\pivotal.vscode-spring-boot-1.38.0\language-server\BOOT-INF\lib\commons-compress-1.21.jar;c:\Users\balis\.vscode\extensions\pivotal.vscode-spring-boot-1.38.0\language-server\BOOT-INF\lib\commons-exec-1.3.jar;c:\Users\balis\.vscode\extensions\pivotal.vscode-spring-boot-1.38.0\language-server\BOOT-INF\lib\com
Launcher Type: SUN_STANDARD

[Global flags]
     intx CICompilerCount                          = 3                                         {product} {ergonomic}
     uint ConcGCThreads                            = 1                                         {product} {ergonomic}
     uint G1ConcRefinementThreads                  = 4                                         {product} {ergonomic}
   size_t G1HeapRegionSize                         = 1048576                                   {product} {ergonomic}
    uintx GCDrainStackTargetSize                   = 64                                        {product} {ergonomic}
   size_t InitialHeapSize                          = 117440512                                 {product} {ergonomic}
   size_t MarkStackSize                            = 4194304                                   {product} {ergonomic}
   size_t MaxHeapSize                              = 1866465280                                {product} {ergonomic}
   size_t MaxNewSize                               = 1119879168                                {product} {ergonomic}
   size_t MinHeapDeltaBytes                        = 1048576                                   {product} {ergonomic}
   size_t MinHeapSize                              = 8388608                                   {product} {ergonomic}
    uintx NonProfiledCodeHeapSize                  = 0                                      {pd product} {ergonomic}
     bool ProfileInterpreter                       = false                                  {pd product} {command line}
    uintx ProfiledCodeHeapSize                     = 0                                      {pd product} {ergonomic}
   size_t SoftMaxHeapSize                          = 1866465280                             {manageable} {ergonomic}
     intx TieredStopAtLevel                        = 1                                         {product} {command line}
     bool UseCompressedClassPointers               = true                           {product lp64_product} {ergonomic}
     bool UseCompressedOops                        = true                           {product lp64_product} {ergonomic}
     bool UseG1GC                                  = true                                      {product} {ergonomic}
     bool UseLargePagesIndividualAllocation        = false                                  {pd product} {ergonomic}

Logging:
Log output configuration:
 #0: stdout all=warning uptime,level,tags
 #1: stderr all=off uptime,level,tags

Environment Variables:
JAVA_HOME=D:\Eclipse Adoptium\jdk-17.0.3.7-hotspot
PATH=D:\Eclipse Adoptium\jdk-17.0.3.7-hotspot\bin;D:\WINDOWS.X64_193000_db_home\bin;D:\apache-maven-3.8.6\bin;C:\Windows\system32;C:\Windows;C:\Windows\System32\Wbem;C:\Windows\System32\WindowsPowerShell\v1.0\;C:\Windows\System32\OpenSSH\;C:\Program Files (x86)\Microsoft SQL Server\150\DTS\Binn\;C:\Program Files\Microsoft SQL Server\150\DTS\Binn\;C:\Program Files\Microsoft SQL Server\Client SDK\ODBC\170\Tools\Binn\;C:\Program Files (x86)\Microsoft SQL Server\150\Tools\Binn\;C:\Program Files\Microsoft SQL Server\150\Tools\Binn\;D:\calibre\;C:\Program Files\Docker\Docker\resources\bin;C:\ProgramData\DockerDesktop\version-bin;C:\Program Files\dotnet\;D:\nodejs\;D:\Git\cmd;C:\Users\balis\.cargo\bin;C:\Users\balis\AppData\Local\Programs\Python\Python310\Scripts\;C:\Users\balis\AppData\Local\Programs\Python\Python310\;C:\Users\balis\AppData\Local\Microsoft\WindowsApps;D:\Microsoft VS Code\bin;C:\Program Files\heroku\bin;C:\Users\balis\AppData\Local\GitHubDesktop\bin;C:\Users\balis\AppData\Roaming\npm;C:\Users\balis\AppData\Local\JetBrains\Toolbox\scripts;C:\Users\balis\AppData\Local\Programs\Azure Data Studio\bin
USERNAME=balis
OS=Windows_NT
PROCESSOR_IDENTIFIER=AMD64 Family 23 Model 17 Stepping 0, AuthenticAMD
TMP=C:\Users\balis\AppData\Local\Temp
TEMP=C:\Users\balis\AppData\Local\Temp



---------------  S Y S T E M  ---------------

OS:
 Windows 10 , 64 bit Build 19041 (10.0.19041.1889)
OS uptime: 0 days 9:48 hours
Hyper-V role detected

CPU: total 4 (initial active 4) (4 cores per cpu, 2 threads per core) family 23 model 17 stepping 0 microcode 0x0, cx8, cmov, fxsr, ht, mmx, 3dnowpref, sse, sse2, sse3, ssse3, sse4a, sse4.1, sse4.2, popcnt, lzcnt, tsc, tscinvbit, avx, avx2, aes, clmul, bmi1, bmi2, adx, sha, fma, vzeroupper, clflush, clflushopt, hv

Memory: 4k page, system-wide physical 7116M (462M free)
TotalPageFile size 22778M (AvailPageFile size 0M)
current process WorkingSet (physical memory assigned to process): 60M, peak: 60M
current process commit charge ("private bytes"): 188M, peak: 188M

vm_info: OpenJDK 64-Bit Server VM (17.0.4+8) for windows-amd64 JRE (17.0.4+8), built on Jul 19 2022 16:05:16 by "temurin" with MS VC++ 16.7 (VS2019)

END.
