#
# There is insufficient memory for the Java Runtime Environment to continue.
# Native memory allocation (mmap) failed to map 65536 bytes for Failed to commit metaspace.
# Possible reasons:
#   The system is out of physical RAM or swap space
#   The process is running with CompressedOops enabled, and the Java Heap may be blocking the growth of the native heap
# Possible solutions:
#   Reduce memory load on the system
#   Increase physical memory or swap space
#   Check if swap backing store is full
#   Decrease Java heap size (-Xmx/-Xms)
#   Decrease number of Java threads
#   Decrease Java thread stack sizes (-Xss)
#   Set larger code cache with -XX:ReservedCodeCacheSize=
#   JVM is running with Unscaled Compressed Oops mode in which the Java heap is
#     placed in the first 4GB address space. The Java Heap base address is the
#     maximum limit for the native heap growth. Please use -XX:HeapBaseMinAddress
#     to set the Java Heap base and to place the Java Heap above 4GB virtual address.
# This output file may be truncated or incomplete.
#
#  Out of Memory Error (virtualSpaceNode.cpp:110), pid=680, tid=13180
#
# JRE version: OpenJDK Runtime Environment Temurin-17.0.4+8 (17.0.4+8) (build 17.0.4+8)
# Java VM: OpenJDK 64-Bit Server VM Temurin-17.0.4+8 (17.0.4+8, mixed mode, emulated-client, tiered, compressed oops, compressed class ptrs, g1 gc, windows-amd64)
# No core dump will be written. Minidumps are not enabled by default on client versions of Windows
#

---------------  S U M M A R Y ------------

Command Line: -Dsts.lsp.client=vscode -Dsts.log.file=/dev/null -XX:TieredStopAtLevel=1 -Dspring.config.location=file:c:\Users\balis\.vscode\extensions\pivotal.vscode-spring-boot-1.38.0\language-server\BOOT-INF\classes\application.properties org.springframework.ide.vscode.boot.app.BootLanguageServerBootApp

Host: AMD Athlon 200GE with Radeon Vega Graphics     , 4 cores, 6G,  Windows 10 , 64 bit Build 19041 (10.0.19041.1889)
Time: Wed Aug 17 04:40:28 2022 SE Asia Standard Time elapsed time: 1.531722 seconds (0d 0h 0m 1s)

---------------  T H R E A D  ---------------

Current thread (0x000001a48f9453a0):  JavaThread "main" [_thread_in_vm, id=13180, stack(0x0000005991700000,0x0000005991800000)]

Stack: [0x0000005991700000,0x0000005991800000]
Native frames: (J=compiled Java code, j=interpreted, Vv=VM code, C=native code)
V  [jvm.dll+0x67733a]
V  [jvm.dll+0x8323c4]
V  [jvm.dll+0x833b6e]
V  [jvm.dll+0x8341d3]
V  [jvm.dll+0x2455e5]
V  [jvm.dll+0x82e36b]
V  [jvm.dll+0x61be16]
V  [jvm.dll+0x61be7a]
V  [jvm.dll+0x61e69a]
V  [jvm.dll+0x61c7b6]
V  [jvm.dll+0x23b0d0]
V  [jvm.dll+0x1eae0d]
V  [jvm.dll+0x1e0841]
V  [jvm.dll+0x53c8f0]
V  [jvm.dll+0x1f1037]
V  [jvm.dll+0x7ac5bb]
V  [jvm.dll+0x7ad962]
V  [jvm.dll+0x7adc98]
V  [jvm.dll+0x23d9ee]
V  [jvm.dll+0x23dc3f]
V  [jvm.dll+0x559f68]
V  [jvm.dll+0x55ce17]
V  [jvm.dll+0x3832e7]
V  [jvm.dll+0x38293f]
C  0x000001a4925f91e2

Java frames: (J=compiled Java code, j=interpreted, Vv=VM code)
j  sun.security.pkcs.SignerInfo.makeSigAlg(Lsun/security/x509/AlgorithmId;Lsun/security/x509/AlgorithmId;Z)Ljava/lang/String;+263 java.base@17.0.4
j  sun.security.pkcs.SignerInfo.verify(Lsun/security/pkcs/PKCS7;[B)Lsun/security/pkcs/SignerInfo;+352 java.base@17.0.4
j  sun.security.pkcs.PKCS7.verify(Lsun/security/pkcs/SignerInfo;[B)Lsun/security/pkcs/SignerInfo;+3 java.base@17.0.4
j  sun.security.pkcs.PKCS7.verify([B)[Lsun/security/pkcs/SignerInfo;+27 java.base@17.0.4
j  sun.security.pkcs.SignerInfo.getTimestamp()Ljava/security/Timestamp;+45 java.base@17.0.4
j  sun.security.pkcs.SignerInfo.verify(Lsun/security/pkcs/PKCS7;[B)Lsun/security/pkcs/SignerInfo;+3 java.base@17.0.4
j  sun.security.pkcs.PKCS7.verify(Lsun/security/pkcs/SignerInfo;[B)Lsun/security/pkcs/SignerInfo;+3 java.base@17.0.4
j  sun.security.pkcs.PKCS7.verify([B)[Lsun/security/pkcs/SignerInfo;+27 java.base@17.0.4
j  sun.security.util.SignatureFileVerifier.processImpl(Ljava/util/Hashtable;Ljava/util/List;Ljava/lang/String;)V+63 java.base@17.0.4
j  sun.security.util.SignatureFileVerifier.process(Ljava/util/Hashtable;Ljava/util/List;Ljava/lang/String;)V+12 java.base@17.0.4
j  java.util.jar.JarVerifier.processEntry(Lsun/security/util/ManifestEntryVerifier;)V+400 java.base@17.0.4
j  java.util.jar.JarVerifier.update(I[BIILsun/security/util/ManifestEntryVerifier;)V+39 java.base@17.0.4
j  java.util.jar.JarFile.initializeVerifier()V+163 java.base@17.0.4
J 640 c1 java.util.jar.JarFile.ensureInitialization()V java.base@17.0.4 (74 bytes) @ 0x000001a49286e64c [0x000001a49286e4c0+0x000000000000018c]
J 638 c1 jdk.internal.loader.URLClassPath$JarLoader$2.getManifest()Ljava/util/jar/Manifest; java.base@17.0.4 (26 bytes) @ 0x000001a49286d564 [0x000001a49286d400+0x0000000000000164]
J 624 c1 jdk.internal.loader.BuiltinClassLoader.defineClass(Ljava/lang/String;Ljdk/internal/loader/Resource;)Ljava/lang/Class; java.base@17.0.4 (121 bytes) @ 0x000001a4928638ac [0x000001a4928637a0+0x000000000000010c]
J 623 c1 jdk.internal.loader.BuiltinClassLoader.findClassOnClassPathOrNull(Ljava/lang/String;)Ljava/lang/Class; java.base@17.0.4 (64 bytes) @ 0x000001a49286489c [0x000001a492864600+0x000000000000029c]
J 416 c1 jdk.internal.loader.BuiltinClassLoader.loadClassOrNull(Ljava/lang/String;Z)Ljava/lang/Class; java.base@17.0.4 (143 bytes) @ 0x000001a49280d7c4 [0x000001a49280d380+0x0000000000000444]
J 605 c1 jdk.internal.loader.ClassLoaders$AppClassLoader.loadClass(Ljava/lang/String;Z)Ljava/lang/Class; java.base@17.0.4 (40 bytes) @ 0x000001a492858f24 [0x000001a492858de0+0x0000000000000144]
J 604 c1 java.lang.ClassLoader.loadClass(Ljava/lang/String;)Ljava/lang/Class; java.base@17.0.4 (7 bytes) @ 0x000001a492858364 [0x000001a492858320+0x0000000000000044]
v  ~StubRoutines::call_stub
J 969  java.lang.Class.forName0(Ljava/lang/String;ZLjava/lang/ClassLoader;Ljava/lang/Class;)Ljava/lang/Class; java.base@17.0.4 (0 bytes) @ 0x000001a49297ab27 [0x000001a49297aaa0+0x0000000000000087]
J 998 c1 java.lang.Class.forName(Ljava/lang/String;ZLjava/lang/ClassLoader;)Ljava/lang/Class; java.base@17.0.4 (47 bytes) @ 0x000001a492987134 [0x000001a492987040+0x00000000000000f4]
j  org.springframework.util.ClassUtils.forName(Ljava/lang/String;Ljava/lang/ClassLoader;)Ljava/lang/Class;+176
j  org.springframework.core.io.support.PathMatchingResourcePatternResolver.<clinit>()V+15
v  ~StubRoutines::call_stub
j  org.springframework.core.io.support.ResourceArrayPropertyEditor.<init>()V+1
j  org.springframework.beans.PropertyEditorRegistrySupport.createDefaultEditors()V+251
j  org.springframework.beans.PropertyEditorRegistrySupport.getDefaultEditor(Ljava/lang/Class;)Ljava/beans/PropertyEditor;+44
j  org.springframework.boot.context.properties.bind.BindConverter$TypeConverterConverter.getPropertyEditor(Ljava/lang/Class;)Ljava/beans/PropertyEditor;+37
j  org.springframework.boot.context.properties.bind.BindConverter$TypeConverterConverter.matches(Lorg/springframework/core/convert/TypeDescriptor;Lorg/springframework/core/convert/TypeDescriptor;)Z+5
j  org.springframework.core.convert.support.GenericConversionService$ConvertersForPair.getConverter(Lorg/springframework/core/convert/TypeDescriptor;Lorg/springframework/core/convert/TypeDescriptor;)Lorg/springframework/core/convert/converter/GenericConverter;+43
j  org.springframework.core.convert.support.GenericConversionService$Converters.getRegisteredConverter(Lorg/springframework/core/convert/TypeDescriptor;Lorg/springframework/core/convert/TypeDescriptor;Lorg/springframework/core/convert/converter/GenericConverter$ConvertiblePair;)Lorg/springframework/core/convert/converter/GenericConverter;+24
j  org.springframework.core.convert.support.GenericConversionService$Converters.find(Lorg/springframework/core/convert/TypeDescriptor;Lorg/springframework/core/convert/TypeDescriptor;)Lorg/springframework/core/convert/converter/GenericConverter;+98
j  org.springframework.core.convert.support.GenericConversionService.getConverter(Lorg/springframework/core/convert/TypeDescriptor;Lorg/springframework/core/convert/TypeDescriptor;)Lorg/springframework/core/convert/converter/GenericConverter;+51
j  org.springframework.core.convert.support.GenericConversionService.canConvert(Lorg/springframework/core/convert/TypeDescriptor;Lorg/springframework/core/convert/TypeDescriptor;)Z+15
j  org.springframework.boot.context.properties.bind.BindConverter$TypeConverterConversionService.canConvert(Lorg/springframework/core/convert/TypeDescriptor;Lorg/springframework/core/convert/TypeDescriptor;)Z+22
j  org.springframework.boot.context.properties.bind.BindConverter$CompositeConversionService.canConvert(Lorg/springframework/core/convert/TypeDescriptor;Lorg/springframework/core/convert/TypeDescriptor;)Z+34
j  org.springframework.boot.context.properties.bind.BindConverter.canConvert(Ljava/lang/Object;Lorg/springframework/core/ResolvableType;[Ljava/lang/annotation/Annotation;)Z+17
j  org.springframework.boot.context.properties.bind.MapBinder$EntryBinder.isScalarValue(Lorg/springframework/boot/context/properties/source/ConfigurationPropertySource;Lorg/springframework/boot/context/properties/source/ConfigurationPropertyName;)Z+93
j  org.springframework.boot.context.properties.bind.MapBinder$EntryBinder.getEntryName(Lorg/springframework/boot/context/properties/source/ConfigurationPropertySource;Lorg/springframework/boot/context/properties/source/ConfigurationPropertyName;)Lorg/springframework/boot/context/properties/source/ConfigurationPropertyName;+56
j  org.springframework.boot.context.properties.bind.MapBinder$EntryBinder.bindEntries(Lorg/springframework/boot/context/properties/source/ConfigurationPropertySource;Ljava/util/Map;)V+49
j  org.springframework.boot.context.properties.bind.MapBinder.bindAggregate(Lorg/springframework/boot/context/properties/source/ConfigurationPropertyName;Lorg/springframework/boot/context/properties/bind/Bindable;Lorg/springframework/boot/context/properties/bind/AggregateElementBinder;)Ljava/lang/Object;+160
j  org.springframework.boot.context.properties.bind.AggregateBinder.bind(Lorg/springframework/boot/context/properties/source/ConfigurationPropertyName;Lorg/springframework/boot/context/properties/bind/Bindable;Lorg/springframework/boot/context/properties/bind/AggregateElementBinder;)Ljava/lang/Object;+4
j  org.springframework.boot.context.properties.bind.Binder.lambda$bindAggregate$3(Lorg/springframework/boot/context/properties/bind/AggregateBinder;Lorg/springframework/boot/context/properties/source/ConfigurationPropertyName;Lorg/springframework/boot/context/properties/bind/Bindable;Lorg/springframework/boot/context/properties/bind/AggregateElementBinder;)Ljava/lang/Object;+4
j  org.springframework.boot.context.properties.bind.Binder$$Lambda$87+0x00000001001cd4a0.get()Ljava/lang/Object;+16
j  org.springframework.boot.context.properties.bind.Binder$Context.withIncreasedDepth(Ljava/util/function/Supplier;)Ljava/lang/Object;+5
j  org.springframework.boot.context.properties.bind.Binder$Context.access$100(Lorg/springframework/boot/context/properties/bind/Binder$Context;Ljava/util/function/Supplier;)Ljava/lang/Object;+2
j  org.springframework.boot.context.properties.bind.Binder.bindAggregate(Lorg/springframework/boot/context/properties/source/ConfigurationPropertyName;Lorg/springframework/boot/context/properties/bind/Bindable;Lorg/springframework/boot/context/properties/bind/BindHandler;Lorg/springframework/boot/context/properties/bind/Binder$Context;Lorg/springframework/boot/context/properties/bind/AggregateBinder;)Ljava/lang/Object;+26
j  org.springframework.boot.context.properties.bind.Binder.bindObject(Lorg/springframework/boot/context/properties/source/ConfigurationPropertyName;Lorg/springframework/boot/context/properties/bind/Bindable;Lorg/springframework/boot/context/properties/bind/BindHandler;Lorg/springframework/boot/context/properties/bind/Binder$Context;Z)Ljava/lang/Object;+59
j  org.springframework.boot.context.properties.bind.Binder.bind(Lorg/springframework/boot/context/properties/source/ConfigurationPropertyName;Lorg/springframework/boot/context/properties/bind/Bindable;Lorg/springframework/boot/context/properties/bind/BindHandler;Lorg/springframework/boot/context/properties/bind/Binder$Context;ZZ)Ljava/lang/Object;+41
j  org.springframework.boot.context.properties.bind.Binder.bind(Lorg/springframework/boot/context/properties/source/ConfigurationPropertyName;Lorg/springframework/boot/context/properties/bind/Bindable;Lorg/springframework/boot/context/properties/bind/BindHandler;Z)Ljava/lang/Object;+44
j  org.springframework.boot.context.properties.bind.Binder.bind(Lorg/springframework/boot/context/properties/source/ConfigurationPropertyName;Lorg/springframework/boot/context/properties/bind/Bindable;Lorg/springframework/boot/context/properties/bind/BindHandler;)Lorg/springframework/boot/context/properties/bind/BindResult;+5
j  org.springframework.boot.context.properties.bind.Binder.bind(Lorg/springframework/boot/context/properties/source/ConfigurationPropertyName;Lorg/springframework/boot/context/properties/bind/Bindable;)Lorg/springframework/boot/context/properties/bind/BindResult;+4
j  org.springframework.boot.context.logging.LoggingApplicationListener.setLogLevels(Lorg/springframework/boot/logging/LoggingSystem;Lorg/springframework/core/env/ConfigurableEnvironment;)V+20
j  org.springframework.boot.context.logging.LoggingApplicationListener.initializeFinalLoggingLevels(Lorg/springframework/core/env/ConfigurableEnvironment;Lorg/springframework/boot/logging/LoggingSystem;)V+24
j  org.springframework.boot.context.logging.LoggingApplicationListener.initialize(Lorg/springframework/core/env/ConfigurableEnvironment;Ljava/lang/ClassLoader;)V+71
j  org.springframework.boot.context.logging.LoggingApplicationListener.onApplicationEnvironmentPreparedEvent(Lorg/springframework/boot/context/event/ApplicationEnvironmentPreparedEvent;)V+33
j  org.springframework.boot.context.logging.LoggingApplicationListener.onApplicationEvent(Lorg/springframework/context/ApplicationEvent;)V+30
j  org.springframework.context.event.SimpleApplicationEventMulticaster.doInvokeListener(Lorg/springframework/context/ApplicationListener;Lorg/springframework/context/ApplicationEvent;)V+2
j  org.springframework.context.event.SimpleApplicationEventMulticaster.invokeListener(Lorg/springframework/context/ApplicationListener;Lorg/springframework/context/ApplicationEvent;)V+34
j  org.springframework.context.event.SimpleApplicationEventMulticaster.multicastEvent(Lorg/springframework/context/ApplicationEvent;Lorg/springframework/core/ResolvableType;)V+83
j  org.springframework.context.event.SimpleApplicationEventMulticaster.multicastEvent(Lorg/springframework/context/ApplicationEvent;)V+7
j  org.springframework.boot.context.event.EventPublishingRunListener.environmentPrepared(Lorg/springframework/core/env/ConfigurableEnvironment;)V+20
j  org.springframework.boot.SpringApplicationRunListeners.environmentPrepared(Lorg/springframework/core/env/ConfigurableEnvironment;)V+31
j  org.springframework.boot.SpringApplication.prepareEnvironment(Lorg/springframework/boot/SpringApplicationRunListeners;Lorg/springframework/boot/ApplicationArguments;)Lorg/springframework/core/env/ConfigurableEnvironment;+22
j  org.springframework.boot.SpringApplication.run([Ljava/lang/String;)Lorg/springframework/context/ConfigurableApplicationContext;+54
j  org.springframework.boot.SpringApplication.run([Ljava/lang/Class;[Ljava/lang/String;)Lorg/springframework/context/ConfigurableApplicationContext;+9
j  org.springframework.boot.SpringApplication.run(Ljava/lang/Class;[Ljava/lang/String;)Lorg/springframework/context/ConfigurableApplicationContext;+9
j  org.springframework.ide.vscode.boot.app.BootLanguageServerBootApp.main([Ljava/lang/String;)V+19
v  ~StubRoutines::call_stub

---------------  P R O C E S S  ---------------

Threads class SMR info:
_java_thread_list=0x000001a49ba33820, length=13, elements={
0x000001a48f9453a0, 0x000001a49ba5fb70, 0x000001a49ba60b70, 0x000001a49ba973f0,
0x000001a49ba97f70, 0x000001a49ba9aa60, 0x000001a49ba9b320, 0x000001a49ba9bbe0,
0x000001a49ba9fdf0, 0x000001a49c5d7ab0, 0x000001a49c5f1070, 0x000001a49c5fd9b0,
0x000001a49ce9bdf0
}

Java Threads: ( => current thread )
=>0x000001a48f9453a0 JavaThread "main" [_thread_in_vm, id=13180, stack(0x0000005991700000,0x0000005991800000)]
  0x000001a49ba5fb70 JavaThread "Reference Handler" daemon [_thread_blocked, id=17564, stack(0x0000005991e00000,0x0000005991f00000)]
  0x000001a49ba60b70 JavaThread "Finalizer" daemon [_thread_blocked, id=17848, stack(0x0000005991f00000,0x0000005992000000)]
  0x000001a49ba973f0 JavaThread "Signal Dispatcher" daemon [_thread_blocked, id=9232, stack(0x0000005992000000,0x0000005992100000)]
  0x000001a49ba97f70 JavaThread "Attach Listener" daemon [_thread_blocked, id=6004, stack(0x0000005992100000,0x0000005992200000)]
  0x000001a49ba9aa60 JavaThread "Service Thread" daemon [_thread_blocked, id=6376, stack(0x0000005992200000,0x0000005992300000)]
  0x000001a49ba9b320 JavaThread "Monitor Deflation Thread" daemon [_thread_blocked, id=7212, stack(0x0000005992300000,0x0000005992400000)]
  0x000001a49ba9bbe0 JavaThread "C1 CompilerThread0" daemon [_thread_blocked, id=8796, stack(0x0000005992400000,0x0000005992500000)]
  0x000001a49ba9fdf0 JavaThread "Sweeper thread" daemon [_thread_blocked, id=18304, stack(0x0000005992500000,0x0000005992600000)]
  0x000001a49c5d7ab0 JavaThread "C1 CompilerThread1" daemon [_thread_blocked, id=17672, stack(0x0000005992600000,0x0000005992700000)]
  0x000001a49c5f1070 JavaThread "Notification Thread" daemon [_thread_blocked, id=7276, stack(0x0000005992700000,0x0000005992800000)]
  0x000001a49c5fd9b0 JavaThread "Common-Cleaner" daemon [_thread_blocked, id=7648, stack(0x0000005992900000,0x0000005992a00000)]
  0x000001a49ce9bdf0 JavaThread "C1 CompilerThread2" daemon [_thread_blocked, id=12512, stack(0x0000005992c00000,0x0000005992d00000)]

Other Threads:
  0x000001a49ba35280 VMThread "VM Thread" [stack: 0x0000005991d00000,0x0000005991e00000] [id=18080]
  0x000001a49c5f1540 WatcherThread [stack: 0x0000005992800000,0x0000005992900000] [id=14820]
  0x000001a48f99b940 GCTaskThread "GC Thread#0" [stack: 0x0000005991800000,0x0000005991900000] [id=18136]
  0x000001a49ce6ea30 GCTaskThread "GC Thread#1" [stack: 0x0000005992a00000,0x0000005992b00000] [id=5224]
  0x000001a49ce59ca0 GCTaskThread "GC Thread#2" [stack: 0x0000005992b00000,0x0000005992c00000] [id=1764]
  0x000001a49cfaadc0 GCTaskThread "GC Thread#3" [stack: 0x0000005992d00000,0x0000005992e00000] [id=16832]
  0x000001a48f9ab620 ConcurrentGCThread "G1 Main Marker" [stack: 0x0000005991900000,0x0000005991a00000] [id=17636]
  0x000001a48f9ac6e0 ConcurrentGCThread "G1 Conc#0" [stack: 0x0000005991a00000,0x0000005991b00000] [id=17268]
  0x000001a48fa129b0 ConcurrentGCThread "G1 Refine#0" [stack: 0x0000005991b00000,0x0000005991c00000] [id=17256]
  0x000001a48fa132e0 ConcurrentGCThread "G1 Service" [stack: 0x0000005991c00000,0x0000005991d00000] [id=11132]

Threads with active compile tasks:

VM state: not at safepoint (normal execution)

VM Mutex/Monitor currently owned by a thread:  ([mutex/lock_event])
[0x000001a48d858520] Metaspace_lock - owner thread: 0x000001a48f9453a0

Heap address: 0x0000000090c00000, size: 1780 MB, Compressed Oops mode: 32-bit

CDS archive(s) not mapped
Compressed class space mapped at: 0x0000000100000000-0x0000000140000000, reserved size: 1073741824
Narrow klass base: 0x0000000000000000, Narrow klass shift: 3, Narrow klass range: 0x140000000

GC Precious Log:
 CPUs: 4 total, 4 available
 Memory: 7116M
 Large Page Support: Disabled
 NUMA Support: Disabled
 Compressed Oops: Enabled (32-bit)
 Heap Region Size: 1M
 Heap Min Capacity: 8M
 Heap Initial Capacity: 112M
 Heap Max Capacity: 1780M
 Pre-touch: Disabled
 Parallel Workers: 4
 Concurrent Workers: 1
 Concurrent Refinement Workers: 4
 Periodic GC: Disabled

Heap:
 garbage-first heap   total 114688K, used 20535K [0x0000000090c00000, 0x0000000100000000)
  region size 1024K, 15 young (15360K), 2 survivors (2048K)
 Metaspace       used 15475K, committed 15680K, reserved 1064960K
  class space    used 1873K, committed 1984K, reserved 1048576K

Heap Regions: E=young(eden), S=young(survivor), O=old, HS=humongous(starts), HC=humongous(continues), CS=collection set, F=free, OA=open archive, CA=closed archive, TAMS=top-at-mark-start (previous, next)
|   0|0x0000000090c00000, 0x0000000090d00000, 0x0000000090d00000|100%| O|  |TAMS 0x0000000090c00000, 0x0000000090c00000| Untracked 
|   1|0x0000000090d00000, 0x0000000090e00000, 0x0000000090e00000|100%| O|  |TAMS 0x0000000090d00000, 0x0000000090d00000| Untracked 
|   2|0x0000000090e00000, 0x0000000090f00000, 0x0000000090f00000|100%| O|  |TAMS 0x0000000090e00000, 0x0000000090e00000| Untracked 
|   3|0x0000000090f00000, 0x0000000091000000, 0x0000000091000000|100%| O|  |TAMS 0x0000000090f00000, 0x0000000090f00000| Untracked 
|   4|0x0000000091000000, 0x0000000091100000, 0x0000000091100000|100%| O|  |TAMS 0x0000000091000000, 0x0000000091000000| Untracked 
|   5|0x0000000091100000, 0x0000000091200000, 0x0000000091200000|100%| O|  |TAMS 0x0000000091100000, 0x0000000091100000| Untracked 
|   6|0x0000000091200000, 0x0000000091271000, 0x0000000091300000| 44%| O|  |TAMS 0x0000000091200000, 0x0000000091200000| Untracked 
|   7|0x0000000091300000, 0x0000000091300000, 0x0000000091400000|  0%| F|  |TAMS 0x0000000091300000, 0x0000000091300000| Untracked 
|   8|0x0000000091400000, 0x0000000091400000, 0x0000000091500000|  0%| F|  |TAMS 0x0000000091400000, 0x0000000091400000| Untracked 
|   9|0x0000000091500000, 0x0000000091500000, 0x0000000091600000|  0%| F|  |TAMS 0x0000000091500000, 0x0000000091500000| Untracked 
|  10|0x0000000091600000, 0x0000000091600000, 0x0000000091700000|  0%| F|  |TAMS 0x0000000091600000, 0x0000000091600000| Untracked 
|  11|0x0000000091700000, 0x0000000091700000, 0x0000000091800000|  0%| F|  |TAMS 0x0000000091700000, 0x0000000091700000| Untracked 
|  12|0x0000000091800000, 0x0000000091800000, 0x0000000091900000|  0%| F|  |TAMS 0x0000000091800000, 0x0000000091800000| Untracked 
|  13|0x0000000091900000, 0x0000000091900000, 0x0000000091a00000|  0%| F|  |TAMS 0x0000000091900000, 0x0000000091900000| Untracked 
|  14|0x0000000091a00000, 0x0000000091a00000, 0x0000000091b00000|  0%| F|  |TAMS 0x0000000091a00000, 0x0000000091a00000| Untracked 
|  15|0x0000000091b00000, 0x0000000091b00000, 0x0000000091c00000|  0%| F|  |TAMS 0x0000000091b00000, 0x0000000091b00000| Untracked 
|  16|0x0000000091c00000, 0x0000000091c00000, 0x0000000091d00000|  0%| F|  |TAMS 0x0000000091c00000, 0x0000000091c00000| Untracked 
|  17|0x0000000091d00000, 0x0000000091d00000, 0x0000000091e00000|  0%| F|  |TAMS 0x0000000091d00000, 0x0000000091d00000| Untracked 
|  18|0x0000000091e00000, 0x0000000091e00000, 0x0000000091f00000|  0%| F|  |TAMS 0x0000000091e00000, 0x0000000091e00000| Untracked 
|  19|0x0000000091f00000, 0x0000000091f00000, 0x0000000092000000|  0%| F|  |TAMS 0x0000000091f00000, 0x0000000091f00000| Untracked 
|  20|0x0000000092000000, 0x0000000092000000, 0x0000000092100000|  0%| F|  |TAMS 0x0000000092000000, 0x0000000092000000| Untracked 
|  21|0x0000000092100000, 0x0000000092100000, 0x0000000092200000|  0%| F|  |TAMS 0x0000000092100000, 0x0000000092100000| Untracked 
|  22|0x0000000092200000, 0x0000000092200000, 0x0000000092300000|  0%| F|  |TAMS 0x0000000092200000, 0x0000000092200000| Untracked 
|  23|0x0000000092300000, 0x0000000092300000, 0x0000000092400000|  0%| F|  |TAMS 0x0000000092300000, 0x0000000092300000| Untracked 
|  24|0x0000000092400000, 0x0000000092400000, 0x0000000092500000|  0%| F|  |TAMS 0x0000000092400000, 0x0000000092400000| Untracked 
|  25|0x0000000092500000, 0x0000000092500000, 0x0000000092600000|  0%| F|  |TAMS 0x0000000092500000, 0x0000000092500000| Untracked 
|  26|0x0000000092600000, 0x0000000092600000, 0x0000000092700000|  0%| F|  |TAMS 0x0000000092600000, 0x0000000092600000| Untracked 
|  27|0x0000000092700000, 0x0000000092700000, 0x0000000092800000|  0%| F|  |TAMS 0x0000000092700000, 0x0000000092700000| Untracked 
|  28|0x0000000092800000, 0x0000000092800000, 0x0000000092900000|  0%| F|  |TAMS 0x0000000092800000, 0x0000000092800000| Untracked 
|  29|0x0000000092900000, 0x0000000092900000, 0x0000000092a00000|  0%| F|  |TAMS 0x0000000092900000, 0x0000000092900000| Untracked 
|  30|0x0000000092a00000, 0x0000000092a00000, 0x0000000092b00000|  0%| F|  |TAMS 0x0000000092a00000, 0x0000000092a00000| Untracked 
|  31|0x0000000092b00000, 0x0000000092b00000, 0x0000000092c00000|  0%| F|  |TAMS 0x0000000092b00000, 0x0000000092b00000| Untracked 
|  32|0x0000000092c00000, 0x0000000092c00000, 0x0000000092d00000|  0%| F|  |TAMS 0x0000000092c00000, 0x0000000092c00000| Untracked 
|  33|0x0000000092d00000, 0x0000000092d00000, 0x0000000092e00000|  0%| F|  |TAMS 0x0000000092d00000, 0x0000000092d00000| Untracked 
|  34|0x0000000092e00000, 0x0000000092e00000, 0x0000000092f00000|  0%| F|  |TAMS 0x0000000092e00000, 0x0000000092e00000| Untracked 
|  35|0x0000000092f00000, 0x0000000092f00000, 0x0000000093000000|  0%| F|  |TAMS 0x0000000092f00000, 0x0000000092f00000| Untracked 
|  36|0x0000000093000000, 0x0000000093000000, 0x0000000093100000|  0%| F|  |TAMS 0x0000000093000000, 0x0000000093000000| Untracked 
|  37|0x0000000093100000, 0x0000000093100000, 0x0000000093200000|  0%| F|  |TAMS 0x0000000093100000, 0x0000000093100000| Untracked 
|  38|0x0000000093200000, 0x0000000093200000, 0x0000000093300000|  0%| F|  |TAMS 0x0000000093200000, 0x0000000093200000| Untracked 
|  39|0x0000000093300000, 0x0000000093300000, 0x0000000093400000|  0%| F|  |TAMS 0x0000000093300000, 0x0000000093300000| Untracked 
|  40|0x0000000093400000, 0x0000000093400000, 0x0000000093500000|  0%| F|  |TAMS 0x0000000093400000, 0x0000000093400000| Untracked 
|  41|0x0000000093500000, 0x0000000093500000, 0x0000000093600000|  0%| F|  |TAMS 0x0000000093500000, 0x0000000093500000| Untracked 
|  42|0x0000000093600000, 0x0000000093600000, 0x0000000093700000|  0%| F|  |TAMS 0x0000000093600000, 0x0000000093600000| Untracked 
|  43|0x0000000093700000, 0x0000000093700000, 0x0000000093800000|  0%| F|  |TAMS 0x0000000093700000, 0x0000000093700000| Untracked 
|  44|0x0000000093800000, 0x0000000093800000, 0x0000000093900000|  0%| F|  |TAMS 0x0000000093800000, 0x0000000093800000| Untracked 
|  45|0x0000000093900000, 0x0000000093900000, 0x0000000093a00000|  0%| F|  |TAMS 0x0000000093900000, 0x0000000093900000| Untracked 
|  46|0x0000000093a00000, 0x0000000093a00000, 0x0000000093b00000|  0%| F|  |TAMS 0x0000000093a00000, 0x0000000093a00000| Untracked 
|  47|0x0000000093b00000, 0x0000000093b00000, 0x0000000093c00000|  0%| F|  |TAMS 0x0000000093b00000, 0x0000000093b00000| Untracked 
|  48|0x0000000093c00000, 0x0000000093c00000, 0x0000000093d00000|  0%| F|  |TAMS 0x0000000093c00000, 0x0000000093c00000| Untracked 
|  49|0x0000000093d00000, 0x0000000093d00000, 0x0000000093e00000|  0%| F|  |TAMS 0x0000000093d00000, 0x0000000093d00000| Untracked 
|  50|0x0000000093e00000, 0x0000000093e00000, 0x0000000093f00000|  0%| F|  |TAMS 0x0000000093e00000, 0x0000000093e00000| Untracked 
|  51|0x0000000093f00000, 0x0000000093f00000, 0x0000000094000000|  0%| F|  |TAMS 0x0000000093f00000, 0x0000000093f00000| Untracked 
|  52|0x0000000094000000, 0x0000000094000000, 0x0000000094100000|  0%| F|  |TAMS 0x0000000094000000, 0x0000000094000000| Untracked 
|  53|0x0000000094100000, 0x0000000094100000, 0x0000000094200000|  0%| F|  |TAMS 0x0000000094100000, 0x0000000094100000| Untracked 
|  54|0x0000000094200000, 0x0000000094200000, 0x0000000094300000|  0%| F|  |TAMS 0x0000000094200000, 0x0000000094200000| Untracked 
|  55|0x0000000094300000, 0x0000000094300000, 0x0000000094400000|  0%| F|  |TAMS 0x0000000094300000, 0x0000000094300000| Untracked 
|  56|0x0000000094400000, 0x0000000094400000, 0x0000000094500000|  0%| F|  |TAMS 0x0000000094400000, 0x0000000094400000| Untracked 
|  57|0x0000000094500000, 0x0000000094500000, 0x0000000094600000|  0%| F|  |TAMS 0x0000000094500000, 0x0000000094500000| Untracked 
|  58|0x0000000094600000, 0x0000000094600000, 0x0000000094700000|  0%| F|  |TAMS 0x0000000094600000, 0x0000000094600000| Untracked 
|  59|0x0000000094700000, 0x0000000094700000, 0x0000000094800000|  0%| F|  |TAMS 0x0000000094700000, 0x0000000094700000| Untracked 
|  60|0x0000000094800000, 0x0000000094800000, 0x0000000094900000|  0%| F|  |TAMS 0x0000000094800000, 0x0000000094800000| Untracked 
|  61|0x0000000094900000, 0x0000000094900000, 0x0000000094a00000|  0%| F|  |TAMS 0x0000000094900000, 0x0000000094900000| Untracked 
|  62|0x0000000094a00000, 0x0000000094a00000, 0x0000000094b00000|  0%| F|  |TAMS 0x0000000094a00000, 0x0000000094a00000| Untracked 
|  63|0x0000000094b00000, 0x0000000094b00000, 0x0000000094c00000|  0%| F|  |TAMS 0x0000000094b00000, 0x0000000094b00000| Untracked 
|  64|0x0000000094c00000, 0x0000000094c00000, 0x0000000094d00000|  0%| F|  |TAMS 0x0000000094c00000, 0x0000000094c00000| Untracked 
|  65|0x0000000094d00000, 0x0000000094d00000, 0x0000000094e00000|  0%| F|  |TAMS 0x0000000094d00000, 0x0000000094d00000| Untracked 
|  66|0x0000000094e00000, 0x0000000094e00000, 0x0000000094f00000|  0%| F|  |TAMS 0x0000000094e00000, 0x0000000094e00000| Untracked 
|  67|0x0000000094f00000, 0x0000000094f00000, 0x0000000095000000|  0%| F|  |TAMS 0x0000000094f00000, 0x0000000094f00000| Untracked 
|  68|0x0000000095000000, 0x0000000095000000, 0x0000000095100000|  0%| F|  |TAMS 0x0000000095000000, 0x0000000095000000| Untracked 
|  69|0x0000000095100000, 0x0000000095100000, 0x0000000095200000|  0%| F|  |TAMS 0x0000000095100000, 0x0000000095100000| Untracked 
|  70|0x0000000095200000, 0x0000000095200000, 0x0000000095300000|  0%| F|  |TAMS 0x0000000095200000, 0x0000000095200000| Untracked 
|  71|0x0000000095300000, 0x0000000095300000, 0x0000000095400000|  0%| F|  |TAMS 0x0000000095300000, 0x0000000095300000| Untracked 
|  72|0x0000000095400000, 0x0000000095400000, 0x0000000095500000|  0%| F|  |TAMS 0x0000000095400000, 0x0000000095400000| Untracked 
|  73|0x0000000095500000, 0x0000000095500000, 0x0000000095600000|  0%| F|  |TAMS 0x0000000095500000, 0x0000000095500000| Untracked 
|  74|0x0000000095600000, 0x0000000095600000, 0x0000000095700000|  0%| F|  |TAMS 0x0000000095600000, 0x0000000095600000| Untracked 
|  75|0x0000000095700000, 0x0000000095700000, 0x0000000095800000|  0%| F|  |TAMS 0x0000000095700000, 0x0000000095700000| Untracked 
|  76|0x0000000095800000, 0x0000000095800000, 0x0000000095900000|  0%| F|  |TAMS 0x0000000095800000, 0x0000000095800000| Untracked 
|  77|0x0000000095900000, 0x0000000095900000, 0x0000000095a00000|  0%| F|  |TAMS 0x0000000095900000, 0x0000000095900000| Untracked 
|  78|0x0000000095a00000, 0x0000000095a00000, 0x0000000095b00000|  0%| F|  |TAMS 0x0000000095a00000, 0x0000000095a00000| Untracked 
|  79|0x0000000095b00000, 0x0000000095b00000, 0x0000000095c00000|  0%| F|  |TAMS 0x0000000095b00000, 0x0000000095b00000| Untracked 
|  80|0x0000000095c00000, 0x0000000095c00000, 0x0000000095d00000|  0%| F|  |TAMS 0x0000000095c00000, 0x0000000095c00000| Untracked 
|  81|0x0000000095d00000, 0x0000000095d00000, 0x0000000095e00000|  0%| F|  |TAMS 0x0000000095d00000, 0x0000000095d00000| Untracked 
|  82|0x0000000095e00000, 0x0000000095e00000, 0x0000000095f00000|  0%| F|  |TAMS 0x0000000095e00000, 0x0000000095e00000| Untracked 
|  83|0x0000000095f00000, 0x0000000095f00000, 0x0000000096000000|  0%| F|  |TAMS 0x0000000095f00000, 0x0000000095f00000| Untracked 
|  84|0x0000000096000000, 0x0000000096000000, 0x0000000096100000|  0%| F|  |TAMS 0x0000000096000000, 0x0000000096000000| Untracked 
|  85|0x0000000096100000, 0x0000000096100000, 0x0000000096200000|  0%| F|  |TAMS 0x0000000096100000, 0x0000000096100000| Untracked 
|  86|0x0000000096200000, 0x0000000096200000, 0x0000000096300000|  0%| F|  |TAMS 0x0000000096200000, 0x0000000096200000| Untracked 
|  87|0x0000000096300000, 0x0000000096300000, 0x0000000096400000|  0%| F|  |TAMS 0x0000000096300000, 0x0000000096300000| Untracked 
|  88|0x0000000096400000, 0x0000000096400000, 0x0000000096500000|  0%| F|  |TAMS 0x0000000096400000, 0x0000000096400000| Untracked 
|  89|0x0000000096500000, 0x0000000096500000, 0x0000000096600000|  0%| F|  |TAMS 0x0000000096500000, 0x0000000096500000| Untracked 
|  90|0x0000000096600000, 0x0000000096600000, 0x0000000096700000|  0%| F|  |TAMS 0x0000000096600000, 0x0000000096600000| Untracked 
|  91|0x0000000096700000, 0x0000000096700000, 0x0000000096800000|  0%| F|  |TAMS 0x0000000096700000, 0x0000000096700000| Untracked 
|  92|0x0000000096800000, 0x0000000096800000, 0x0000000096900000|  0%| F|  |TAMS 0x0000000096800000, 0x0000000096800000| Untracked 
|  93|0x0000000096900000, 0x0000000096900000, 0x0000000096a00000|  0%| F|  |TAMS 0x0000000096900000, 0x0000000096900000| Untracked 
|  94|0x0000000096a00000, 0x0000000096a00000, 0x0000000096b00000|  0%| F|  |TAMS 0x0000000096a00000, 0x0000000096a00000| Untracked 
|  95|0x0000000096b00000, 0x0000000096b00000, 0x0000000096c00000|  0%| F|  |TAMS 0x0000000096b00000, 0x0000000096b00000| Untracked 
|  96|0x0000000096c00000, 0x0000000096c00000, 0x0000000096d00000|  0%| F|  |TAMS 0x0000000096c00000, 0x0000000096c00000| Untracked 
|  97|0x0000000096d00000, 0x0000000096d6e0d8, 0x0000000096e00000| 42%| E|  |TAMS 0x0000000096d00000, 0x0000000096d00000| Complete 
|  98|0x0000000096e00000, 0x0000000096f00000, 0x0000000096f00000|100%| E|CS|TAMS 0x0000000096e00000, 0x0000000096e00000| Complete 
|  99|0x0000000096f00000, 0x0000000097000000, 0x0000000097000000|100%| E|CS|TAMS 0x0000000096f00000, 0x0000000096f00000| Complete 
| 100|0x0000000097000000, 0x000000009709ce40, 0x0000000097100000| 61%| S|CS|TAMS 0x0000000097000000, 0x0000000097000000| Complete 
| 101|0x0000000097100000, 0x0000000097200000, 0x0000000097200000|100%| S|CS|TAMS 0x0000000097100000, 0x0000000097100000| Complete 
| 102|0x0000000097200000, 0x0000000097300000, 0x0000000097300000|100%| E|CS|TAMS 0x0000000097200000, 0x0000000097200000| Complete 
| 103|0x0000000097300000, 0x0000000097400000, 0x0000000097400000|100%| E|CS|TAMS 0x0000000097300000, 0x0000000097300000| Complete 
| 104|0x0000000097400000, 0x0000000097500000, 0x0000000097500000|100%| E|CS|TAMS 0x0000000097400000, 0x0000000097400000| Complete 
| 105|0x0000000097500000, 0x0000000097600000, 0x0000000097600000|100%| E|CS|TAMS 0x0000000097500000, 0x0000000097500000| Complete 
| 106|0x0000000097600000, 0x0000000097700000, 0x0000000097700000|100%| E|CS|TAMS 0x0000000097600000, 0x0000000097600000| Complete 
| 107|0x0000000097700000, 0x0000000097800000, 0x0000000097800000|100%| E|CS|TAMS 0x0000000097700000, 0x0000000097700000| Complete 
| 108|0x0000000097800000, 0x0000000097900000, 0x0000000097900000|100%| E|CS|TAMS 0x0000000097800000, 0x0000000097800000| Complete 
| 109|0x0000000097900000, 0x0000000097a00000, 0x0000000097a00000|100%| E|CS|TAMS 0x0000000097900000, 0x0000000097900000| Complete 
| 110|0x0000000097a00000, 0x0000000097b00000, 0x0000000097b00000|100%| E|CS|TAMS 0x0000000097a00000, 0x0000000097a00000| Complete 
| 111|0x0000000097b00000, 0x0000000097c00000, 0x0000000097c00000|100%| E|CS|TAMS 0x0000000097b00000, 0x0000000097b00000| Complete 

Card table byte_map: [0x000001a4955e0000,0x000001a495960000] _byte_map_base: 0x000001a49515a000

Marking Bits (Prev, Next): (CMBitMap*) 0x000001a48f99ce70, (CMBitMap*) 0x000001a48f99ceb0
 Prev Bits: [0x000001a495ce0000, 0x000001a4978b0000)
 Next Bits: [0x000001a4978b0000, 0x000001a499480000)

Polling page: 0x000001a48d7a0000

Metaspace:

Usage:
  Non-class:     13.28 MB used.
      Class:      1.83 MB used.
       Both:     15.11 MB used.

Virtual space:
  Non-class space:       16.00 MB reserved,      13.38 MB ( 84%) committed,  2 nodes.
      Class space:        1.00 GB reserved,       1.94 MB ( <1%) committed,  1 nodes.
             Both:        1.02 GB reserved,      15.31 MB (  1%) committed. 

Chunk freelists:
   Non-Class:  2.30 MB
       Class:  2.11 MB
        Both:  4.41 MB

MaxMetaspaceSize: unlimited
CompressedClassSpaceSize: 1.00 GB
Initial GC threshold: 21.00 MB
Current GC threshold: 21.00 MB
CDS: off
MetaspaceReclaimPolicy: balanced
 - commit_granule_bytes: 65536.
 - commit_granule_words: 8192.
 - virtual_space_node_default_size: 1048576.
 - enlarge_chunks_in_place: 1.
 - new_chunks_are_fully_committed: 0.
 - uncommit_free_chunks: 1.
 - use_allocation_guard: 0.
 - handle_deallocations: 1.


Internal statistics:

num_allocs_failed_limit: 0.
num_arena_births: 114.
num_arena_deaths: 0.
num_vsnodes_births: 3.
num_vsnodes_deaths: 0.
num_space_committed: 245.
num_space_uncommitted: 0.
num_chunks_returned_to_freelist: 0.
num_chunks_taken_from_freelist: 337.
num_chunk_merges: 0.
num_chunk_splits: 215.
num_chunks_enlarged: 168.
num_purges: 0.
num_inconsistent_stats: 0.

CodeCache: size=49152Kb used=4218Kb max_used=4218Kb free=44933Kb
 bounds [0x000001a4925e0000, 0x000001a492a00000, 0x000001a4955e0000]
 total_blobs=1785 nmethods=1340 adapters=371
 compilation: enabled
              stopped_count=0, restarted_count=0
 full_count=0

Compilation events (20 events):
Event: 1.516 Thread 0x000001a49ba9bbe0 1329       1       java.math.BigInteger::<init> (404 bytes)
Event: 1.516 Thread 0x000001a49c5d7ab0 1330       1       java.math.BigInteger::getInt (63 bytes)
Event: 1.516 Thread 0x000001a49c5d7ab0 nmethod 1330 0x000001a4929f6c10 code [0x000001a4929f6dc0, 0x000001a4929f6fc8]
Event: 1.516 Thread 0x000001a49c5d7ab0 1331       1       java.math.BigInteger::trustedStripLeadingZeroInts (37 bytes)
Event: 1.517 Thread 0x000001a49c5d7ab0 nmethod 1331 0x000001a4929f7090 code [0x000001a4929f7220, 0x000001a4929f7328]
Event: 1.517 Thread 0x000001a49ce9bdf0 1332       1       sun.security.util.CurveDB::bi (11 bytes)
Event: 1.517 Thread 0x000001a49ce9bdf0 nmethod 1332 0x000001a4929f7410 code [0x000001a4929f75a0, 0x000001a4929f76e8]
Event: 1.517 Thread 0x000001a49ce9bdf0 1333  s    1       java.io.ByteArrayOutputStream::write (32 bytes)
Event: 1.517 Thread 0x000001a49ba9bbe0 nmethod 1329 0x000001a4929f7790 code [0x000001a4929f7ac0, 0x000001a4929f8a68]
Event: 1.517 Thread 0x000001a49ce9bdf0 nmethod 1333 0x000001a4929f9590 code [0x000001a4929f9740, 0x000001a4929f9b38]
Event: 1.518 Thread 0x000001a49ba9bbe0 1334       1       java.math.BigInteger::signum (5 bytes)
Event: 1.518 Thread 0x000001a49ba9bbe0 nmethod 1334 0x000001a4929f9d10 code [0x000001a4929f9ea0, 0x000001a4929f9f78]
Event: 1.519 Thread 0x000001a49ce9bdf0 1335   !   1       java.util.jar.Attributes::read (498 bytes)
Event: 1.520 Thread 0x000001a49ba9bbe0 1336       1       java.util.HashMap::<init> (8 bytes)
Event: 1.520 Thread 0x000001a49ba9bbe0 nmethod 1336 0x000001a4929fa010 code [0x000001a4929fa1c0, 0x000001a4929fa2a8]
Event: 1.521 Thread 0x000001a49ba9bbe0 1337       1       java.lang.reflect.Constructor::getSharedParameterTypes (5 bytes)
Event: 1.521 Thread 0x000001a49ba9bbe0 nmethod 1337 0x000001a4929fa310 code [0x000001a4929fa4a0, 0x000001a4929fa578]
Event: 1.523 Thread 0x000001a49ce9bdf0 nmethod 1335 0x000001a4929fa610 code [0x000001a4929fab80, 0x000001a4929fca08]
Event: 1.526 Thread 0x000001a49ce9bdf0 1338       1       jdk.internal.org.objectweb.asm.MethodVisitor::visitVarInsn (17 bytes)
Event: 1.526 Thread 0x000001a49ce9bdf0 nmethod 1338 0x000001a4929fe010 code [0x000001a4929fe1a0, 0x000001a4929fe288]

GC Heap History (4 events):
Event: 0.652 GC heap before
{Heap before GC invocations=0 (full 0):
 garbage-first heap   total 114688K, used 12288K [0x0000000090c00000, 0x0000000100000000)
  region size 1024K, 13 young (13312K), 0 survivors (0K)
 Metaspace       used 6917K, committed 7104K, reserved 1056768K
  class space    used 723K, committed 832K, reserved 1048576K
}
Event: 0.658 GC heap after
{Heap after GC invocations=1 (full 0):
 garbage-first heap   total 114688K, used 6638K [0x0000000090c00000, 0x0000000100000000)
  region size 1024K, 2 young (2048K), 2 survivors (2048K)
 Metaspace       used 6917K, committed 7104K, reserved 1056768K
  class space    used 723K, committed 832K, reserved 1048576K
}
Event: 1.029 GC heap before
{Heap before GC invocations=1 (full 0):
 garbage-first heap   total 114688K, used 16878K [0x0000000090c00000, 0x0000000100000000)
  region size 1024K, 12 young (12288K), 2 survivors (2048K)
 Metaspace       used 10592K, committed 10752K, reserved 1064960K
  class space    used 1217K, committed 1280K, reserved 1048576K
}
Event: 1.033 GC heap after
{Heap after GC invocations=2 (full 0):
 garbage-first heap   total 114688K, used 8247K [0x0000000090c00000, 0x0000000100000000)
  region size 1024K, 2 young (2048K), 2 survivors (2048K)
 Metaspace       used 10592K, committed 10752K, reserved 1064960K
  class space    used 1217K, committed 1280K, reserved 1048576K
}

Deoptimization events (0 events):
No events

Classes unloaded (0 events):
No events

Classes redefined (0 events):
No events

Internal exceptions (20 events):
Event: 0.984 Thread 0x000001a48f9453a0 Exception <a 'java/lang/NoSuchMethodError'{0x000000009738eaf8}: 'int java.lang.invoke.DirectMethodHandle$Holder.invokeStaticInit(java.lang.Object, java.lang.Object)'> (0x000000009738eaf8) 
thrown [s\src\hotspot\share\interpreter\linkResolver.cpp, line 759]
Event: 1.043 Thread 0x000001a48f9453a0 Exception <a 'java/lang/NoSuchMethodError'{0x0000000097b33508}: 'java.lang.Object java.lang.invoke.Invokers$Holder.invokeExact_MT(java.lang.Object, java.lang.Object, java.lang.Object, java.lang.Object, java.lang.Object, java.lang.Object)'> (0x0000000097b33508) 
thrown [s\src\hotspot\share\interpreter\linkResolver.cpp, line 759]
Event: 1.059 Thread 0x000001a48f9453a0 Exception <a 'java/lang/NoSuchMethodError'{0x0000000097bf9d18}: 'int java.lang.invoke.DirectMethodHandle$Holder.invokeStaticInit(java.lang.Object, java.lang.Object, java.lang.Object)'> (0x0000000097bf9d18) 
thrown [s\src\hotspot\share\interpreter\linkResolver.cpp, line 759]
Event: 1.063 Thread 0x000001a48f9453a0 Exception <a 'java/lang/NoSuchMethodError'{0x0000000097a25370}: 'java.lang.Object java.lang.invoke.DirectMethodHandle$Holder.invokeVirtual(java.lang.Object, java.lang.Object, java.lang.Object)'> (0x0000000097a25370) 
thrown [s\src\hotspot\share\interpreter\linkResolver.cpp, line 759]
Event: 1.067 Thread 0x000001a48f9453a0 Exception <a 'java/lang/NoSuchMethodError'{0x0000000097a55730}: 'java.lang.Object java.lang.invoke.DirectMethodHandle$Holder.newInvokeSpecial(java.lang.Object, java.lang.Object, java.lang.Object, java.lang.Object, java.lang.Object)'> (0x0000000097a55730) 
thrown [s\src\hotspot\share\interpreter\linkResolver.cpp, line 759]
Event: 1.094 Thread 0x000001a48f9453a0 Exception <a 'java/lang/NoSuchMethodError'{0x0000000097958520}: 'void java.lang.invoke.DirectMethodHandle$Holder.invokeStatic(java.lang.Object, java.lang.Object, java.lang.Object)'> (0x0000000097958520) 
thrown [s\src\hotspot\share\interpreter\linkResolver.cpp, line 759]
Event: 1.277 Thread 0x000001a48f9453a0 Exception <a 'java/lang/NoSuchMethodError'{0x00000000975653e0}: 'int java.lang.invoke.DirectMethodHandle$Holder.invokeSpecial(java.lang.Object, java.lang.Object, java.lang.Object)'> (0x00000000975653e0) 
thrown [s\src\hotspot\share\interpreter\linkResolver.cpp, line 759]
Event: 1.284 Thread 0x000001a48f9453a0 Exception <a 'java/lang/NoSuchMethodError'{0x00000000975adaf8}: 'int java.lang.invoke.DirectMethodHandle$Holder.invokeSpecial(java.lang.Object, java.lang.Object, java.lang.Object, java.lang.Object)'> (0x00000000975adaf8) 
thrown [s\src\hotspot\share\interpreter\linkResolver.cpp, line 759]
Event: 1.303 Thread 0x000001a48f9453a0 Exception <a 'java/lang/NoSuchMethodError'{0x00000000974415c0}: 'void java.lang.invoke.DirectMethodHandle$Holder.invokeSpecial(java.lang.Object, java.lang.Object, java.lang.Object)'> (0x00000000974415c0) 
thrown [s\src\hotspot\share\interpreter\linkResolver.cpp, line 759]
Event: 1.325 Thread 0x000001a48f9453a0 Exception <a 'java/lang/NoSuchMethodError'{0x000000009735d4a8}: 'java.lang.Object java.lang.invoke.DirectMethodHandle$Holder.invokeSpecial(java.lang.Object, java.lang.Object, java.lang.Object, java.lang.Object, java.lang.Object, java.lang.Object, int)'> (0x000000009735d4a8) 
thrown [s\src\hotspot\share\interpreter\linkResolver.cpp, line 759]
Event: 1.326 Thread 0x000001a48f9453a0 Exception <a 'java/lang/NoSuchMethodError'{0x0000000097367758}: 'java.lang.Object java.lang.invoke.DirectMethodHandle$Holder.newInvokeSpecial(java.lang.Object, java.lang.Object, java.lang.Object, java.lang.Object, java.lang.Object, java.lang.Object, int)'> (0x0000000097367758) 
thrown [s\src\hotspot\share\interpreter\linkResolver.cpp, line 759]
Event: 1.327 Thread 0x000001a48f9453a0 Exception <a 'java/lang/NoSuchMethodError'{0x000000009736c4f0}: 'java.lang.Object java.lang.invoke.DirectMethodHandle$Holder.invokeSpecial(java.lang.Object, java.lang.Object, java.lang.Object, java.lang.Object, java.lang.Object, java.lang.Object, java.lang.Object, int)'> (0x000000009736c4f0) 
thrown [s\src\hotspot\share\interpreter\linkResolver.cpp, line 759]
Event: 1.336 Thread 0x000001a48f9453a0 Exception <a 'java/lang/NoSuchMethodError'{0x00000000973bbbc0}: 'java.lang.Object java.lang.invoke.DirectMethodHandle$Holder.newInvokeSpecial(java.lang.Object, java.lang.Object, int, java.lang.Object)'> (0x00000000973bbbc0) 
thrown [s\src\hotspot\share\interpreter\linkResolver.cpp, line 759]
Event: 1.336 Thread 0x000001a48f9453a0 Exception <a 'java/lang/NoSuchMethodError'{0x00000000973bffa0}: 'java.lang.Object java.lang.invoke.DirectMethodHandle$Holder.invokeSpecial(java.lang.Object, java.lang.Object, java.lang.Object, int, java.lang.Object)'> (0x00000000973bffa0) 
thrown [s\src\hotspot\share\interpreter\linkResolver.cpp, line 759]
Event: 1.344 Thread 0x000001a48f9453a0 Exception <a 'java/lang/NoSuchMethodError'{0x00000000973ff058}: 'java.lang.Object java.lang.invoke.DirectMethodHandle$Holder.newInvokeSpecial(java.lang.Object, java.lang.Object, java.lang.Object, java.lang.Object, java.lang.Object, java.lang.Object)'> (0x00000000973ff058) 
thrown [s\src\hotspot\share\interpreter\linkResolver.cpp, line 759]
Event: 1.353 Thread 0x000001a48f9453a0 Exception <a 'java/lang/NoSuchMethodError'{0x000000009724a5d0}: 'void java.lang.invoke.DirectMethodHandle$Holder.invokeStatic(java.lang.Object, java.lang.Object, java.lang.Object, java.lang.Object)'> (0x000000009724a5d0) 
thrown [s\src\hotspot\share\interpreter\linkResolver.cpp, line 759]
Event: 1.370 Thread 0x000001a48f9453a0 Exception <a 'java/lang/NoSuchMethodError'{0x00000000972a5f00}: 'void java.lang.invoke.DirectMethodHandle$Holder.invokeStatic(java.lang.Object, java.lang.Object)'> (0x00000000972a5f00) 
thrown [s\src\hotspot\share\interpreter\linkResolver.cpp, line 759]
Event: 1.370 Thread 0x000001a48f9453a0 Exception <a 'java/lang/NoSuchMethodError'{0x00000000972a9458}: 'void java.lang.invoke.DirectMethodHandle$Holder.invokeStaticInit(java.lang.Object, java.lang.Object)'> (0x00000000972a9458) 
thrown [s\src\hotspot\share\interpreter\linkResolver.cpp, line 759]
Event: 1.386 Thread 0x000001a48f9453a0 Exception <a 'java/lang/NoSuchMethodError'{0x00000000972c38d0}: 'java.lang.Object java.lang.invoke.DirectMethodHandle$Holder.invokeStaticInit(java.lang.Object)'> (0x00000000972c38d0) 
thrown [s\src\hotspot\share\interpreter\linkResolver.cpp, line 759]
Event: 1.457 Thread 0x000001a48f9453a0 Exception <a 'java/lang/NoSuchMethodError'{0x0000000096fb2208}: 'void java.lang.invoke.DirectMethodHandle$Holder.invokeSpecial(java.lang.Object, java.lang.Object, java.lang.Object, java.lang.Object, java.lang.Object)'> (0x0000000096fb2208) 
thrown [s\src\hotspot\share\interpreter\linkResolver.cpp, line 759]

VM Operations (20 events):
Event: 0.277 Executing VM operation: HandshakeAllThreads
Event: 0.277 Executing VM operation: HandshakeAllThreads done
Event: 0.567 Executing VM operation: HandshakeAllThreads
Event: 0.567 Executing VM operation: HandshakeAllThreads done
Event: 0.652 Executing VM operation: G1CollectForAllocation
Event: 0.658 Executing VM operation: G1CollectForAllocation done
Event: 0.854 Executing VM operation: HandshakeAllThreads
Event: 0.854 Executing VM operation: HandshakeAllThreads done
Event: 0.936 Executing VM operation: HandshakeAllThreads
Event: 0.936 Executing VM operation: HandshakeAllThreads done
Event: 1.029 Executing VM operation: G1CollectForAllocation
Event: 1.033 Executing VM operation: G1CollectForAllocation done
Event: 1.129 Executing VM operation: HandshakeAllThreads
Event: 1.129 Executing VM operation: HandshakeAllThreads done
Event: 1.347 Executing VM operation: HandshakeAllThreads
Event: 1.347 Executing VM operation: HandshakeAllThreads done
Event: 1.485 Executing VM operation: HandshakeAllThreads
Event: 1.485 Executing VM operation: HandshakeAllThreads done
Event: 1.490 Executing VM operation: HandshakeAllThreads
Event: 1.490 Executing VM operation: HandshakeAllThreads done

Events (20 events):
Event: 1.528 loading class java/lang/constant/MethodTypeDescImpl done
Event: 1.528 loading class java/lang/constant/MethodHandleDesc
Event: 1.528 loading class java/lang/constant/MethodHandleDesc done
Event: 1.528 loading class java/lang/constant/MethodHandleDesc$1
Event: 1.528 loading class java/lang/constant/MethodHandleDesc$1 done
Event: 1.528 loading class java/lang/constant/DirectMethodHandleDescImpl
Event: 1.528 loading class java/lang/constant/DirectMethodHandleDesc
Event: 1.528 loading class java/lang/constant/DirectMethodHandleDesc done
Event: 1.528 loading class java/lang/constant/DirectMethodHandleDescImpl done
Event: 1.528 loading class java/lang/constant/DirectMethodHandleDescImpl$1
Event: 1.528 loading class java/lang/constant/DirectMethodHandleDescImpl$1 done
Event: 1.528 loading class java/lang/constant/DirectMethodHandleDesc$1
Event: 1.528 loading class java/lang/constant/DirectMethodHandleDesc$1 done
Event: 1.528 loading class java/lang/constant/PrimitiveClassDescImpl
Event: 1.528 loading class java/lang/constant/DynamicConstantDesc
Event: 1.529 loading class java/lang/constant/DynamicConstantDesc done
Event: 1.529 loading class java/lang/constant/PrimitiveClassDescImpl done
Event: 1.529 loading class java/lang/constant/DynamicConstantDesc$AnonymousDynamicConstantDesc
Event: 1.529 loading class java/lang/constant/DynamicConstantDesc$AnonymousDynamicConstantDesc done
Event: 1.529 loading class sun/security/util/SignatureUtil


Dynamic libraries:
0x00007ff7de200000 - 0x00007ff7de20e000 	c:\Users\balis\.vscode\extensions\redhat.java-1.10.2022081204-win32-x64\jre\17.0.4-win32-x86_64\bin\java.exe
0x00007ffca3730000 - 0x00007ffca3928000 	C:\Windows\SYSTEM32\ntdll.dll
0x00007ffca3000000 - 0x00007ffca30bd000 	C:\Windows\System32\KERNEL32.DLL
0x00007ffca0e80000 - 0x00007ffca114e000 	C:\Windows\System32\KERNELBASE.dll
0x00007ffca1230000 - 0x00007ffca1330000 	C:\Windows\System32\ucrtbase.dll
0x00007ffc914b0000 - 0x00007ffc914c8000 	c:\Users\balis\.vscode\extensions\redhat.java-1.10.2022081204-win32-x64\jre\17.0.4-win32-x86_64\bin\jli.dll
0x00007ffc91450000 - 0x00007ffc91469000 	c:\Users\balis\.vscode\extensions\redhat.java-1.10.2022081204-win32-x64\jre\17.0.4-win32-x86_64\bin\VCRUNTIME140.dll
0x00007ffca1fc0000 - 0x00007ffca2160000 	C:\Windows\System32\USER32.dll
0x00007ffca1200000 - 0x00007ffca1222000 	C:\Windows\System32\win32u.dll
0x00007ffc8e420000 - 0x00007ffc8e6ba000 	C:\Windows\WinSxS\amd64_microsoft.windows.common-controls_6595b64144ccf1df_6.0.19041.1110_none_60b5254171f9507e\COMCTL32.dll
0x00007ffca1dd0000 - 0x00007ffca1dfa000 	C:\Windows\System32\GDI32.dll
0x00007ffca1680000 - 0x00007ffca178b000 	C:\Windows\System32\gdi32full.dll
0x00007ffca26b0000 - 0x00007ffca274e000 	C:\Windows\System32\msvcrt.dll
0x00007ffca1330000 - 0x00007ffca13cd000 	C:\Windows\System32\msvcp_win.dll
0x00007ffca27b0000 - 0x00007ffca27e0000 	C:\Windows\System32\IMM32.DLL
0x00007ffc9c0e0000 - 0x00007ffc9c0ec000 	c:\Users\balis\.vscode\extensions\redhat.java-1.10.2022081204-win32-x64\jre\17.0.4-win32-x86_64\bin\vcruntime140_1.dll
0x00007ffc375e0000 - 0x00007ffc37671000 	c:\Users\balis\.vscode\extensions\redhat.java-1.10.2022081204-win32-x64\jre\17.0.4-win32-x86_64\bin\msvcp140.dll
0x00007ffc2b080000 - 0x00007ffc2bcc6000 	c:\Users\balis\.vscode\extensions\redhat.java-1.10.2022081204-win32-x64\jre\17.0.4-win32-x86_64\bin\server\jvm.dll
0x00007ffca2430000 - 0x00007ffca24de000 	C:\Windows\System32\ADVAPI32.dll
0x00007ffca3650000 - 0x00007ffca36ec000 	C:\Windows\System32\sechost.dll
0x00007ffca1e00000 - 0x00007ffca1f25000 	C:\Windows\System32\RPCRT4.dll
0x00007ffca31d0000 - 0x00007ffca31d8000 	C:\Windows\System32\PSAPI.DLL
0x00007ffc96820000 - 0x00007ffc96847000 	C:\Windows\SYSTEM32\WINMM.dll
0x00007ffc9b850000 - 0x00007ffc9b859000 	C:\Windows\SYSTEM32\WSOCK32.dll
0x00007ffc979f0000 - 0x00007ffc979fa000 	C:\Windows\SYSTEM32\VERSION.dll
0x00007ffca23c0000 - 0x00007ffca242b000 	C:\Windows\System32\WS2_32.dll
0x00007ffc9ed30000 - 0x00007ffc9ed42000 	C:\Windows\SYSTEM32\kernel.appcore.dll
0x00007ffc9c070000 - 0x00007ffc9c07a000 	c:\Users\balis\.vscode\extensions\redhat.java-1.10.2022081204-win32-x64\jre\17.0.4-win32-x86_64\bin\jimage.dll
0x00007ffc99880000 - 0x00007ffc99a64000 	C:\Windows\SYSTEM32\DBGHELP.DLL
0x00007ffc8b570000 - 0x00007ffc8b59c000 	C:\Windows\SYSTEM32\dbgcore.DLL
0x00007ffca13d0000 - 0x00007ffca1452000 	C:\Windows\System32\bcryptPrimitives.dll
0x00007ffc6f730000 - 0x00007ffc6f755000 	c:\Users\balis\.vscode\extensions\redhat.java-1.10.2022081204-win32-x64\jre\17.0.4-win32-x86_64\bin\java.dll
0x00007ffc8ed50000 - 0x00007ffc8ed68000 	c:\Users\balis\.vscode\extensions\redhat.java-1.10.2022081204-win32-x64\jre\17.0.4-win32-x86_64\bin\zip.dll
0x00007ffca27e0000 - 0x00007ffca2f24000 	C:\Windows\System32\SHELL32.dll
0x00007ffc9ef30000 - 0x00007ffc9f6c4000 	C:\Windows\SYSTEM32\windows.storage.dll
0x00007ffca1a10000 - 0x00007ffca1d64000 	C:\Windows\System32\combase.dll
0x00007ffca0700000 - 0x00007ffca0730000 	C:\Windows\SYSTEM32\Wldp.dll
0x00007ffca2310000 - 0x00007ffca23bd000 	C:\Windows\System32\SHCORE.dll
0x00007ffca2750000 - 0x00007ffca27a5000 	C:\Windows\System32\shlwapi.dll
0x00007ffca0d90000 - 0x00007ffca0daf000 	C:\Windows\SYSTEM32\profapi.dll
0x00007ffc8da80000 - 0x00007ffc8da99000 	C:\Users\balis\.vscode\extensions\redhat.java-1.10.2022081204-win32-x64\jre\17.0.4-win32-x86_64\bin\net.dll
0x00007ffc918a0000 - 0x00007ffc919aa000 	C:\Windows\SYSTEM32\WINHTTP.dll
0x00007ffca04e0000 - 0x00007ffca054a000 	C:\Windows\system32\mswsock.dll
0x00007ffc71b50000 - 0x00007ffc71b65000 	C:\Users\balis\.vscode\extensions\redhat.java-1.10.2022081204-win32-x64\jre\17.0.4-win32-x86_64\bin\nio.dll
0x00007ffc91430000 - 0x00007ffc91440000 	c:\Users\balis\.vscode\extensions\redhat.java-1.10.2022081204-win32-x64\jre\17.0.4-win32-x86_64\bin\verify.dll
0x00007ffc913f0000 - 0x00007ffc913f9000 	C:\Users\balis\.vscode\extensions\redhat.java-1.10.2022081204-win32-x64\jre\17.0.4-win32-x86_64\bin\management.dll
0x00007ffc7f010000 - 0x00007ffc7f01b000 	C:\Users\balis\.vscode\extensions\redhat.java-1.10.2022081204-win32-x64\jre\17.0.4-win32-x86_64\bin\management_ext.dll
0x00007ffc9b6a0000 - 0x00007ffc9b6b7000 	C:\Windows\system32\napinsp.dll
0x00007ffc71500000 - 0x00007ffc7151b000 	C:\Windows\system32\pnrpnsp.dll
0x00007ffc6d410000 - 0x00007ffc6d425000 	C:\Windows\system32\wshbth.dll
0x00007ffc9c710000 - 0x00007ffc9c72d000 	C:\Windows\system32\NLAapi.dll
0x00007ffca01f0000 - 0x00007ffca022b000 	C:\Windows\SYSTEM32\IPHLPAPI.DLL
0x00007ffca0230000 - 0x00007ffca02fa000 	C:\Windows\SYSTEM32\DNSAPI.dll
0x00007ffca1790000 - 0x00007ffca1798000 	C:\Windows\System32\NSI.dll
0x00007ffc71420000 - 0x00007ffc71432000 	C:\Windows\System32\winrnr.dll
0x00007ffc90db0000 - 0x00007ffc90dba000 	C:\Windows\System32\rasadhlp.dll
0x00007ffc90e20000 - 0x00007ffc90ea0000 	C:\Windows\System32\fwpuclnt.dll
0x00007ffca0e50000 - 0x00007ffca0e77000 	C:\Windows\System32\bcrypt.dll

dbghelp: loaded successfully - version: 4.0.5 - missing functions: none
symbol engine: initialized successfully - sym options: 0x614 - pdb path: .;c:\Users\balis\.vscode\extensions\redhat.java-1.10.2022081204-win32-x64\jre\17.0.4-win32-x86_64\bin;C:\Windows\SYSTEM32;C:\Windows\WinSxS\amd64_microsoft.windows.common-controls_6595b64144ccf1df_6.0.19041.1110_none_60b5254171f9507e;c:\Users\balis\.vscode\extensions\redhat.java-1.10.2022081204-win32-x64\jre\17.0.4-win32-x86_64\bin\server

VM Arguments:
jvm_args: -Dsts.lsp.client=vscode -Dsts.log.file=/dev/null -XX:TieredStopAtLevel=1 -Dspring.config.location=file:c:\Users\balis\.vscode\extensions\pivotal.vscode-spring-boot-1.38.0\language-server\BOOT-INF\classes\application.properties 
java_command: org.springframework.ide.vscode.boot.app.BootLanguageServerBootApp
java_class_path (initial): c:\Users\balis\.vscode\extensions\pivotal.vscode-spring-boot-1.38.0\language-server\BOOT-INF\classes;c:\Users\balis\.vscode\extensions\pivotal.vscode-spring-boot-1.38.0\language-server\BOOT-INF\lib\annotations-23.0.0.jar;c:\Users\balis\.vscode\extensions\pivotal.vscode-spring-boot-1.38.0\language-server\BOOT-INF\lib\antlr-runtime-3.5.2.jar;c:\Users\balis\.vscode\extensions\pivotal.vscode-spring-boot-1.38.0\language-server\BOOT-INF\lib\antlr4-4.9.3.jar;c:\Users\balis\.vscode\extensions\pivotal.vscode-spring-boot-1.38.0\language-server\BOOT-INF\lib\antlr4-runtime-4.9.3.jar;c:\Users\balis\.vscode\extensions\pivotal.vscode-spring-boot-1.38.0\language-server\BOOT-INF\lib\asm-9.3.jar;c:\Users\balis\.vscode\extensions\pivotal.vscode-spring-boot-1.38.0\language-server\BOOT-INF\lib\asm-analysis-9.3.jar;c:\Users\balis\.vscode\extensions\pivotal.vscode-spring-boot-1.38.0\language-server\BOOT-INF\lib\asm-tree-9.3.jar;c:\Users\balis\.vscode\extensions\pivotal.vscode-spring-boot-1.38.0\language-server\BOOT-INF\lib\asm-util-9.3.jar;c:\Users\balis\.vscode\extensions\pivotal.vscode-spring-boot-1.38.0\language-server\BOOT-INF\lib\byte-buddy-1.10.18.jar;c:\Users\balis\.vscode\extensions\pivotal.vscode-spring-boot-1.38.0\language-server\BOOT-INF\lib\caffeine-2.8.6.jar;c:\Users\balis\.vscode\extensions\pivotal.vscode-spring-boot-1.38.0\language-server\BOOT-INF\lib\checker-qual-3.12.0.jar;c:\Users\balis\.vscode\extensions\pivotal.vscode-spring-boot-1.38.0\language-server\BOOT-INF\lib\classgraph-4.8.149.jar;c:\Users\balis\.vscode\extensions\pivotal.vscode-spring-boot-1.38.0\language-server\BOOT-INF\lib\commons-codec-1.14.jar;c:\Users\balis\.vscode\extensions\pivotal.vscode-spring-boot-1.38.0\language-server\BOOT-INF\lib\commons-compress-1.21.jar;c:\Users\balis\.vscode\extensions\pivotal.vscode-spring-boot-1.38.0\language-server\BOOT-INF\lib\commons-exec-1.3.jar;c:\Users\balis\.vscode\extensions\pivotal.vscode-spring-boot-1.38.0\language-server\BOOT-INF\lib\com
Launcher Type: SUN_STANDARD

[Global flags]
     intx CICompilerCount                          = 3                                         {product} {ergonomic}
     uint ConcGCThreads                            = 1                                         {product} {ergonomic}
     uint G1ConcRefinementThreads                  = 4                                         {product} {ergonomic}
   size_t G1HeapRegionSize                         = 1048576                                   {product} {ergonomic}
    uintx GCDrainStackTargetSize                   = 64                                        {product} {ergonomic}
   size_t InitialHeapSize                          = 117440512                                 {product} {ergonomic}
   size_t MarkStackSize                            = 4194304                                   {product} {ergonomic}
   size_t MaxHeapSize                              = 1866465280                                {product} {ergonomic}
   size_t MaxNewSize                               = 1119879168                                {product} {ergonomic}
   size_t MinHeapDeltaBytes                        = 1048576                                   {product} {ergonomic}
   size_t MinHeapSize                              = 8388608                                   {product} {ergonomic}
    uintx NonProfiledCodeHeapSize                  = 0                                      {pd product} {ergonomic}
     bool ProfileInterpreter                       = false                                  {pd product} {command line}
    uintx ProfiledCodeHeapSize                     = 0                                      {pd product} {ergonomic}
   size_t SoftMaxHeapSize                          = 1866465280                             {manageable} {ergonomic}
     intx TieredStopAtLevel                        = 1                                         {product} {command line}
     bool UseCompressedClassPointers               = true                           {product lp64_product} {ergonomic}
     bool UseCompressedOops                        = true                           {product lp64_product} {ergonomic}
     bool UseG1GC                                  = true                                      {product} {ergonomic}
     bool UseLargePagesIndividualAllocation        = false                                  {pd product} {ergonomic}

Logging:
Log output configuration:
 #0: stdout all=warning uptime,level,tags
 #1: stderr all=off uptime,level,tags

Environment Variables:
JAVA_HOME=D:\Eclipse Adoptium\jdk-17.0.3.7-hotspot
PATH=D:\Eclipse Adoptium\jdk-17.0.3.7-hotspot\bin;D:\WINDOWS.X64_193000_db_home\bin;D:\apache-maven-3.8.6\bin;C:\Windows\system32;C:\Windows;C:\Windows\System32\Wbem;C:\Windows\System32\WindowsPowerShell\v1.0\;C:\Windows\System32\OpenSSH\;C:\Program Files (x86)\Microsoft SQL Server\150\DTS\Binn\;C:\Program Files\Microsoft SQL Server\150\DTS\Binn\;C:\Program Files\Microsoft SQL Server\Client SDK\ODBC\170\Tools\Binn\;C:\Program Files (x86)\Microsoft SQL Server\150\Tools\Binn\;C:\Program Files\Microsoft SQL Server\150\Tools\Binn\;D:\calibre\;C:\Program Files\Docker\Docker\resources\bin;C:\ProgramData\DockerDesktop\version-bin;C:\Program Files\dotnet\;D:\nodejs\;D:\Git\cmd;C:\Users\balis\.cargo\bin;C:\Users\balis\AppData\Local\Programs\Python\Python310\Scripts\;C:\Users\balis\AppData\Local\Programs\Python\Python310\;C:\Users\balis\AppData\Local\Microsoft\WindowsApps;D:\Microsoft VS Code\bin;C:\Program Files\heroku\bin;C:\Users\balis\AppData\Local\GitHubDesktop\bin;C:\Users\balis\AppData\Roaming\npm;C:\Users\balis\AppData\Local\JetBrains\Toolbox\scripts;C:\Users\balis\AppData\Local\Programs\Azure Data Studio\bin
USERNAME=balis
OS=Windows_NT
PROCESSOR_IDENTIFIER=AMD64 Family 23 Model 17 Stepping 0, AuthenticAMD
TMP=C:\Users\balis\AppData\Local\Temp
TEMP=C:\Users\balis\AppData\Local\Temp



---------------  S Y S T E M  ---------------

OS:
 Windows 10 , 64 bit Build 19041 (10.0.19041.1889)
OS uptime: 0 days 9:48 hours
Hyper-V role detected

CPU: total 4 (initial active 4) (4 cores per cpu, 2 threads per core) family 23 model 17 stepping 0 microcode 0x0, cx8, cmov, fxsr, ht, mmx, 3dnowpref, sse, sse2, sse3, ssse3, sse4a, sse4.1, sse4.2, popcnt, lzcnt, tsc, tscinvbit, avx, avx2, aes, clmul, bmi1, bmi2, adx, sha, fma, vzeroupper, clflush, clflushopt, hv

Memory: 4k page, system-wide physical 7116M (455M free)
TotalPageFile size 22778M (AvailPageFile size 3M)
current process WorkingSet (physical memory assigned to process): 74M, peak: 74M
current process commit charge ("private bytes"): 197M, peak: 197M

vm_info: OpenJDK 64-Bit Server VM (17.0.4+8) for windows-amd64 JRE (17.0.4+8), built on Jul 19 2022 16:05:16 by "temurin" with MS VC++ 16.7 (VS2019)

END.
