#
# There is insufficient memory for the Java Runtime Environment to continue.
# Native memory allocation (malloc) failed to allocate 2097152 bytes for AllocateHeap
# Possible reasons:
#   The system is out of physical RAM or swap space
#   The process is running with CompressedOops enabled, and the Java Heap may be blocking the growth of the native heap
# Possible solutions:
#   Reduce memory load on the system
#   Increase physical memory or swap space
#   Check if swap backing store is full
#   Decrease Java heap size (-Xmx/-Xms)
#   Decrease number of Java threads
#   Decrease Java thread stack sizes (-Xss)
#   Set larger code cache with -XX:ReservedCodeCacheSize=
#   JVM is running with Unscaled Compressed Oops mode in which the Java heap is
#     placed in the first 4GB address space. The Java Heap base address is the
#     maximum limit for the native heap growth. Please use -XX:HeapBaseMinAddress
#     to set the Java Heap base and to place the Java Heap above 4GB virtual address.
# This output file may be truncated or incomplete.
#
#  Out of Memory Error (allocation.cpp:44), pid=8588, tid=15464
#
# JRE version: OpenJDK Runtime Environment Temurin-17.0.3+7 (17.0.3+7) (build 17.0.3+7)
# Java VM: OpenJDK 64-Bit Server VM Temurin-17.0.3+7 (17.0.3+7, mixed mode, emulated-client, tiered, compressed oops, compressed class ptrs, g1 gc, windows-amd64)
# No core dump will be written. Minidumps are not enabled by default on client versions of Windows
#

---------------  S U M M A R Y ------------

Command Line: -Dsts.lsp.client=vscode -Dsts.log.file=/dev/null -XX:TieredStopAtLevel=1 -Dspring.config.location=file:c:\Users\balis\.vscode\extensions\pivotal.vscode-spring-boot-1.33.0\language-server\BOOT-INF\classes\application.properties org.springframework.ide.vscode.boot.app.BootLanguageServerBootApp

Host: AMD Athlon 200GE with Radeon Vega Graphics     , 4 cores, 6G,  Windows 10 , 64 bit Build 19041 (10.0.19041.1706)
Time: Mon Jun 13 00:48:41 2022 SE Asia Standard Time elapsed time: 26357.075628 seconds (0d 7h 19m 17s)

---------------  T H R E A D  ---------------

Current thread (0x000001e560a650f0):  VMThread "VM Thread" [stack: 0x000000362e200000,0x000000362e300000] [id=15464]

Stack: [0x000000362e200000,0x000000362e300000]
Native frames: (J=compiled Java code, j=interpreted, Vv=VM code, C=native code)
V  [jvm.dll+0x675efa]
V  [jvm.dll+0x830a24]
V  [jvm.dll+0x8321ce]
V  [jvm.dll+0x832833]
V  [jvm.dll+0x2454b5]
V  [jvm.dll+0xa6393]
V  [jvm.dll+0x2f5651]
V  [jvm.dll+0x2f12d0]
V  [jvm.dll+0x2d99b7]
V  [jvm.dll+0x31cac7]
V  [jvm.dll+0x836cdb]
V  [jvm.dll+0x837a14]
V  [jvm.dll+0x837f2c]
V  [jvm.dll+0x838304]
V  [jvm.dll+0x8383d0]
V  [jvm.dll+0x7e0cfa]
V  [jvm.dll+0x674d85]
C  [ucrtbase.dll+0x21bb2]
C  [KERNEL32.DLL+0x17034]
C  [ntdll.dll+0x52651]

VM_Operation (0x000000362f3fed90): G1CollectFull, mode: safepoint, requested by thread 0x000001e5639a23b0


---------------  P R O C E S S  ---------------

Threads class SMR info:
_java_thread_list=0x000001e563b451c0, length=23, elements={
0x000001e560abb750, 0x000001e560abc4d0, 0x000001e560afa130, 0x000001e560afcdc0,
0x000001e560afda80, 0x000001e560afe340, 0x000001e560b00cc0, 0x000001e560b01dd0,
0x000001e56161f760, 0x000001e561620070, 0x000001e5639a23b0, 0x000001e563ae0ba0,
0x000001e5549b5400, 0x000001e561bff0c0, 0x000001e561a693b0, 0x000001e5615ba9e0,
0x000001e561a530a0, 0x000001e561a53a40, 0x000001e563c0dd60, 0x000001e563c0ebd0,
0x000001e563c0d3c0, 0x000001e563c0d890, 0x000001e563c0e230
}

Java Threads: ( => current thread )
  0x000001e560abb750 JavaThread "Reference Handler" daemon [_thread_blocked, id=12124, stack(0x000000362e300000,0x000000362e400000)]
  0x000001e560abc4d0 JavaThread "Finalizer" daemon [_thread_blocked, id=12364, stack(0x000000362e400000,0x000000362e500000)]
  0x000001e560afa130 JavaThread "Signal Dispatcher" daemon [_thread_blocked, id=5884, stack(0x000000362e500000,0x000000362e600000)]
  0x000001e560afcdc0 JavaThread "Attach Listener" daemon [_thread_blocked, id=6620, stack(0x000000362e600000,0x000000362e700000)]
  0x000001e560afda80 JavaThread "Service Thread" daemon [_thread_blocked, id=8736, stack(0x000000362e700000,0x000000362e800000)]
  0x000001e560afe340 JavaThread "Monitor Deflation Thread" daemon [_thread_blocked, id=13404, stack(0x000000362e800000,0x000000362e900000)]
  0x000001e560b00cc0 JavaThread "C1 CompilerThread0" daemon [_thread_blocked, id=5640, stack(0x000000362e900000,0x000000362ea00000)]
  0x000001e560b01dd0 JavaThread "Sweeper thread" daemon [_thread_blocked, id=9396, stack(0x000000362ea00000,0x000000362eb00000)]
  0x000001e56161f760 JavaThread "Notification Thread" daemon [_thread_blocked, id=8236, stack(0x000000362ed00000,0x000000362ee00000)]
  0x000001e561620070 JavaThread "Common-Cleaner" daemon [_thread_blocked, id=18084, stack(0x000000362ef00000,0x000000362f000000)]
  0x000001e5639a23b0 JavaThread "pool-7-thread-1" [_thread_blocked, id=12948, stack(0x000000362f300000,0x000000362f400000)]
  0x000001e563ae0ba0 JavaThread "LanguageServerApp-lifecycle" [_thread_blocked, id=1356, stack(0x000000362f400000,0x000000362f500000)]
  0x000001e5549b5400 JavaThread "DestroyJavaVM" [_thread_blocked, id=7528, stack(0x000000362db00000,0x000000362dc00000)]
  0x000001e561bff0c0 JavaThread "pool-8-thread-1" [_thread_in_native, id=10504, stack(0x000000362f500000,0x000000362f600000)]
  0x000001e561a693b0 JavaThread "Simple-Language-Server main thread" daemon [_thread_blocked, id=13492, stack(0x000000362f600000,0x000000362f700000)]
  0x000001e5615ba9e0 JavaThread "pool-5-thread-1" [_thread_blocked, id=2244, stack(0x000000362f700000,0x000000362f800000)]
  0x000001e561a530a0 JavaThread "Reconciler-1" [_thread_blocked, id=11360, stack(0x000000362f800000,0x000000362f900000)]
  0x000001e561a53a40 JavaThread "parallel-1" daemon [_thread_blocked, id=14564, stack(0x000000362fa00000,0x000000362fb00000)]
  0x000001e563c0dd60 JavaThread "pool-6-thread-1" [_thread_blocked, id=7096, stack(0x000000362da00000,0x000000362db00000)]
  0x000001e563c0ebd0 JavaThread "pool-6-thread-2" [_thread_blocked, id=8652, stack(0x000000362eb00000,0x000000362ec00000)]
  0x000001e563c0d3c0 JavaThread "pool-6-thread-3" [_thread_blocked, id=16656, stack(0x000000362ec00000,0x000000362ed00000)]
  0x000001e563c0d890 JavaThread "pool-6-thread-4" [_thread_blocked, id=6096, stack(0x000000362f900000,0x000000362fa00000)]
  0x000001e563c0e230 JavaThread "pool-6-thread-5" [_thread_blocked, id=3752, stack(0x000000362fb00000,0x000000362fc00000)]

Other Threads:
=>0x000001e560a650f0 VMThread "VM Thread" [stack: 0x000000362e200000,0x000000362e300000] [id=15464]
  0x000001e56161fc30 WatcherThread [stack: 0x000000362ee00000,0x000000362ef00000] [id=13320]
  0x000001e554a06980 GCTaskThread "GC Thread#0" [stack: 0x000000362dd00000,0x000000362de00000] [id=12056]
  0x000001e561b48210 GCTaskThread "GC Thread#1" [stack: 0x000000362f000000,0x000000362f100000] [id=18968]
  0x000001e561d7b650 GCTaskThread "GC Thread#2" [stack: 0x000000362f100000,0x000000362f200000] [id=12916]
  0x000001e561d7b900 GCTaskThread "GC Thread#3" [stack: 0x000000362f200000,0x000000362f300000] [id=9676]
  0x000001e554a16750 ConcurrentGCThread "G1 Main Marker" [stack: 0x000000362de00000,0x000000362df00000] [id=18348]
  0x000001e554a17160 ConcurrentGCThread "G1 Conc#0" [stack: 0x000000362df00000,0x000000362e000000] [id=14892]
  0x000001e554a7b1f0 ConcurrentGCThread "G1 Refine#0" [stack: 0x000000362e000000,0x000000362e100000] [id=10012]
  0x000001e554a7bc10 ConcurrentGCThread "G1 Service" [stack: 0x000000362e100000,0x000000362e200000] [id=18928]

Threads with active compile tasks:

VM state: at safepoint (normal execution)

VM Mutex/Monitor currently owned by a thread:  ([mutex/lock_event])
[0x000001e5549b0e60] Threads_lock - owner thread: 0x000001e560a650f0
[0x000001e5549b17f0] Heap_lock - owner thread: 0x000001e5639a23b0

Heap address: 0x0000000090c00000, size: 1780 MB, Compressed Oops mode: 32-bit

CDS archive(s) not mapped
Compressed class space mapped at: 0x0000000100000000-0x0000000140000000, reserved size: 1073741824
Narrow klass base: 0x0000000000000000, Narrow klass shift: 3, Narrow klass range: 0x140000000

GC Precious Log:
 CPUs: 4 total, 4 available
 Memory: 7116M
 Large Page Support: Disabled
 NUMA Support: Disabled
 Compressed Oops: Enabled (32-bit)
 Heap Region Size: 1M
 Heap Min Capacity: 8M
 Heap Initial Capacity: 112M
 Heap Max Capacity: 1780M
 Pre-touch: Disabled
 Parallel Workers: 4
 Concurrent Workers: 1
 Concurrent Refinement Workers: 4
 Periodic GC: Disabled

Heap:
 garbage-first heap   total 37888K, used 10432K [0x0000000090c00000, 0x0000000100000000)
  region size 1024K, 1 young (1024K), 0 survivors (0K)
 Metaspace       used 30359K, committed 30592K, reserved 1081344K
  class space    used 4126K, committed 4224K, reserved 1048576K

Heap Regions: E=young(eden), S=young(survivor), O=old, HS=humongous(starts), HC=humongous(continues), CS=collection set, F=free, OA=open archive, CA=closed archive, TAMS=top-at-mark-start (previous, next)
|   0|0x0000000090c00000, 0x0000000090cfffe0, 0x0000000090d00000| 99%| O|  |TAMS 0x0000000090cfffe0, 0x0000000090c00000| Untracked 
|   1|0x0000000090d00000, 0x0000000090e00000, 0x0000000090e00000|100%| O|  |TAMS 0x0000000090e00000, 0x0000000090d00000| Untracked 
|   2|0x0000000090e00000, 0x0000000090f00000, 0x0000000090f00000|100%| O|  |TAMS 0x0000000090f00000, 0x0000000090e00000| Untracked 
|   3|0x0000000090f00000, 0x0000000091000000, 0x0000000091000000|100%| O|  |TAMS 0x0000000091000000, 0x0000000090f00000| Untracked 
|   4|0x0000000091000000, 0x00000000910fffe8, 0x0000000091100000| 99%| O|  |TAMS 0x00000000910fffe8, 0x0000000091000000| Untracked 
|   5|0x0000000091100000, 0x00000000911f8db8, 0x0000000091200000| 97%| O|  |TAMS 0x00000000911f8db8, 0x0000000091100000| Untracked 
|   6|0x0000000091200000, 0x0000000091300000, 0x0000000091300000|100%| O|  |TAMS 0x0000000091300000, 0x0000000091200000| Untracked 
|   7|0x0000000091300000, 0x00000000913ffe18, 0x0000000091400000| 99%| O|  |TAMS 0x00000000913ffe18, 0x0000000091300000| Untracked 
|   8|0x0000000091400000, 0x00000000914ffff0, 0x0000000091500000| 99%| O|  |TAMS 0x00000000914ffff0, 0x0000000091400000| Untracked 
|   9|0x0000000091500000, 0x00000000915c3868, 0x0000000091600000| 76%| O|  |TAMS 0x0000000091500000, 0x0000000091500000| Untracked 
|  10|0x0000000091600000, 0x0000000091673d28, 0x0000000091700000| 45%| O|  |TAMS 0x0000000091600000, 0x0000000091600000| Untracked 
|  11|0x0000000091700000, 0x0000000091700000, 0x0000000091800000|  0%| F|  |TAMS 0x0000000091700000, 0x0000000091700000| Untracked 
|  12|0x0000000091800000, 0x0000000091800000, 0x0000000091900000|  0%| F|  |TAMS 0x0000000091800000, 0x0000000091800000| Untracked 
|  13|0x0000000091900000, 0x0000000091900000, 0x0000000091a00000|  0%| F|  |TAMS 0x0000000091900000, 0x0000000091900000| Untracked 
|  14|0x0000000091a00000, 0x0000000091a00000, 0x0000000091b00000|  0%| F|  |TAMS 0x0000000091a00000, 0x0000000091a00000| Untracked 
|  15|0x0000000091b00000, 0x0000000091b00000, 0x0000000091c00000|  0%| F|  |TAMS 0x0000000091b00000, 0x0000000091b00000| Untracked 
|  16|0x0000000091c00000, 0x0000000091c00000, 0x0000000091d00000|  0%| F|  |TAMS 0x0000000091c00000, 0x0000000091c00000| Untracked 
|  17|0x0000000091d00000, 0x0000000091d00000, 0x0000000091e00000|  0%| F|  |TAMS 0x0000000091d00000, 0x0000000091d00000| Untracked 
|  18|0x0000000091e00000, 0x0000000091e00000, 0x0000000091f00000|  0%| F|  |TAMS 0x0000000091e00000, 0x0000000091e00000| Untracked 
|  19|0x0000000091f00000, 0x0000000091f00000, 0x0000000092000000|  0%| F|  |TAMS 0x0000000091f00000, 0x0000000091f00000| Untracked 
|  20|0x0000000092000000, 0x0000000092000000, 0x0000000092100000|  0%| F|  |TAMS 0x0000000092000000, 0x0000000092000000| Untracked 
|  21|0x0000000092100000, 0x0000000092100000, 0x0000000092200000|  0%| F|  |TAMS 0x0000000092100000, 0x0000000092100000| Untracked 
|  22|0x0000000092200000, 0x0000000092200000, 0x0000000092300000|  0%| F|  |TAMS 0x0000000092200000, 0x0000000092200000| Untracked 
|  23|0x0000000092300000, 0x0000000092300000, 0x0000000092400000|  0%| F|  |TAMS 0x0000000092300000, 0x0000000092300000| Untracked 
|  24|0x0000000092400000, 0x0000000092400000, 0x0000000092500000|  0%| F|  |TAMS 0x0000000092400000, 0x0000000092400000| Untracked 
|  25|0x0000000092500000, 0x0000000092500000, 0x0000000092600000|  0%| F|  |TAMS 0x0000000092500000, 0x0000000092500000| Untracked 
|  26|0x0000000092600000, 0x0000000092600000, 0x0000000092700000|  0%| F|  |TAMS 0x0000000092600000, 0x0000000092600000| Untracked 
|  27|0x0000000092700000, 0x0000000092700000, 0x0000000092800000|  0%| F|  |TAMS 0x0000000092700000, 0x0000000092700000| Untracked 
|  28|0x0000000092800000, 0x0000000092800000, 0x0000000092900000|  0%| F|  |TAMS 0x0000000092800000, 0x0000000092800000| Untracked 
|  29|0x0000000092900000, 0x0000000092900000, 0x0000000092a00000|  0%| F|  |TAMS 0x0000000092900000, 0x0000000092900000| Untracked 
|  30|0x0000000092a00000, 0x0000000092a00000, 0x0000000092b00000|  0%| F|  |TAMS 0x0000000092a00000, 0x0000000092a00000| Untracked 
|  31|0x0000000092b00000, 0x0000000092b00000, 0x0000000092c00000|  0%| F|  |TAMS 0x0000000092b00000, 0x0000000092b00000| Untracked 
|  95|0x0000000096b00000, 0x0000000096b00000, 0x0000000096c00000|  0%| F|  |TAMS 0x0000000096b00000, 0x0000000096b00000| Untracked 
|  96|0x0000000096c00000, 0x0000000096c00000, 0x0000000096d00000|  0%| F|  |TAMS 0x0000000096c00000, 0x0000000096c00000| Untracked 
|  97|0x0000000096d00000, 0x0000000096d00000, 0x0000000096e00000|  0%| F|  |TAMS 0x0000000096d00000, 0x0000000096d00000| Untracked 
|  98|0x0000000096e00000, 0x0000000096e00000, 0x0000000096f00000|  0%| F|  |TAMS 0x0000000096e00000, 0x0000000096e00000| Untracked 
| 111|0x0000000097b00000, 0x0000000097b0ca58, 0x0000000097c00000|  4%| E|  |TAMS 0x0000000097b00000, 0x0000000097b00000| Complete 

Card table byte_map: [0x000001e55a640000,0x000001e55a9c0000] _byte_map_base: 0x000001e55a1ba000

Marking Bits (Prev, Next): (CMBitMap*) 0x000001e554a07fa0, (CMBitMap*) 0x000001e554a07fe0
 Prev Bits: [0x000001e55ad40000, 0x000001e55c910000)
 Next Bits: [0x000001e55c910000, 0x000001e55e4e0000)

Polling page: 0x000001e552830000

Metaspace:

Usage:
  Non-class:     25.62 MB used.
      Class:      4.03 MB used.
       Both:     29.65 MB used.

Virtual space:
  Non-class space:       32.00 MB reserved,      25.75 MB ( 80%) committed,  4 nodes.
      Class space:        1.00 GB reserved,       4.12 MB ( <1%) committed,  1 nodes.
             Both:        1.03 GB reserved,      29.88 MB (  3%) committed. 

Chunk freelists:
   Non-Class:  1.60 MB
       Class:  3.82 MB
        Both:  5.42 MB

MaxMetaspaceSize: unlimited
CompressedClassSpaceSize: 1.00 GB
Initial GC threshold: 21.00 MB
Current GC threshold: 49.81 MB
CDS: off
MetaspaceReclaimPolicy: balanced
 - commit_granule_bytes: 65536.
 - commit_granule_words: 8192.
 - virtual_space_node_default_size: 1048576.
 - enlarge_chunks_in_place: 1.
 - new_chunks_are_fully_committed: 0.
 - uncommit_free_chunks: 1.
 - use_allocation_guard: 0.
 - handle_deallocations: 1.


Internal statistics:

num_allocs_failed_limit: 3.
num_arena_births: 430.
num_arena_deaths: 124.
num_vsnodes_births: 5.
num_vsnodes_deaths: 0.
num_space_committed: 478.
num_space_uncommitted: 0.
num_chunks_returned_to_freelist: 129.
num_chunks_taken_from_freelist: 1345.
num_chunk_merges: 41.
num_chunk_splits: 827.
num_chunks_enlarged: 599.
num_purges: 10.
num_inconsistent_stats: 0.

CodeCache: size=49152Kb used=8230Kb max_used=9223Kb free=40921Kb
 bounds [0x000001e557640000, 0x000001e557fa0000, 0x000001e55a640000]
 total_blobs=5000 nmethods=4503 adapters=424
 compilation: enabled
              stopped_count=0, restarted_count=0
 full_count=0

Compilation events (20 events):
Event: 7480.425 Thread 0x000001e560b00cc0 4496   !   1       org.springframework.ide.vscode.commons.util.text.DocumentRegion::charAt (57 bytes)
Event: 7480.425 Thread 0x000001e560b00cc0 nmethod 4496 0x000001e557e32d10 code [0x000001e557e32f00, 0x000001e557e33318]
Event: 7480.425 Thread 0x000001e560b00cc0 4497       1       org.springframework.ide.vscode.commons.util.text.TextDocument::getChar (32 bytes)
Event: 7480.425 Thread 0x000001e560b00cc0 nmethod 4497 0x000001e557e32890 code [0x000001e557e32a40, 0x000001e557e32bd8]
Event: 7480.425 Thread 0x000001e560b00cc0 4492       1       org.springframework.ide.vscode.java.properties.antlr.parser.AntlrParser$Node::<init> (5 bytes)
Event: 7480.425 Thread 0x000001e560b00cc0 nmethod 4492 0x000001e557e32590 code [0x000001e557e32720, 0x000001e557e327d8]
Event: 7480.425 Thread 0x000001e560b00cc0 4493       1       java.util.regex.Pattern::curly (65 bytes)
Event: 7480.427 Thread 0x000001e560b00cc0 nmethod 4493 0x000001e557e31b90 code [0x000001e557e31d80, 0x000001e557e323e8]
Event: 7480.427 Thread 0x000001e560b00cc0 4489       1       org.antlr.v4.runtime.dfa.DFA::isPrecedenceDfa (5 bytes)
Event: 7480.427 Thread 0x000001e560b00cc0 nmethod 4489 0x000001e557e31890 code [0x000001e557e31a20, 0x000001e557e31af8]
Event: 7480.427 Thread 0x000001e560b00cc0 4490       1       org.antlr.v4.runtime.BufferedTokenStream::index (5 bytes)
Event: 7480.427 Thread 0x000001e560b00cc0 nmethod 4490 0x000001e557e31590 code [0x000001e557e31720, 0x000001e557e317f8]
Event: 7480.427 Thread 0x000001e560b00cc0 4491       1       org.antlr.v4.runtime.BufferedTokenStream::mark (2 bytes)
Event: 7480.427 Thread 0x000001e560b00cc0 nmethod 4491 0x000001e557e31290 code [0x000001e557e31420, 0x000001e557e314f8]
Event: 8659.376 Thread 0x000001e560b00cc0 4499       1       java.lang.ProcessImpl$2::run (242 bytes)
Event: 8659.379 Thread 0x000001e560b00cc0 nmethod 4499 0x000001e557e2f410 code [0x000001e557e2f6c0, 0x000001e557e30458]
Event: 8659.379 Thread 0x000001e560b00cc0 4500       1       java.io.BufferedOutputStream::<init> (9 bytes)
Event: 8659.380 Thread 0x000001e560b00cc0 nmethod 4500 0x000001e557e2ee90 code [0x000001e557e2f020, 0x000001e557e2f2f8]
Event: 8659.380 Thread 0x000001e560b00cc0 4501       1       java.lang.ProcessImpl::waitFor (136 bytes)
Event: 8659.385 Thread 0x000001e560b00cc0 nmethod 4501 0x000001e557e2e610 code [0x000001e557e2e820, 0x000001e557e2ec38]

GC Heap History (20 events):
Event: 26238.097 GC heap before
{Heap before GC invocations=1421 (full 1409):
 garbage-first heap   total 37888K, used 10432K [0x0000000090c00000, 0x0000000100000000)
  region size 1024K, 1 young (1024K), 0 survivors (0K)
 Metaspace       used 30359K, committed 30592K, reserved 1081344K
  class space    used 4126K, committed 4224K, reserved 1048576K
}
Event: 26238.124 GC heap after
{Heap after GC invocations=1422 (full 1410):
 garbage-first heap   total 37888K, used 10432K [0x0000000090c00000, 0x0000000100000000)
  region size 1024K, 0 young (0K), 0 survivors (0K)
 Metaspace       used 30359K, committed 30592K, reserved 1081344K
  class space    used 4126K, committed 4224K, reserved 1048576K
}
Event: 26248.444 GC heap before
{Heap before GC invocations=1422 (full 1410):
 garbage-first heap   total 37888K, used 10432K [0x0000000090c00000, 0x0000000100000000)
  region size 1024K, 1 young (1024K), 0 survivors (0K)
 Metaspace       used 30359K, committed 30592K, reserved 1081344K
  class space    used 4126K, committed 4224K, reserved 1048576K
}
Event: 26248.470 GC heap after
{Heap after GC invocations=1423 (full 1411):
 garbage-first heap   total 37888K, used 10432K [0x0000000090c00000, 0x0000000100000000)
  region size 1024K, 0 young (0K), 0 survivors (0K)
 Metaspace       used 30359K, committed 30592K, reserved 1081344K
  class space    used 4126K, committed 4224K, reserved 1048576K
}
Event: 26261.899 GC heap before
{Heap before GC invocations=1423 (full 1411):
 garbage-first heap   total 37888K, used 10432K [0x0000000090c00000, 0x0000000100000000)
  region size 1024K, 1 young (1024K), 0 survivors (0K)
 Metaspace       used 30359K, committed 30592K, reserved 1081344K
  class space    used 4126K, committed 4224K, reserved 1048576K
}
Event: 26261.922 GC heap after
{Heap after GC invocations=1424 (full 1412):
 garbage-first heap   total 37888K, used 10432K [0x0000000090c00000, 0x0000000100000000)
  region size 1024K, 0 young (0K), 0 survivors (0K)
 Metaspace       used 30359K, committed 30592K, reserved 1081344K
  class space    used 4126K, committed 4224K, reserved 1048576K
}
Event: 26272.172 GC heap before
{Heap before GC invocations=1424 (full 1412):
 garbage-first heap   total 37888K, used 10432K [0x0000000090c00000, 0x0000000100000000)
  region size 1024K, 1 young (1024K), 0 survivors (0K)
 Metaspace       used 30359K, committed 30592K, reserved 1081344K
  class space    used 4126K, committed 4224K, reserved 1048576K
}
Event: 26272.196 GC heap after
{Heap after GC invocations=1425 (full 1413):
 garbage-first heap   total 37888K, used 10432K [0x0000000090c00000, 0x0000000100000000)
  region size 1024K, 0 young (0K), 0 survivors (0K)
 Metaspace       used 30359K, committed 30592K, reserved 1081344K
  class space    used 4126K, committed 4224K, reserved 1048576K
}
Event: 26282.924 GC heap before
{Heap before GC invocations=1425 (full 1413):
 garbage-first heap   total 37888K, used 10432K [0x0000000090c00000, 0x0000000100000000)
  region size 1024K, 1 young (1024K), 0 survivors (0K)
 Metaspace       used 30359K, committed 30592K, reserved 1081344K
  class space    used 4126K, committed 4224K, reserved 1048576K
}
Event: 26282.948 GC heap after
{Heap after GC invocations=1426 (full 1414):
 garbage-first heap   total 37888K, used 10432K [0x0000000090c00000, 0x0000000100000000)
  region size 1024K, 0 young (0K), 0 survivors (0K)
 Metaspace       used 30359K, committed 30592K, reserved 1081344K
  class space    used 4126K, committed 4224K, reserved 1048576K
}
Event: 26295.014 GC heap before
{Heap before GC invocations=1426 (full 1414):
 garbage-first heap   total 37888K, used 10432K [0x0000000090c00000, 0x0000000100000000)
  region size 1024K, 1 young (1024K), 0 survivors (0K)
 Metaspace       used 30359K, committed 30592K, reserved 1081344K
  class space    used 4126K, committed 4224K, reserved 1048576K
}
Event: 26295.039 GC heap after
{Heap after GC invocations=1427 (full 1415):
 garbage-first heap   total 37888K, used 10432K [0x0000000090c00000, 0x0000000100000000)
  region size 1024K, 0 young (0K), 0 survivors (0K)
 Metaspace       used 30359K, committed 30592K, reserved 1081344K
  class space    used 4126K, committed 4224K, reserved 1048576K
}
Event: 26305.299 GC heap before
{Heap before GC invocations=1427 (full 1415):
 garbage-first heap   total 37888K, used 10432K [0x0000000090c00000, 0x0000000100000000)
  region size 1024K, 1 young (1024K), 0 survivors (0K)
 Metaspace       used 30359K, committed 30592K, reserved 1081344K
  class space    used 4126K, committed 4224K, reserved 1048576K
}
Event: 26305.324 GC heap after
{Heap after GC invocations=1428 (full 1416):
 garbage-first heap   total 37888K, used 10432K [0x0000000090c00000, 0x0000000100000000)
  region size 1024K, 0 young (0K), 0 survivors (0K)
 Metaspace       used 30359K, committed 30592K, reserved 1081344K
  class space    used 4126K, committed 4224K, reserved 1048576K
}
Event: 26315.994 GC heap before
{Heap before GC invocations=1428 (full 1416):
 garbage-first heap   total 37888K, used 10432K [0x0000000090c00000, 0x0000000100000000)
  region size 1024K, 1 young (1024K), 0 survivors (0K)
 Metaspace       used 30359K, committed 30592K, reserved 1081344K
  class space    used 4126K, committed 4224K, reserved 1048576K
}
Event: 26316.018 GC heap after
{Heap after GC invocations=1429 (full 1417):
 garbage-first heap   total 37888K, used 10432K [0x0000000090c00000, 0x0000000100000000)
  region size 1024K, 0 young (0K), 0 survivors (0K)
 Metaspace       used 30359K, committed 30592K, reserved 1081344K
  class space    used 4126K, committed 4224K, reserved 1048576K
}
Event: 26326.245 GC heap before
{Heap before GC invocations=1429 (full 1417):
 garbage-first heap   total 37888K, used 10432K [0x0000000090c00000, 0x0000000100000000)
  region size 1024K, 1 young (1024K), 0 survivors (0K)
 Metaspace       used 30359K, committed 30592K, reserved 1081344K
  class space    used 4126K, committed 4224K, reserved 1048576K
}
Event: 26326.269 GC heap after
{Heap after GC invocations=1430 (full 1418):
 garbage-first heap   total 37888K, used 10432K [0x0000000090c00000, 0x0000000100000000)
  region size 1024K, 0 young (0K), 0 survivors (0K)
 Metaspace       used 30359K, committed 30592K, reserved 1081344K
  class space    used 4126K, committed 4224K, reserved 1048576K
}
Event: 26336.880 GC heap before
{Heap before GC invocations=1430 (full 1418):
 garbage-first heap   total 37888K, used 10432K [0x0000000090c00000, 0x0000000100000000)
  region size 1024K, 1 young (1024K), 0 survivors (0K)
 Metaspace       used 30359K, committed 30592K, reserved 1081344K
  class space    used 4126K, committed 4224K, reserved 1048576K
}
Event: 26336.904 GC heap after
{Heap after GC invocations=1431 (full 1419):
 garbage-first heap   total 37888K, used 10432K [0x0000000090c00000, 0x0000000100000000)
  region size 1024K, 0 young (0K), 0 survivors (0K)
 Metaspace       used 30359K, committed 30592K, reserved 1081344K
  class space    used 4126K, committed 4224K, reserved 1048576K
}

Deoptimization events (14 events):
Event: 2.370 Thread 0x000001e5549b5400 DEOPT PACKING pc=0x000001e5579af775 sp=0x000000362dbfdab0
Event: 2.370 Thread 0x000001e5549b5400 DEOPT UNPACKING pc=0x000001e557692b43 sp=0x000000362dbfcf20 mode 3
Event: 4.173 Thread 0x000001e5549b5400 DEOPT PACKING pc=0x000001e557abfd99 sp=0x000000362dbfd320
Event: 4.173 Thread 0x000001e5549b5400 DEOPT UNPACKING pc=0x000001e557692b43 sp=0x000000362dbfc800 mode 3
Event: 4.707 Thread 0x000001e5549b5400 DEOPT PACKING pc=0x000001e557b7fef5 sp=0x000000362dbfcdd0
Event: 4.707 Thread 0x000001e5549b5400 DEOPT UNPACKING pc=0x000001e557692b43 sp=0x000000362dbfc240 mode 3
Event: 6.577 Thread 0x000001e561a693b0 DEOPT PACKING pc=0x000001e557cc4cb5 sp=0x000000362f6fd5d0
Event: 6.577 Thread 0x000001e561a693b0 DEOPT UNPACKING pc=0x000001e557692b43 sp=0x000000362f6fcaf8 mode 3
Event: 558.142 Thread 0x000001e561bff0c0 DEOPT PACKING pc=0x000001e557be69d4 sp=0x000000362f5fed20
Event: 558.142 Thread 0x000001e561bff0c0 DEOPT UNPACKING pc=0x000001e557692b43 sp=0x000000362f5fe1c8 mode 0
Event: 576.461 Thread 0x000001e561bff0c0 DEOPT PACKING pc=0x000001e557ac7281 sp=0x000000362f5fdb30
Event: 576.461 Thread 0x000001e561bff0c0 DEOPT UNPACKING pc=0x000001e557692b43 sp=0x000000362f5fcfc0 mode 3
Event: 576.465 Thread 0x000001e5615ba9e0 DEOPT PACKING pc=0x000001e557abcb97 sp=0x000000362f7fed80
Event: 576.466 Thread 0x000001e5615ba9e0 DEOPT UNPACKING pc=0x000001e557692b43 sp=0x000000362f7fe1d8 mode 3

Classes unloaded (20 events):
Event: 656.327 Thread 0x000001e560a650f0 Unloading class 0x00000001000c8000 'java/lang/invoke/LambdaForm$MH+0x00000001000c8000'
Event: 656.327 Thread 0x000001e560a650f0 Unloading class 0x000000010031c800 'java/lang/invoke/LambdaForm$MH+0x000000010031c800'
Event: 656.327 Thread 0x000001e560a650f0 Unloading class 0x00000001003e8000 'java/lang/invoke/LambdaForm$MH+0x00000001003e8000'
Event: 656.327 Thread 0x000001e560a650f0 Unloading class 0x00000001003f1000 'java/lang/invoke/LambdaForm$MH+0x00000001003f1000'
Event: 2420.909 Thread 0x000001e560a650f0 Unloading class 0x000000010040dc00 'java/lang/invoke/LambdaForm$MH+0x000000010040dc00'
Event: 2420.909 Thread 0x000001e560a650f0 Unloading class 0x0000000100401400 'java/lang/invoke/LambdaForm$MH+0x0000000100401400'
Event: 2420.909 Thread 0x000001e560a650f0 Unloading class 0x0000000100401000 'java/lang/invoke/LambdaForm$MH+0x0000000100401000'
Event: 2420.909 Thread 0x000001e560a650f0 Unloading class 0x0000000100400c00 'java/lang/invoke/LambdaForm$MH+0x0000000100400c00'
Event: 2420.909 Thread 0x000001e560a650f0 Unloading class 0x0000000100400800 'java/lang/invoke/LambdaForm$MH+0x0000000100400800'
Event: 2420.909 Thread 0x000001e560a650f0 Unloading class 0x0000000100400400 'java/lang/invoke/LambdaForm$MH+0x0000000100400400'
Event: 2431.273 Thread 0x000001e560a650f0 Unloading class 0x000000010040d800 'java/lang/invoke/LambdaForm$MH+0x000000010040d800'
Event: 2431.273 Thread 0x000001e560a650f0 Unloading class 0x000000010040d400 'java/lang/invoke/LambdaForm$MH+0x000000010040d400'
Event: 2431.273 Thread 0x000001e560a650f0 Unloading class 0x000000010040d000 'java/lang/invoke/LambdaForm$MH+0x000000010040d000'
Event: 2431.273 Thread 0x000001e560a650f0 Unloading class 0x000000010040cc00 'java/lang/invoke/LambdaForm$MH+0x000000010040cc00'
Event: 2431.273 Thread 0x000001e560a650f0 Unloading class 0x000000010040c800 'java/lang/invoke/LambdaForm$MH+0x000000010040c800'
Event: 2431.273 Thread 0x000001e560a650f0 Unloading class 0x000000010040c400 'java/lang/invoke/LambdaForm$MH+0x000000010040c400'
Event: 2534.351 Thread 0x000001e560a650f0 Unloading class 0x000000010042cc00 'java/lang/invoke/LambdaForm$MH+0x000000010042cc00'
Event: 2534.351 Thread 0x000001e560a650f0 Unloading class 0x000000010042c800 'java/lang/invoke/LambdaForm$MH+0x000000010042c800'
Event: 2534.351 Thread 0x000001e560a650f0 Unloading class 0x000000010042c400 'java/lang/invoke/LambdaForm$MH+0x000000010042c400'
Event: 2534.351 Thread 0x000001e560a650f0 Unloading class 0x000000010042c000 'java/lang/invoke/LambdaForm$MH+0x000000010042c000'

Classes redefined (0 events):
No events

Internal exceptions (20 events):
Event: 6.096 Thread 0x000001e5549b5400 Exception <a 'java/lang/IncompatibleClassChangeError'{0x00000000929e02a0}: Found class java.lang.Object, but interface was expected> (0x00000000929e02a0) 
thrown [e:\jenkins\tmp\workspace\build\src\src\hotspot\share\interpreter\linkResolver.cpp, line 833]
Event: 6.104 Thread 0x000001e5549b5400 Exception <a 'java/lang/NoSuchMethodError'{0x0000000092819188}: 'java.lang.Object java.lang.invoke.DirectMethodHandle$Holder.invokeVirtual(java.lang.Object, java.lang.Object, java.lang.Object, java.lang.Object)'> (0x0000000092819188) 
thrown [e:\jenkins\tmp\workspace\build\src\src\hotspot\share\interpreter\linkResolver.cpp, line 766]
Event: 6.221 Thread 0x000001e5549b5400 Exception <a 'java/lang/NoSuchMethodError'{0x000000009267b310}: 'java.lang.Object java.lang.invoke.DirectMethodHandle$Holder.newInvokeSpecial(java.lang.Object, java.lang.Object, int, java.lang.Object, java.lang.Object)'> (0x000000009267b310) 
thrown [e:\jenkins\tmp\workspace\build\src\src\hotspot\share\interpreter\linkResolver.cpp, line 766]
Event: 6.562 Thread 0x000001e561bff0c0 Exception <a 'java/lang/NoSuchMethodError'{0x0000000096b22748}: 'java.lang.Object java.lang.invoke.DirectMethodHandle$Holder.invokeStatic(java.lang.Object, java.lang.Object, java.lang.Object, int, java.lang.Object, java.lang.Object)'> (0x0000000096b22748) 
thrown [e:\jenkins\tmp\workspace\build\src\src\hotspot\share\interpreter\linkResolver.cpp, line 766]
Event: 6.571 Thread 0x000001e561a693b0 Exception <a 'java/lang/NoSuchMethodError'{0x0000000096b82688}: 'java.lang.Object java.lang.invoke.DirectMethodHandle$Holder.invokeStatic(java.lang.Object, int, java.lang.Object)'> (0x0000000096b82688) 
thrown [e:\jenkins\tmp\workspace\build\src\src\hotspot\share\interpreter\linkResolver.cpp, line 766]
Event: 6.707 Thread 0x000001e561a693b0 Exception <a 'java/lang/NoSuchMethodError'{0x00000000928453b0}: 'int java.lang.invoke.DirectMethodHandle$Holder.invokeStatic(java.lang.Object)'> (0x00000000928453b0) 
thrown [e:\jenkins\tmp\workspace\build\src\src\hotspot\share\interpreter\linkResolver.cpp, line 766]
Event: 6.708 Thread 0x000001e561a693b0 Exception <a 'java/lang/NoSuchMethodError'{0x0000000092848b40}: 'int java.lang.invoke.DirectMethodHandle$Holder.invokeStaticInit(java.lang.Object)'> (0x0000000092848b40) 
thrown [e:\jenkins\tmp\workspace\build\src\src\hotspot\share\interpreter\linkResolver.cpp, line 766]
Event: 6.725 Thread 0x000001e561bff0c0 Exception <a 'java/lang/NoSuchMethodError'{0x00000000928e64b8}: 'int java.lang.invoke.DirectMethodHandle$Holder.invokeVirtual(java.lang.Object, java.lang.Object)'> (0x00000000928e64b8) 
thrown [e:\jenkins\tmp\workspace\build\src\src\hotspot\share\interpreter\linkResolver.cpp, line 766]
Event: 46.238 Thread 0x000001e5639a23b0 Exception <a 'java/lang/NoSuchMethodError'{0x0000000092754e70}: 'void java.lang.invoke.DirectMethodHandle$Holder.invokeStatic(java.lang.Object, long)'> (0x0000000092754e70) 
thrown [e:\jenkins\tmp\workspace\build\src\src\hotspot\share\interpreter\linkResolver.cpp, line 766]
Event: 46.239 Thread 0x000001e5639a23b0 Exception <a 'java/lang/NoSuchMethodError'{0x000000009275a228}: 'java.lang.Object java.lang.invoke.DirectMethodHandle$Holder.newInvokeSpecial(java.lang.Object, long)'> (0x000000009275a228) 
thrown [e:\jenkins\tmp\workspace\build\src\src\hotspot\share\interpreter\linkResolver.cpp, line 766]
Event: 46.241 Thread 0x000001e5639a23b0 Exception <a 'java/lang/NoSuchMethodError'{0x0000000092760dd0}: 'java.lang.Object java.lang.invoke.DirectMethodHandle$Holder.invokeStatic(java.lang.Object, java.lang.Object, long, java.lang.Object)'> (0x0000000092760dd0) 
thrown [e:\jenkins\tmp\workspace\build\src\src\hotspot\share\interpreter\linkResolver.cpp, line 766]
Event: 46.241 Thread 0x000001e5639a23b0 Exception <a 'java/lang/NoSuchMethodError'{0x00000000927648b8}: 'java.lang.Object java.lang.invoke.DirectMethodHandle$Holder.invokeStaticInit(java.lang.Object, java.lang.Object, long, java.lang.Object)'> (0x00000000927648b8) 
thrown [e:\jenkins\tmp\workspace\build\src\src\hotspot\share\interpreter\linkResolver.cpp, line 766]
Event: 46.242 Thread 0x000001e5639a23b0 Exception <a 'java/lang/NoSuchMethodError'{0x000000009276abe8}: 'java.lang.Object java.lang.invoke.DirectMethodHandle$Holder.newInvokeSpecial(java.lang.Object, java.lang.Object, long)'> (0x000000009276abe8) 
thrown [e:\jenkins\tmp\workspace\build\src\src\hotspot\share\interpreter\linkResolver.cpp, line 766]
Event: 46.242 Thread 0x000001e5639a23b0 Exception <a 'java/lang/NoSuchMethodError'{0x000000009276e798}: 'java.lang.Object java.lang.invoke.Invokers$Holder.linkToTargetMethod(java.lang.Object, long, java.lang.Object)'> (0x000000009276e798) 
thrown [e:\jenkins\tmp\workspace\build\src\src\hotspot\share\interpreter\linkResolver.cpp, line 766]
Event: 577.813 Thread 0x000001e561bff0c0 Exception <a 'java/lang/NoSuchMethodError'{0x0000000096e9e8d8}: 'void java.lang.invoke.DirectMethodHandle$Holder.invokeStatic(java.lang.Object, java.lang.Object, java.lang.Object, java.lang.Object, java.lang.Object, java.lang.Object)'> (0x0000000096e9e8d8) 
thrown [e:\jenkins\tmp\workspace\build\src\src\hotspot\share\interpreter\linkResolver.cpp, line 766]
Event: 606.439 Thread 0x000001e563c0ebd0 Exception <a 'java/lang/NoSuchMethodError'{0x0000000096dead98}: 'java.lang.Object java.lang.invoke.DirectMethodHandle$Holder.invokeSpecial(java.lang.Object, java.lang.Object, int, java.lang.Object, java.lang.Object)'> (0x0000000096dead98) 
thrown [e:\jenkins\tmp\workspace\build\src\src\hotspot\share\interpreter\linkResolver.cpp, line 766]
Event: 2326.085 Thread 0x000001e561bff0c0 Exception <a 'java/lang/NoSuchMethodError'{0x0000000096e897e8}: 'java.lang.Object java.lang.invoke.DirectMethodHandle$Holder.invokeInterface(java.lang.Object, java.lang.Object, java.lang.Object)'> (0x0000000096e897e8) 
thrown [e:\jenkins\tmp\workspace\build\src\src\hotspot\share\interpreter\linkResolver.cpp, line 766]
Event: 2326.174 Thread 0x000001e563c0d3c0 Exception <a 'java/lang/NullPointerException'{0x0000000096b0bda8}> (0x0000000096b0bda8) 
thrown [e:\jenkins\tmp\workspace\build\src\src\hotspot\share\interpreter\linkResolver.cpp, line 1357]
Event: 2486.547 Thread 0x000001e563c0e700 Exception <a 'java/lang/NoSuchMethodError'{0x0000000097b4ad50}: 'java.lang.Object java.lang.invoke.DirectMethodHandle$Holder.invokeStatic(java.lang.Object, java.lang.Object, java.lang.Object, java.lang.Object, int)'> (0x0000000097b4ad50) 
thrown [e:\jenkins\tmp\workspace\build\src\src\hotspot\share\interpreter\linkResolver.cpp, line 766]
Event: 26346.933 Thread 0x000001e5639a23b0 Exception <a 'java/io/IOException'{0x0000000097b00628}: CreateProcess error=1455, The paging file is too small for this operation to complete> (0x0000000097b00628) 
thrown [e:\jenkins\tmp\workspace\build\src\src\hotspot\share\prims\jni.cpp, line 535]

VM Operations (20 events):
Event: 26248.470 Executing VM operation: G1CollectFull done
Event: 26261.899 Executing VM operation: G1CollectFull
Event: 26261.922 Executing VM operation: G1CollectFull done
Event: 26272.172 Executing VM operation: G1CollectFull
Event: 26272.196 Executing VM operation: G1CollectFull done
Event: 26282.924 Executing VM operation: G1CollectFull
Event: 26282.949 Executing VM operation: G1CollectFull done
Event: 26295.014 Executing VM operation: G1CollectFull
Event: 26295.040 Executing VM operation: G1CollectFull done
Event: 26305.298 Executing VM operation: G1CollectFull
Event: 26305.325 Executing VM operation: G1CollectFull done
Event: 26315.993 Executing VM operation: G1CollectFull
Event: 26316.018 Executing VM operation: G1CollectFull done
Event: 26326.245 Executing VM operation: G1CollectFull
Event: 26326.269 Executing VM operation: G1CollectFull done
Event: 26336.880 Executing VM operation: G1CollectFull
Event: 26336.904 Executing VM operation: G1CollectFull done
Event: 26346.950 Executing VM operation: Cleanup
Event: 26346.951 Executing VM operation: Cleanup done
Event: 26357.067 Executing VM operation: G1CollectFull

Events (20 events):
Event: 6781.877 Thread 0x000001e563c0e700 Thread added: 0x000001e563c0e700
Event: 7005.113 Thread 0x000001e561a736e0 Thread added: 0x000001e561a736e0
Event: 7005.113 Thread 0x000001e561a71a00 Thread added: 0x000001e561a71a00
Event: 7005.114 Thread 0x000001e561a6fd20 Thread added: 0x000001e561a6fd20
Event: 7005.166 Thread 0x000001e561a706c0 Thread added: 0x000001e561a706c0
Event: 7065.179 Thread 0x000001e563c0e700 Thread exited: 0x000001e563c0e700
Event: 7065.243 Thread 0x000001e561a736e0 Thread exited: 0x000001e561a736e0
Event: 7065.259 Thread 0x000001e561a71a00 Thread exited: 0x000001e561a71a00
Event: 7065.274 Thread 0x000001e561a6fd20 Thread exited: 0x000001e561a6fd20
Event: 7266.200 Thread 0x000001e561a706c0 Thread exited: 0x000001e561a706c0
Event: 7342.596 Thread 0x000001e563c0e700 Thread added: 0x000001e563c0e700
Event: 7420.491 Thread 0x000001e563c0e700 Thread exited: 0x000001e563c0e700
Event: 7436.184 Thread 0x000001e563c0e700 Thread added: 0x000001e563c0e700
Event: 7480.424 Thread 0x000001e563c4ced0 Thread added: 0x000001e563c4ced0
Event: 7485.456 Thread 0x000001e563c4ced0 Thread exited: 0x000001e563c4ced0
Event: 7541.459 Thread 0x000001e563c0e700 Thread exited: 0x000001e563c0e700
Event: 7553.587 Thread 0x000001e563c0e700 Thread added: 0x000001e563c0e700
Event: 7613.657 Thread 0x000001e563c0e700 Thread exited: 0x000001e563c0e700
Event: 18572.122 Thread 0x000001e563c0e700 Thread added: 0x000001e563c0e700
Event: 18639.393 Thread 0x000001e563c0e700 Thread exited: 0x000001e563c0e700


Dynamic libraries:
0x00007ff6765b0000 - 0x00007ff6765be000 	c:\Users\balis\.vscode\extensions\redhat.java-1.7.0-win32-x64\jre\17.0.3-win32-x86_64\bin\java.exe
0x00007ffca6270000 - 0x00007ffca6465000 	C:\Windows\SYSTEM32\ntdll.dll
0x00007ffca5e20000 - 0x00007ffca5edd000 	C:\Windows\System32\KERNEL32.DLL
0x00007ffca3f40000 - 0x00007ffca420d000 	C:\Windows\System32\KERNELBASE.dll
0x00007ffca3bb0000 - 0x00007ffca3cb0000 	C:\Windows\System32\ucrtbase.dll
0x00007ffc567c0000 - 0x00007ffc567d8000 	c:\Users\balis\.vscode\extensions\redhat.java-1.7.0-win32-x64\jre\17.0.3-win32-x86_64\bin\jli.dll
0x00007ffca46a0000 - 0x00007ffca4840000 	C:\Windows\System32\USER32.dll
0x00007ffca3b80000 - 0x00007ffca3ba2000 	C:\Windows\System32\win32u.dll
0x00007ffca4510000 - 0x00007ffca453a000 	C:\Windows\System32\GDI32.dll
0x00007ffca3d90000 - 0x00007ffca3e9b000 	C:\Windows\System32\gdi32full.dll
0x00007ffca3980000 - 0x00007ffca3a1d000 	C:\Windows\System32\msvcp_win.dll
0x00007ffc4a460000 - 0x00007ffc4a479000 	c:\Users\balis\.vscode\extensions\redhat.java-1.7.0-win32-x64\jre\17.0.3-win32-x86_64\bin\VCRUNTIME140.dll
0x00007ffc856c0000 - 0x00007ffc8595a000 	C:\Windows\WinSxS\amd64_microsoft.windows.common-controls_6595b64144ccf1df_6.0.19041.1110_none_60b5254171f9507e\COMCTL32.dll
0x00007ffca5850000 - 0x00007ffca58ee000 	C:\Windows\System32\msvcrt.dll
0x00007ffca58f0000 - 0x00007ffca5920000 	C:\Windows\System32\IMM32.DLL
0x00007ffc80200000 - 0x00007ffc8020c000 	c:\Users\balis\.vscode\extensions\redhat.java-1.7.0-win32-x64\jre\17.0.3-win32-x86_64\bin\vcruntime140_1.dll
0x00007ffc37910000 - 0x00007ffc379a1000 	c:\Users\balis\.vscode\extensions\redhat.java-1.7.0-win32-x64\jre\17.0.3-win32-x86_64\bin\msvcp140.dll
0x00007ffc36370000 - 0x00007ffc36fb8000 	c:\Users\balis\.vscode\extensions\redhat.java-1.7.0-win32-x64\jre\17.0.3-win32-x86_64\bin\server\jvm.dll
0x00007ffca5fc0000 - 0x00007ffca606e000 	C:\Windows\System32\ADVAPI32.dll
0x00007ffca6080000 - 0x00007ffca611c000 	C:\Windows\System32\sechost.dll
0x00007ffca4560000 - 0x00007ffca4685000 	C:\Windows\System32\RPCRT4.dll
0x00007ffca6070000 - 0x00007ffca6078000 	C:\Windows\System32\PSAPI.DLL
0x00007ffc800f0000 - 0x00007ffc800f9000 	C:\Windows\SYSTEM32\WSOCK32.dll
0x00007ffca5930000 - 0x00007ffca599b000 	C:\Windows\System32\WS2_32.dll
0x00007ffc9b420000 - 0x00007ffc9b447000 	C:\Windows\SYSTEM32\WINMM.dll
0x00007ffc9b470000 - 0x00007ffc9b47a000 	C:\Windows\SYSTEM32\VERSION.dll
0x00007ffca18a0000 - 0x00007ffca18b2000 	C:\Windows\SYSTEM32\kernel.appcore.dll
0x00007ffc7fee0000 - 0x00007ffc7feea000 	c:\Users\balis\.vscode\extensions\redhat.java-1.7.0-win32-x64\jre\17.0.3-win32-x86_64\bin\jimage.dll
0x00007ffc9dd40000 - 0x00007ffc9df24000 	C:\Windows\SYSTEM32\DBGHELP.DLL
0x00007ffc9c780000 - 0x00007ffc9c7ac000 	C:\Windows\SYSTEM32\dbgcore.DLL
0x00007ffca3cb0000 - 0x00007ffca3d32000 	C:\Windows\System32\bcryptPrimitives.dll
0x00007ffc3f390000 - 0x00007ffc3f3b5000 	c:\Users\balis\.vscode\extensions\redhat.java-1.7.0-win32-x64\jre\17.0.3-win32-x86_64\bin\java.dll
0x00007ffc47950000 - 0x00007ffc47968000 	c:\Users\balis\.vscode\extensions\redhat.java-1.7.0-win32-x64\jre\17.0.3-win32-x86_64\bin\zip.dll
0x00007ffca4c70000 - 0x00007ffca53b4000 	C:\Windows\System32\SHELL32.dll
0x00007ffca1aa0000 - 0x00007ffca2234000 	C:\Windows\SYSTEM32\windows.storage.dll
0x00007ffca4910000 - 0x00007ffca4c64000 	C:\Windows\System32\combase.dll
0x00007ffca3310000 - 0x00007ffca333c000 	C:\Windows\SYSTEM32\Wldp.dll
0x00007ffca4400000 - 0x00007ffca44ad000 	C:\Windows\System32\SHCORE.dll
0x00007ffca6120000 - 0x00007ffca6175000 	C:\Windows\System32\shlwapi.dll
0x00007ffca38c0000 - 0x00007ffca38df000 	C:\Windows\SYSTEM32\profapi.dll
0x00007ffc470d0000 - 0x00007ffc470e9000 	C:\Users\balis\.vscode\extensions\redhat.java-1.7.0-win32-x64\jre\17.0.3-win32-x86_64\bin\net.dll
0x00007ffc988b0000 - 0x00007ffc989ba000 	C:\Windows\SYSTEM32\WINHTTP.dll
0x00007ffca3070000 - 0x00007ffca30da000 	C:\Windows\system32\mswsock.dll
0x00007ffc3f300000 - 0x00007ffc3f315000 	C:\Users\balis\.vscode\extensions\redhat.java-1.7.0-win32-x64\jre\17.0.3-win32-x86_64\bin\nio.dll
0x00007ffc7f940000 - 0x00007ffc7f950000 	c:\Users\balis\.vscode\extensions\redhat.java-1.7.0-win32-x64\jre\17.0.3-win32-x86_64\bin\verify.dll
0x00007ffc7fa90000 - 0x00007ffc7fa99000 	C:\Users\balis\.vscode\extensions\redhat.java-1.7.0-win32-x64\jre\17.0.3-win32-x86_64\bin\management.dll
0x00007ffc7f200000 - 0x00007ffc7f20b000 	C:\Users\balis\.vscode\extensions\redhat.java-1.7.0-win32-x64\jre\17.0.3-win32-x86_64\bin\management_ext.dll
0x00007ffc7fc20000 - 0x00007ffc7fc37000 	C:\Windows\system32\napinsp.dll
0x00007ffc7b540000 - 0x00007ffc7b55b000 	C:\Windows\system32\pnrpnsp.dll
0x00007ffc7c060000 - 0x00007ffc7c075000 	C:\Windows\system32\wshbth.dll
0x00007ffc9d820000 - 0x00007ffc9d83d000 	C:\Windows\system32\NLAapi.dll
0x00007ffca2d60000 - 0x00007ffca2d9b000 	C:\Windows\SYSTEM32\IPHLPAPI.DLL
0x00007ffca2da0000 - 0x00007ffca2e6b000 	C:\Windows\SYSTEM32\DNSAPI.dll
0x00007ffca4690000 - 0x00007ffca4698000 	C:\Windows\System32\NSI.dll
0x00007ffc474d0000 - 0x00007ffc474e2000 	C:\Windows\System32\winrnr.dll
0x00007ffc982f0000 - 0x00007ffc982fa000 	C:\Windows\System32\rasadhlp.dll
0x00007ffc98300000 - 0x00007ffc98380000 	C:\Windows\System32\fwpuclnt.dll
0x00007ffca3f10000 - 0x00007ffca3f37000 	C:\Windows\System32\bcrypt.dll
0x00007ffca3260000 - 0x00007ffca3278000 	C:\Windows\SYSTEM32\CRYPTSP.dll
0x00007ffca29f0000 - 0x00007ffca2a24000 	C:\Windows\system32\rsaenh.dll
0x00007ffca3880000 - 0x00007ffca38ae000 	C:\Windows\SYSTEM32\USERENV.dll
0x00007ffca3280000 - 0x00007ffca328c000 	C:\Windows\SYSTEM32\CRYPTBASE.dll
0x00007ffc9db50000 - 0x00007ffc9db67000 	C:\Windows\SYSTEM32\dhcpcsvc6.DLL
0x00007ffc9db30000 - 0x00007ffc9db4d000 	C:\Windows\SYSTEM32\dhcpcsvc.DLL
0x00007ffc82240000 - 0x00007ffc82249000 	C:\Users\balis\.vscode\extensions\redhat.java-1.7.0-win32-x64\jre\17.0.3-win32-x86_64\bin\attach.dll

dbghelp: loaded successfully - version: 4.0.5 - missing functions: none
symbol engine: initialized successfully - sym options: 0x614 - pdb path: .;c:\Users\balis\.vscode\extensions\redhat.java-1.7.0-win32-x64\jre\17.0.3-win32-x86_64\bin;C:\Windows\SYSTEM32;C:\Windows\WinSxS\amd64_microsoft.windows.common-controls_6595b64144ccf1df_6.0.19041.1110_none_60b5254171f9507e;c:\Users\balis\.vscode\extensions\redhat.java-1.7.0-win32-x64\jre\17.0.3-win32-x86_64\bin\server

VM Arguments:
jvm_args: -Dsts.lsp.client=vscode -Dsts.log.file=/dev/null -XX:TieredStopAtLevel=1 -Dspring.config.location=file:c:\Users\balis\.vscode\extensions\pivotal.vscode-spring-boot-1.33.0\language-server\BOOT-INF\classes\application.properties 
java_command: org.springframework.ide.vscode.boot.app.BootLanguageServerBootApp
java_class_path (initial): c:\Users\balis\.vscode\extensions\pivotal.vscode-spring-boot-1.33.0\language-server\BOOT-INF\classes;c:\Users\balis\.vscode\extensions\pivotal.vscode-spring-boot-1.33.0\language-server\BOOT-INF\lib\antlr4-runtime-4.5.3.jar;c:\Users\balis\.vscode\extensions\pivotal.vscode-spring-boot-1.33.0\language-server\BOOT-INF\lib\byte-buddy-1.10.18.jar;c:\Users\balis\.vscode\extensions\pivotal.vscode-spring-boot-1.33.0\language-server\BOOT-INF\lib\commons-codec-1.14.jar;c:\Users\balis\.vscode\extensions\pivotal.vscode-spring-boot-1.33.0\language-server\BOOT-INF\lib\commons-io-2.4.jar;c:\Users\balis\.vscode\extensions\pivotal.vscode-spring-boot-1.33.0\language-server\BOOT-INF\lib\commons-java-1.33.0-SNAPSHOT.jar;c:\Users\balis\.vscode\extensions\pivotal.vscode-spring-boot-1.33.0\language-server\BOOT-INF\lib\commons-lang3-3.10.jar;c:\Users\balis\.vscode\extensions\pivotal.vscode-spring-boot-1.33.0\language-server\BOOT-INF\lib\commons-language-server-1.33.0-SNAPSHOT.jar;c:\Users\balis\.vscode\extensions\pivotal.vscode-spring-boot-1.33.0\language-server\BOOT-INF\lib\commons-lsp-extensions-1.33.0-SNAPSHOT.jar;c:\Users\balis\.vscode\extensions\pivotal.vscode-spring-boot-1.33.0\language-server\BOOT-INF\lib\commons-util-1.33.0-SNAPSHOT.jar;c:\Users\balis\.vscode\extensions\pivotal.vscode-spring-boot-1.33.0\language-server\BOOT-INF\lib\commons-yaml-1.33.0-SNAPSHOT.jar;c:\Users\balis\.vscode\extensions\pivotal.vscode-spring-boot-1.33.0\language-server\BOOT-INF\lib\gson-2.8.6.jar;c:\Users\balis\.vscode\extensions\pivotal.vscode-spring-boot-1.33.0\language-server\BOOT-INF\lib\guava-19.0.jar;c:\Users\balis\.vscode\extensions\pivotal.vscode-spring-boot-1.33.0\language-server\BOOT-INF\lib\jakarta.annotation-api-1.3.5.jar;c:\Users\balis\.vscode\extensions\pivotal.vscode-spring-boot-1.33.0\language-server\BOOT-INF\lib\jandex-2.0.5.Final.jar;c:\Users\balis\.vscode\extensions\pivotal.vscode-spring-boot-1.33.0\language-server\BOOT-INF\lib\java-properties-1.33.0-SNAPSHO
Launcher Type: SUN_STANDARD

[Global flags]
     intx CICompilerCount                          = 3                                         {product} {ergonomic}
     uint ConcGCThreads                            = 1                                         {product} {ergonomic}
     uint G1ConcRefinementThreads                  = 4                                         {product} {ergonomic}
   size_t G1HeapRegionSize                         = 1048576                                   {product} {ergonomic}
    uintx GCDrainStackTargetSize                   = 64                                        {product} {ergonomic}
   size_t InitialHeapSize                          = 117440512                                 {product} {ergonomic}
   size_t MarkStackSize                            = 4194304                                   {product} {ergonomic}
   size_t MaxHeapSize                              = 1866465280                                {product} {ergonomic}
   size_t MaxNewSize                               = 1119879168                                {product} {ergonomic}
   size_t MinHeapDeltaBytes                        = 1048576                                   {product} {ergonomic}
   size_t MinHeapSize                              = 8388608                                   {product} {ergonomic}
    uintx NonProfiledCodeHeapSize                  = 0                                      {pd product} {ergonomic}
     bool ProfileInterpreter                       = false                                  {pd product} {command line}
    uintx ProfiledCodeHeapSize                     = 0                                      {pd product} {ergonomic}
   size_t SoftMaxHeapSize                          = 1866465280                             {manageable} {ergonomic}
     intx TieredStopAtLevel                        = 1                                         {product} {command line}
     bool UseCompressedClassPointers               = true                           {product lp64_product} {ergonomic}
     bool UseCompressedOops                        = true                           {product lp64_product} {ergonomic}
     bool UseG1GC                                  = true                                      {product} {ergonomic}
     bool UseLargePagesIndividualAllocation        = false                                  {pd product} {ergonomic}

Logging:
Log output configuration:
 #0: stdout all=warning uptime,level,tags
 #1: stderr all=off uptime,level,tags

Environment Variables:
JAVA_HOME=C:\Program Files\Java\jdk-11.0.15
PATH=C:\Program Files\Java\jdk-11.0.15\bin;C:\Program Files\Common Files\Oracle\Java\javapath;%CATALINA_HOME%\bin;D:\Python\Scripts\;D:\Python\;C:\Windows\system32;C:\Windows;C:\Windows\System32\Wbem;C:\Windows\System32\WindowsPowerShell\v1.0\;C:\Windows\System32\OpenSSH\;D:\Git\cmd;C:\Program Files\dotnet\;C:\ProgramData\chocolatey\bin;C:\Program Files (x86)\Microsoft SQL Server\150\Tools\Binn\;C:\Program Files\Microsoft SQL Server\150\Tools\Binn\;C:\Program Files (x86)\Microsoft SQL Server\150\DTS\Binn\;C:\Program Files\Microsoft SQL Server\150\DTS\Binn\;C:\Program Files\Microsoft SQL Server\Client SDK\ODBC\170\Tools\Binn\;C:\Program Files\nodejs\;C:\Users\balis\AppData\Local\Microsoft\WindowsApps;D:\Microsoft VS Code\bin;C:\Program Files\Azure Data Studio\bin;C:\Users\balis\.dotnet\tools;C:\Users\balis\AppData\Local\GitHubDesktop\bin;C:\Users\balis\.dotnet\tools;D:\IntelliJ IDEA 2021.3.2\bin;;C:\Program Files\heroku\bin;C:\Users\balis\AppData\Roaming\npm;D:\Azure Data Studio\bin
USERNAME=balis
OS=Windows_NT
PROCESSOR_IDENTIFIER=AMD64 Family 23 Model 17 Stepping 0, AuthenticAMD



---------------  S Y S T E M  ---------------

OS:
 Windows 10 , 64 bit Build 19041 (10.0.19041.1706)
OS uptime: 11 days 2:26 hours

CPU: total 4 (initial active 4) (4 cores per cpu, 2 threads per core) family 23 model 17 stepping 0 microcode 0x0, cx8, cmov, fxsr, ht, mmx, 3dnowpref, sse, sse2, sse3, ssse3, sse4a, sse4.1, sse4.2, popcnt, lzcnt, tsc, tscinvbit, avx, avx2, aes, clmul, bmi1, bmi2, adx, sha, fma, vzeroupper, clflush, clflushopt

Memory: 4k page, system-wide physical 7116M (1013M free)
TotalPageFile size 19928M (AvailPageFile size 3M)
current process WorkingSet (physical memory assigned to process): 37M, peak: 114M
current process commit charge ("private bytes"): 148M, peak: 204M

vm_info: OpenJDK 64-Bit Server VM (17.0.3+7) for windows-amd64 JRE (17.0.3+7), built on Apr 19 2022 16:55:35 by "" with MS VC++ 16.7 (VS2019)

END.
